 ******* Program HYDRUS
 ******* 
 Welcome to HYDRUS-1D                                                    
 Date:   5.11.2022    Time:   9:39:43
 Units: L = cm   , T = days , M = mmol 

----------------------------------------------------------
 Time       [T]        0.0000
----------------------------------------------------------
 Sub-region num.                     1
----------------------------------------------------------
 Length   [L]        0.15000E+03  0.15000E+03
 W-volume [L]        0.44262E+02  0.44262E+02
 In-flow  [L/T]      0.00000E+00  0.00000E+00
 h Mean   [L]       -0.50000E+02 -0.50000E+02
 Top Flux [L/T]     -0.61987E-01
 Bot Flux [L/T]     -0.27531E+02
----------------------------------------------------------

----------------------------------------------------------
 Time       [T]      273.0000
----------------------------------------------------------
 Sub-region num.                     1
----------------------------------------------------------
 Length   [L]        0.15000E+03  0.15000E+03
 W-volume [L]        0.41537E+02  0.41537E+02
 In-flow  [L/T]      0.68804E+00  0.68804E+00
 h Mean   [L]       -0.63694E+02 -0.63694E+02
 Top Flux [L/T]     -0.10380E+01
 Bot Flux [L/T]     -0.15689E+00
 WatBalT  [L]        0.18117E+01
 WatBalR  [%]              0.722
----------------------------------------------------------
 
 Calculation time [sec]  0.140000015497208     
