 ************************************************************************
 *                                                                      *
 *                                                                      *
 *Welcome to HYDRUS-1D                                                  *
 *                                                                      *
 *                                                                      *
 ************************************************************************


 Program parameters
 ==================
 Max. iterations.....................(MIT)...............  0
 No. of observations.................(NOBb)............. 366


 Soil hydraulic properties
 =========================
 Residual moisture content...........(WCR)............     0.032
 Saturated moisture content..........(WCS)............     0.390
 First coefficient...................(ALPHA)..........     0.033
 Second coefficient..................(N)..............     1.450
 Saturated conductivity..............(CONDS).......... .9871E+02
 Pore connectivity factor............(L)..............     0.500


 Observed Quantity 
 ==================
    Obs     Time    Quantity     Type  Position   Weight
     1     91.000      0.265       2     0      1.000000
     2     91.000    -17.989       0     2      1.000000
     3     92.000      0.264       2     0      1.000000
     4     92.000    -18.049       0     2      1.000000
     5     93.000      0.261       2     0      1.000000
     6     93.000    -18.075       0     2      1.000000
     7     94.000      0.259       2     0      1.000000
     8     94.000    -18.086       0     2      1.000000
     9     95.000      0.275       2     0      1.000000
    10     95.000    -18.088       0     2      1.000000
    11     96.000      0.284       2     0      1.000000
    12     96.000    -18.087       0     2      1.000000
    13     97.000      0.280       2     0      1.000000
    14     97.000    -18.095       0     2      1.000000
    15     98.000      0.292       2     0      1.000000
    16     98.000    -18.156       0     2      1.000000
    17     99.000      0.293       2     0      1.000000
    18     99.000    -18.388       0     2      1.000000
    19    100.000      0.293       2     0      1.000000
    20    100.000    -18.751       0     2      1.000000
    21    101.000      0.290       2     0      1.000000
    22    101.000    -19.244       0     2      1.000000
    23    102.000      0.284       2     0      1.000000
    24    102.000    -19.708       0     2      1.000000
    25    103.000      0.281       2     0      1.000000
    26    103.000    -20.098       0     2      1.000000
    27    104.000      0.286       2     0      1.000000
    28    104.000    -20.414       0     2      1.000000
    29    105.000      0.282       2     0      1.000000
    30    105.000    -20.703       0     2      1.000000
    31    106.000      0.282       2     0      1.000000
    32    106.000    -20.945       0     2      1.000000
    33    107.000      0.276       2     0      1.000000
    34    107.000    -21.171       0     2      1.000000
    35    108.000      0.279       2     0      1.000000
    36    108.000    -21.407       0     2      1.000000
    37    109.000      0.279       2     0      1.000000
    38    109.000    -21.557       0     2      1.000000
    39    110.000      0.275       2     0      1.000000
    40    110.000    -21.731       0     2      1.000000
    41    111.000      0.272       2     0      1.000000
    42    111.000    -21.844       0     2      1.000000
    43    112.000      0.268       2     0      1.000000
    44    112.000    -21.934       0     2      1.000000
    45    113.000      0.264       2     0      1.000000
    46    113.000    -22.015       0     2      1.000000
    47    114.000      0.264       2     0      1.000000
    48    114.000    -22.045       0     2      1.000000
    49    115.000      0.259       2     0      1.000000
    50    115.000    -22.064       0     2      1.000000
    51    116.000      0.258       2     0      1.000000
    52    116.000    -22.035       0     2      1.000000
    53    117.000      0.260       2     0      1.000000
    54    117.000    -22.050       0     2      1.000000
    55    118.000      0.258       2     0      1.000000
    56    118.000    -22.046       0     2      1.000000
    57    119.000      0.263       2     0      1.000000
    58    119.000    -22.054       0     2      1.000000
    59    120.000      0.261       2     0      1.000000
    60    120.000    -22.056       0     2      1.000000
    61    121.000      0.258       2     0      1.000000
    62    121.000    -22.068       0     2      1.000000
    63    122.000      0.258       2     0      1.000000
    64    122.000    -22.055       0     2      1.000000
    65    123.000      0.271       2     0      1.000000
    66    123.000    -22.060       0     2      1.000000
    67    124.000      0.270       2     0      1.000000
    68    124.000    -22.043       0     2      1.000000
    69    125.000      0.266       2     0      1.000000
    70    125.000    -22.041       0     2      1.000000
    71    126.000      0.263       2     0      1.000000
    72    126.000    -22.037       0     2      1.000000
    73    127.000      0.268       2     0      1.000000
    74    127.000    -22.044       0     2      1.000000
    75    128.000      0.269       2     0      1.000000
    76    128.000    -22.058       0     2      1.000000
    77    129.000      0.271       2     0      1.000000
    78    129.000    -22.063       0     2      1.000000
    79    130.000      0.273       2     0      1.000000
    80    130.000    -22.044       0     2      1.000000
    81    131.000      0.279       2     0      1.000000
    82    131.000    -22.048       0     2      1.000000
    83    132.000      0.284       2     0      1.000000
    84    132.000    -22.070       0     2      1.000000
    85    133.000      0.291       2     0      1.000000
    86    133.000    -22.048       0     2      1.000000
    87    134.000      0.292       2     0      1.000000
    88    134.000    -22.234       0     2      1.000000
    89    135.000      0.290       2     0      1.000000
    90    135.000    -22.657       0     2      1.000000
    91    136.000      0.301       2     0      1.000000
    92    136.000    -23.133       0     2      1.000000
    93    137.000      0.312       2     0      1.000000
    94    137.000    -23.795       0     2      1.000000
    95    138.000      0.303       2     0      1.000000
    96    138.000    -24.923       0     2      1.000000
    97    139.000      0.293       2     0      1.000000
    98    139.000    -25.949       0     2      1.000000
    99    140.000      0.283       2     0      1.000000
   100    140.000    -26.721       0     2      1.000000
   101    141.000      0.274       2     0      1.000000
   102    141.000    -27.237       0     2      1.000000
   103    142.000      0.268       2     0      1.000000
   104    142.000    -27.572       0     2      1.000000
   105    143.000      0.264       2     0      1.000000
   106    143.000    -27.820       0     2      1.000000
   107    144.000      0.261       2     0      1.000000
   108    144.000    -27.964       0     2      1.000000
   109    145.000      0.260       2     0      1.000000
   110    145.000    -28.042       0     2      1.000000
   111    146.000      0.266       2     0      1.000000
   112    146.000    -28.060       0     2      1.000000
   113    147.000      0.306       2     0      1.000000
   114    147.000    -28.061       0     2      1.000000
   115    148.000      0.317       2     0      1.000000
   116    148.000    -28.427       0     2      1.000000
   117    149.000      0.320       2     0      1.000000
   118    149.000    -30.055       0     2      1.000000
   119    150.000      0.307       2     0      1.000000
   120    150.000    -32.061       0     2      1.000000
   121    151.000      0.296       2     0      1.000000
   122    151.000    -33.507       0     2      1.000000
   123    152.000      0.290       2     0      1.000000
   124    152.000    -34.409       0     2      1.000000
   125    153.000      0.280       2     0      1.000000
   126    153.000    -34.994       0     2      1.000000
   127    154.000      0.275       2     0      1.000000
   128    154.000    -35.388       0     2      1.000000
   129    155.000      0.279       2     0      1.000000
   130    155.000    -35.718       0     2      1.000000
   131    156.000      0.274       2     0      1.000000
   132    156.000    -35.891       0     2      1.000000
   133    157.000      0.271       2     0      1.000000
   134    157.000    -36.021       0     2      1.000000
   135    158.000      0.263       2     0      1.000000
   136    158.000    -36.136       0     2      1.000000
   137    159.000      0.258       2     0      1.000000
   138    159.000    -36.225       0     2      1.000000
   139    160.000      0.256       2     0      1.000000
   140    160.000    -36.245       0     2      1.000000
   141    161.000      0.253       2     0      1.000000
   142    161.000    -36.264       0     2      1.000000
   143    162.000      0.254       2     0      1.000000
   144    162.000    -36.277       0     2      1.000000
   145    163.000      0.251       2     0      1.000000
   146    163.000    -36.264       0     2      1.000000
   147    164.000      0.249       2     0      1.000000
   148    164.000    -36.259       0     2      1.000000
   149    165.000      0.248       2     0      1.000000
   150    165.000    -36.267       0     2      1.000000
   151    166.000      0.248       2     0      1.000000
   152    166.000    -36.259       0     2      1.000000
   153    167.000      0.245       2     0      1.000000
   154    167.000    -36.266       0     2      1.000000
   155    168.000      0.243       2     0      1.000000
   156    168.000    -36.271       0     2      1.000000
   157    169.000      0.245       2     0      1.000000
   158    169.000    -36.279       0     2      1.000000
   159    170.000      0.243       2     0      1.000000
   160    170.000    -36.268       0     2      1.000000
   161    171.000      0.249       2     0      1.000000
   162    171.000    -36.265       0     2      1.000000
   163    172.000      0.245       2     0      1.000000
   164    172.000    -36.258       0     2      1.000000
   165    173.000      0.243       2     0      1.000000
   166    173.000    -36.268       0     2      1.000000
   167    174.000      0.242       2     0      1.000000
   168    174.000    -36.262       0     2      1.000000
   169    175.000      0.241       2     0      1.000000
   170    175.000    -36.277       0     2      1.000000
   171    176.000      0.242       2     0      1.000000
   172    176.000    -36.275       0     2      1.000000
   173    177.000      0.237       2     0      1.000000
   174    177.000    -36.268       0     2      1.000000
   175    178.000      0.235       2     0      1.000000
   176    178.000    -36.278       0     2      1.000000
   177    179.000      0.237       2     0      1.000000
   178    179.000    -36.259       0     2      1.000000
   179    180.000      0.253       2     0      1.000000
   180    180.000    -36.262       0     2      1.000000
   181    181.000      0.258       2     0      1.000000
   182    181.000    -36.264       0     2      1.000000
   183    182.000      0.254       2     0      1.000000
   184    182.000    -36.264       0     2      1.000000
   185    183.000      0.260       2     0      1.000000
   186    183.000    -36.247       0     2      1.000000
   187    184.000      0.254       2     0      1.000000
   188    184.000    -36.272       0     2      1.000000
   189    185.000      0.254       2     0      1.000000
   190    185.000    -36.289       0     2      1.000000
   191    186.000      0.250       2     0      1.000000
   192    186.000    -36.265       0     2      1.000000
   193    187.000      0.245       2     0      1.000000
   194    187.000    -36.268       0     2      1.000000
   195    188.000      0.246       2     0      1.000000
   196    188.000    -36.272       0     2      1.000000
   197    189.000      0.264       2     0      1.000000
   198    189.000    -36.277       0     2      1.000000
   199    190.000      0.268       2     0      1.000000
   200    190.000    -36.271       0     2      1.000000
   201    191.000      0.272       2     0      1.000000
   202    191.000    -36.265       0     2      1.000000
   203    192.000      0.275       2     0      1.000000
   204    192.000    -36.272       0     2      1.000000
   205    193.000      0.273       2     0      1.000000
   206    193.000    -36.243       0     2      1.000000
   207    194.000      0.270       2     0      1.000000
   208    194.000    -36.277       0     2      1.000000
   209    195.000      0.273       2     0      1.000000
   210    195.000    -36.275       0     2      1.000000
   211    196.000      0.269       2     0      1.000000
   212    196.000    -36.290       0     2      1.000000
   213    197.000      0.265       2     0      1.000000
   214    197.000    -36.264       0     2      1.000000
   215    198.000      0.265       2     0      1.000000
   216    198.000    -36.287       0     2      1.000000
   217    199.000      0.260       2     0      1.000000
   218    199.000    -36.272       0     2      1.000000
   219    200.000      0.256       2     0      1.000000
   220    200.000    -36.270       0     2      1.000000
   221    201.000      0.256       2     0      1.000000
   222    201.000    -36.274       0     2      1.000000
   223    202.000      0.265       2     0      1.000000
   224    202.000    -36.250       0     2      1.000000
   225    203.000      0.272       2     0      1.000000
   226    203.000    -36.257       0     2      1.000000
   227    204.000      0.272       2     0      1.000000
   228    204.000    -36.254       0     2      1.000000
   229    205.000      0.268       2     0      1.000000
   230    205.000    -36.276       0     2      1.000000
   231    206.000      0.261       2     0      1.000000
   232    206.000    -36.256       0     2      1.000000
   233    207.000      0.259       2     0      1.000000
   234    207.000    -36.262       0     2      1.000000
   235    208.000      0.256       2     0      1.000000
   236    208.000    -36.259       0     2      1.000000
   237    209.000      0.255       2     0      1.000000
   238    209.000    -36.257       0     2      1.000000
   239    210.000      0.277       2     0      1.000000
   240    210.000    -36.276       0     2      1.000000
   241    211.000      0.312       2     0      1.000000
   242    211.000    -36.271       0     2      1.000000
   243    212.000      0.320       2     0      1.000000
   244    212.000    -36.863       0     2      1.000000
   245    213.000      0.304       2     0      1.000000
   246    213.000    -38.748       0     2      1.000000
   247    214.000      0.297       2     0      1.000000
   248    214.000    -40.062       0     2      1.000000
   249    215.000      0.339       2     0      1.000000
   250    215.000    -41.102       0     2      1.000000
   251    216.000      0.316       2     0      1.000000
   252    216.000    -44.706       0     2      1.000000
   253    217.000      0.312       2     0      1.000000
   254    217.000    -46.866       0     2      1.000000
   255    218.000      0.300       2     0      1.000000
   256    218.000    -48.302       0     2      1.000000
   257    219.000      0.292       2     0      1.000000
   258    219.000    -49.285       0     2      1.000000
   259    220.000      0.282       2     0      1.000000
   260    220.000    -49.942       0     2      1.000000
   261    221.000      0.275       2     0      1.000000
   262    221.000    -50.394       0     2      1.000000
   263    222.000      0.270       2     0      1.000000
   264    222.000    -50.660       0     2      1.000000
   265    223.000      0.281       2     0      1.000000
   266    223.000    -50.909       0     2      1.000000
   267    224.000      0.284       2     0      1.000000
   268    224.000    -51.057       0     2      1.000000
   269    225.000      0.287       2     0      1.000000
   270    225.000    -51.194       0     2      1.000000
   271    226.000      0.286       2     0      1.000000
   272    226.000    -51.425       0     2      1.000000
   273    227.000      0.284       2     0      1.000000
   274    227.000    -51.728       0     2      1.000000
   275    228.000      0.283       2     0      1.000000
   276    228.000    -52.049       0     2      1.000000
   277    229.000      0.277       2     0      1.000000
   278    229.000    -52.341       0     2      1.000000
   279    230.000      0.273       2     0      1.000000
   280    230.000    -52.562       0     2      1.000000
   281    231.000      0.268       2     0      1.000000
   282    231.000    -52.753       0     2      1.000000
   283    232.000      0.271       2     0      1.000000
   284    232.000    -52.889       0     2      1.000000
   285    233.000      0.268       2     0      1.000000
   286    233.000    -52.977       0     2      1.000000
   287    234.000      0.267       2     0      1.000000
   288    234.000    -53.037       0     2      1.000000
   289    235.000      0.271       2     0      1.000000
   290    235.000    -53.071       0     2      1.000000
   291    236.000      0.273       2     0      1.000000
   292    236.000    -53.084       0     2      1.000000
   293    237.000      0.271       2     0      1.000000
   294    237.000    -53.072       0     2      1.000000
   295    238.000      0.269       2     0      1.000000
   296    238.000    -53.097       0     2      1.000000
   297    239.000      0.280       2     0      1.000000
   298    239.000    -53.119       0     2      1.000000
   299    240.000      0.277       2     0      1.000000
   300    240.000    -53.184       0     2      1.000000
   301    241.000      0.284       2     0      1.000000
   302    241.000    -53.261       0     2      1.000000
   303    242.000      0.293       2     0      1.000000
   304    242.000    -53.378       0     2      1.000000
   305    243.000      0.308       2     0      1.000000
   306    243.000    -53.658       0     2      1.000000
   307    244.000      0.316       2     0      1.000000
   308    244.000    -54.565       0     2      1.000000
   309    245.000      0.314       2     0      1.000000
   310    245.000    -56.136       0     2      1.000000
   311    246.000      0.300       2     0      1.000000
   312    246.000    -57.707       0     2      1.000000
   313    247.000      0.292       2     0      1.000000
   314    247.000    -58.774       0     2      1.000000
   315    248.000      0.285       2     0      1.000000
   316    248.000    -59.519       0     2      1.000000
   317    249.000      0.277       2     0      1.000000
   318    249.000    -59.976       0     2      1.000000
   319    250.000      0.271       2     0      1.000000
   320    250.000    -60.294       0     2      1.000000
   321    251.000      0.268       2     0      1.000000
   322    251.000    -60.496       0     2      1.000000
   323    252.000      0.280       2     0      1.000000
   324    252.000    -60.651       0     2      1.000000
   325    253.000      0.279       2     0      1.000000
   326    253.000    -60.765       0     2      1.000000
   327    254.000      0.284       2     0      1.000000
   328    254.000    -60.848       0     2      1.000000
   329    255.000      0.285       2     0      1.000000
   330    255.000    -60.985       0     2      1.000000
   331    256.000      0.308       2     0      1.000000
   332    256.000    -61.236       0     2      1.000000
   333    257.000      0.310       2     0      1.000000
   334    257.000    -61.836       0     2      1.000000
   335    258.000      0.298       2     0      1.000000
   336    258.000    -63.102       0     2      1.000000
   337    259.000      0.289       2     0      1.000000
   338    259.000    -64.054       0     2      1.000000
   339    260.000      0.285       2     0      1.000000
   340    260.000    -64.725       0     2      1.000000
   341    261.000      0.278       2     0      1.000000
   342    261.000    -65.173       0     2      1.000000
   343    262.000      0.274       2     0      1.000000
   344    262.000    -65.496       0     2      1.000000
   345    263.000      0.283       2     0      1.000000
   346    263.000    -65.741       0     2      1.000000
   347    264.000      0.291       2     0      1.000000
   348    264.000    -65.918       0     2      1.000000
   349    265.000      0.292       2     0      1.000000
   350    265.000    -66.146       0     2      1.000000
   351    266.000      0.290       2     0      1.000000
   352    266.000    -66.559       0     2      1.000000
   353    267.000      0.292       2     0      1.000000
   354    267.000    -67.046       0     2      1.000000
   355    268.000      0.289       2     0      1.000000
   356    268.000    -67.504       0     2      1.000000
   357    269.000      0.285       2     0      1.000000
   358    269.000    -67.948       0     2      1.000000
   359    270.000      0.281       2     0      1.000000
   360    270.000    -68.316       0     2      1.000000
   361    271.000      0.277       2     0      1.000000
   362    271.000    -68.606       0     2      1.000000
   363    272.000      0.270       2     0      1.000000
   364    272.000    -68.862       0     2      1.000000
   365    273.000      0.279       2     0      1.000000
   366    273.000    -69.047       0     2      1.000000



 Parameter estimation with the  1. initial estimate
 ==================================================

 Iteration     SSQ         WCR         WCS         ALPHA       N           CONDS 
      0   0.1942D-01  0.3200E-01  0.3900E+00  0.3300E-01  0.1450E+01  0.9871E+02


 Contributions to the final objective function

 Measurement Set   0:   0.1924E-01
 Measurement Set   2:   0.1779E-03

 RSQUARE for regression of predicted vs observed =1.00000

 Mean Weighted Error, ME               : -0.4908E-03
 Mean Weighted Absolute Error, MAE     :  0.4451E-02
 Root Mean Square Weighted Error, RMSE :  0.7294E-02


 Akaike Information Criterion, AIC     : -0.3593E+04
 Bayesian Information Criterion, BIC   : -0.3573E+04



------------Observed & Fitted Quantity -----------------------------
                                                   Resi-
    No     Time           Obs        Fitted        dual   Type  Position
    2     91.000     -17.98860    -17.99194      0.00334     0     2
    4     92.000     -18.04920    -18.04935      0.00015     0     2
    6     93.000     -18.07540    -18.07659      0.00119     0     2
    8     94.000     -18.08590    -18.08420     -0.00170     0     2
   10     95.000     -18.08790    -18.08425     -0.00365     0     2
   12     96.000     -18.08670    -18.08425     -0.00245     0     2
   14     97.000     -18.09530    -18.08425     -0.01105     0     2
   16     98.000     -18.15620    -18.15945      0.00325     0     2
   18     99.000     -18.38790    -18.37768     -0.01022     0     2
   20    100.000     -18.75060    -18.75875      0.00815     0     2
   22    101.000     -19.24450    -19.24185     -0.00265     0     2
   24    102.000     -19.70850    -19.70938      0.00088     0     2
   26    103.000     -20.09810    -20.10312      0.00501     0     2
   28    104.000     -20.41360    -20.41966      0.00606     0     2
   30    105.000     -20.70270    -20.68675     -0.01595     0     2
   32    106.000     -20.94510    -20.94299     -0.00212     0     2
   34    107.000     -21.17120    -21.18032      0.00912     0     2
   36    108.000     -21.40700    -21.38998     -0.01702     0     2
   38    109.000     -21.55710    -21.56146      0.00436     0     2
   40    110.000     -21.73060    -21.70797     -0.02263     0     2
   42    111.000     -21.84420    -21.83418     -0.01002     0     2
   44    112.000     -21.93360    -21.93443      0.00083     0     2
   46    113.000     -22.01460    -21.99845     -0.01615     0     2
   48    114.000     -22.04490    -22.03547     -0.00943     0     2
   50    115.000     -22.06370    -22.04869     -0.01501     0     2
   52    116.000     -22.03550    -22.05175      0.01625     0     2
   54    117.000     -22.05040    -22.05175      0.00135     0     2
   56    118.000     -22.04630    -22.05174      0.00544     0     2
   58    119.000     -22.05420    -22.05174     -0.00245     0     2
   60    120.000     -22.05550    -22.05174     -0.00376     0     2
   62    121.000     -22.06820    -22.05174     -0.01645     0     2
   64    122.000     -22.05490    -22.05174     -0.00315     0     2
   66    123.000     -22.05960    -22.05174     -0.00786     0     2
   68    124.000     -22.04340    -22.05174      0.00834     0     2
   70    125.000     -22.04060    -22.05175      0.01115     0     2
   72    126.000     -22.03730    -22.05174      0.01444     0     2
   74    127.000     -22.04350    -22.05174      0.00824     0     2
   76    128.000     -22.05800    -22.05174     -0.00626     0     2
   78    129.000     -22.06320    -22.05174     -0.01146     0     2
   80    130.000     -22.04430    -22.05174      0.00744     0     2
   82    131.000     -22.04840    -22.05174      0.00334     0     2
   84    132.000     -22.06970    -22.05174     -0.01796     0     2
   86    133.000     -22.04840    -22.05174      0.00334     0     2
   88    134.000     -22.23390    -22.24187      0.00797     0     2
   90    135.000     -22.65740    -22.65820      0.00080     0     2
   92    136.000     -23.13290    -23.13097     -0.00193     0     2
   94    137.000     -23.79510    -23.78664     -0.00846     0     2
   96    138.000     -24.92250    -24.90790     -0.01460     0     2
   98    139.000     -25.94900    -25.95737      0.00837     0     2
  100    140.000     -26.72110    -26.71765     -0.00345     0     2
  102    141.000     -27.23730    -27.23468     -0.00262     0     2
  104    142.000     -27.57170    -27.58946      0.01776     0     2
  106    143.000     -27.82020    -27.82731      0.00711     0     2
  108    144.000     -27.96430    -27.96828      0.00398     0     2
  110    145.000     -28.04160    -28.04287      0.00127     0     2
  112    146.000     -28.05980    -28.07497      0.01517     0     2
  114    147.000     -28.06080    -28.07766      0.01686     0     2
  116    148.000     -28.42670    -28.43638      0.00968     0     2
  118    149.000     -30.05520    -30.06143      0.00623     0     2
  120    150.000     -32.06090    -32.04031     -0.02059     0     2
  122    151.000     -33.50680    -33.50784      0.00104     0     2
  124    152.000     -34.40930    -34.40807     -0.00124     0     2
  126    153.000     -34.99410    -34.99470      0.00060     0     2
  128    154.000     -35.38760    -35.39698      0.00938     0     2
  130    155.000     -35.71840    -35.69115     -0.02724     0     2
  132    156.000     -35.89070    -35.88497     -0.00573     0     2
  134    157.000     -36.02130    -36.02370      0.00240     0     2
  136    158.000     -36.13570    -36.13141     -0.00429     0     2
  138    159.000     -36.22520    -36.21122     -0.01398     0     2
  140    160.000     -36.24530    -36.25378      0.00848     0     2
  142    161.000     -36.26420    -36.26663      0.00243     0     2
  144    162.000     -36.27670    -36.26663     -0.01007     0     2
  146    163.000     -36.26390    -36.26663      0.00273     0     2
  148    164.000     -36.25880    -36.26663      0.00783     0     2
  150    165.000     -36.26690    -36.26663     -0.00027     0     2
  152    166.000     -36.25900    -36.26663      0.00763     0     2
  154    167.000     -36.26620    -36.26663      0.00043     0     2
  156    168.000     -36.27100    -36.26663     -0.00437     0     2
  158    169.000     -36.27860    -36.26663     -0.01197     0     2
  160    170.000     -36.26790    -36.26663     -0.00127     0     2
  162    171.000     -36.26510    -36.26663      0.00153     0     2
  164    172.000     -36.25820    -36.26663      0.00843     0     2
  166    173.000     -36.26820    -36.26663     -0.00157     0     2
  168    174.000     -36.26240    -36.26663      0.00423     0     2
  170    175.000     -36.27660    -36.26663     -0.00997     0     2
  172    176.000     -36.27480    -36.26663     -0.00817     0     2
  174    177.000     -36.26810    -36.26663     -0.00147     0     2
  176    178.000     -36.27750    -36.26663     -0.01087     0     2
  178    179.000     -36.25880    -36.26663      0.00783     0     2
  180    180.000     -36.26240    -36.26663      0.00423     0     2
  182    181.000     -36.26420    -36.26663      0.00243     0     2
  184    182.000     -36.26360    -36.26663      0.00303     0     2
  186    183.000     -36.24680    -36.26663      0.01983     0     2
  188    184.000     -36.27170    -36.26663     -0.00507     0     2
  190    185.000     -36.28900    -36.26663     -0.02237     0     2
  192    186.000     -36.26500    -36.26663      0.00163     0     2
  194    187.000     -36.26750    -36.26663     -0.00087     0     2
  196    188.000     -36.27220    -36.26663     -0.00557     0     2
  198    189.000     -36.27680    -36.26663     -0.01017     0     2
  200    190.000     -36.27140    -36.26663     -0.00477     0     2
  202    191.000     -36.26520    -36.26663      0.00143     0     2
  204    192.000     -36.27200    -36.26663     -0.00537     0     2
  206    193.000     -36.24290    -36.26663      0.02373     0     2
  208    194.000     -36.27660    -36.26663     -0.00997     0     2
  210    195.000     -36.27490    -36.26663     -0.00827     0     2
  212    196.000     -36.28990    -36.26663     -0.02327     0     2
  214    197.000     -36.26450    -36.26663      0.00213     0     2
  216    198.000     -36.28720    -36.26663     -0.02057     0     2
  218    199.000     -36.27240    -36.26663     -0.00577     0     2
  220    200.000     -36.26980    -36.26663     -0.00317     0     2
  222    201.000     -36.27410    -36.26663     -0.00747     0     2
  224    202.000     -36.24960    -36.26663      0.01703     0     2
  226    203.000     -36.25710    -36.26663      0.00953     0     2
  228    204.000     -36.25380    -36.26663      0.01283     0     2
  230    205.000     -36.27580    -36.26663     -0.00917     0     2
  232    206.000     -36.25570    -36.26662      0.01093     0     2
  234    207.000     -36.26200    -36.26662      0.00462     0     2
  236    208.000     -36.25930    -36.26662      0.00732     0     2
  238    209.000     -36.25670    -36.26662      0.00993     0     2
  240    210.000     -36.27610    -36.26662     -0.00948     0     2
  242    211.000     -36.27120    -36.26662     -0.00457     0     2
  244    212.000     -36.86340    -36.87193      0.00853     0     2
  246    213.000     -38.74760    -38.72147     -0.02613     0     2
  248    214.000     -40.06190    -40.07674      0.01484     0     2
  250    215.000     -41.10150    -41.10670      0.00520     0     2
  252    216.000     -44.70550    -44.70454     -0.00096     0     2
  254    217.000     -46.86580    -46.86807      0.00227     0     2
  256    218.000     -48.30230    -48.29185     -0.01045     0     2
  258    219.000     -49.28450    -49.28075     -0.00375     0     2
  260    220.000     -49.94200    -49.95320      0.01120     0     2
  262    221.000     -50.39400    -50.40685      0.01284     0     2
  264    222.000     -50.66000    -50.68661      0.02662     0     2
  266    223.000     -50.90870    -50.90836     -0.00034     0     2
  268    224.000     -51.05660    -51.05016     -0.00644     0     2
  270    225.000     -51.19410    -51.18865     -0.00545     0     2
  272    226.000     -51.42520    -51.41521     -0.00999     0     2
  274    227.000     -51.72780    -51.72684     -0.00096     0     2
  276    228.000     -52.04920    -52.05330      0.00410     0     2
  278    229.000     -52.34130    -52.34083     -0.00047     0     2
  280    230.000     -52.56200    -52.57349      0.01149     0     2
  282    231.000     -52.75330    -52.75132     -0.00198     0     2
  284    232.000     -52.88950    -52.88553     -0.00397     0     2
  286    233.000     -52.97680    -52.97068     -0.00611     0     2
  288    234.000     -53.03730    -53.02136     -0.01594     0     2
  290    235.000     -53.07070    -53.05455     -0.01615     0     2
  292    236.000     -53.08380    -53.07192     -0.01188     0     2
  294    237.000     -53.07200    -53.08547      0.01347     0     2
  296    238.000     -53.09700    -53.10614      0.00914     0     2
  298    239.000     -53.11930    -53.13260      0.01329     0     2
  300    240.000     -53.18430    -53.17052     -0.01377     0     2
  302    241.000     -53.26070    -53.24104     -0.01966     0     2
  304    242.000     -53.37760    -53.37056     -0.00704     0     2
  306    243.000     -53.65820    -53.65970      0.00150     0     2
  308    244.000     -54.56500    -54.57007      0.00507     0     2
  310    245.000     -56.13550    -56.14568      0.01018     0     2
  312    246.000     -57.70720    -57.71029      0.00309     0     2
  314    247.000     -58.77360    -58.79106      0.01746     0     2
  316    248.000     -59.51920    -59.51667     -0.00253     0     2
  318    249.000     -59.97610    -59.96712     -0.00898     0     2
  320    250.000     -60.29380    -60.27688     -0.01692     0     2
  322    251.000     -60.49590    -60.48750     -0.00840     0     2
  324    252.000     -60.65060    -60.65318      0.00258     0     2
  326    253.000     -60.76490    -60.75643     -0.00847     0     2
  328    254.000     -60.84760    -60.85666      0.00906     0     2
  330    255.000     -60.98490    -60.99869      0.01379     0     2
  332    256.000     -61.23570    -61.21170     -0.02399     0     2
  334    257.000     -61.83640    -61.84492      0.00853     0     2
  336    258.000     -63.10240    -63.08025     -0.02215     0     2
  338    259.000     -64.05400    -64.05775      0.00375     0     2
  340    260.000     -64.72480    -64.73705      0.01225     0     2
  342    261.000     -65.17340    -65.17364      0.00024     0     2
  344    262.000     -65.49580    -65.48317     -0.01263     0     2
  346    263.000     -65.74090    -65.73477     -0.00613     0     2
  348    264.000     -65.91760    -65.91488     -0.00272     0     2
  350    265.000     -66.14580    -66.14380     -0.00200     0     2
  352    266.000     -66.55900    -66.55676     -0.00224     0     2
  354    267.000     -67.04610    -67.04532     -0.00078     0     2
  356    268.000     -67.50390    -67.50622      0.00232     0     2
  358    269.000     -67.94810    -67.93570     -0.01240     0     2
  360    270.000     -68.31640    -68.31400     -0.00240     0     2
  362    271.000     -68.60580    -68.62113      0.01534     0     2
  364    272.000     -68.86180    -68.85832     -0.00348     0     2
  366    273.000     -69.04740    -69.04285     -0.00455     0     2
    1     91.000       0.26475      0.26515     -0.00040     2     0
    3     92.000       0.26384      0.26261      0.00122     2     0
    5     93.000       0.26062      0.26041      0.00021     2     0
    7     94.000       0.25936      0.25838      0.00098     2     0
    9     95.000       0.27454      0.27419      0.00036     2     0
   11     96.000       0.28396      0.28325      0.00071     2     0
   13     97.000       0.28048      0.28047      0.00001     2     0
   15     98.000       0.29221      0.29043      0.00179     2     0
   17     99.000       0.29279      0.29266      0.00013     2     0
   19    100.000       0.29283      0.29243      0.00040     2     0
   21    101.000       0.28998      0.28809      0.00188     2     0
   23    102.000       0.28353      0.28488     -0.00135     2     0
   25    103.000       0.28101      0.28228     -0.00127     2     0
   27    104.000       0.28616      0.28519      0.00097     2     0
   29    105.000       0.28199      0.28316     -0.00117     2     0
   31    106.000       0.28220      0.28026      0.00194     2     0
   33    107.000       0.27615      0.27656     -0.00041     2     0
   35    108.000       0.27856      0.27931     -0.00075     2     0
   37    109.000       0.27880      0.27688      0.00193     2     0
   39    110.000       0.27503      0.27355      0.00148     2     0
   41    111.000       0.27191      0.27004      0.00187     2     0
   43    112.000       0.26805      0.26715      0.00091     2     0
   45    113.000       0.26403      0.26489     -0.00086     2     0
   47    114.000       0.26444      0.26253      0.00191     2     0
   49    115.000       0.25903      0.25930     -0.00027     2     0
   51    116.000       0.25772      0.25692      0.00080     2     0
   53    117.000       0.26045      0.25950      0.00095     2     0
   55    118.000       0.25819      0.25835     -0.00016     2     0
   57    119.000       0.26318      0.26257      0.00061     2     0
   59    120.000       0.26079      0.25987      0.00092     2     0
   61    121.000       0.25756      0.25719      0.00038     2     0
   63    122.000       0.25758      0.25868     -0.00110     2     0
   65    123.000       0.27122      0.27092      0.00030     2     0
   67    124.000       0.27039      0.26907      0.00132     2     0
   69    125.000       0.26603      0.26672     -0.00070     2     0
   71    126.000       0.26291      0.26306     -0.00015     2     0
   73    127.000       0.26751      0.26795     -0.00043     2     0
   75    128.000       0.26945      0.26760      0.00185     2     0
   77    129.000       0.27057      0.26989      0.00067     2     0
   79    130.000       0.27322      0.27282      0.00041     2     0
   81    131.000       0.27884      0.27961     -0.00077     2     0
   83    132.000       0.28363      0.28309      0.00054     2     0
   85    133.000       0.29067      0.29134     -0.00067     2     0
   87    134.000       0.29192      0.29189      0.00003     2     0
   89    135.000       0.29047      0.29111     -0.00064     2     0
   91    136.000       0.30134      0.30067      0.00067     2     0
   93    137.000       0.31250      0.31192      0.00058     2     0
   95    138.000       0.30306      0.30327     -0.00021     2     0
   97    139.000       0.29349      0.29309      0.00040     2     0
   99    140.000       0.28266      0.28376     -0.00110     2     0
  101    141.000       0.27400      0.27550     -0.00149     2     0
  103    142.000       0.26845      0.26801      0.00044     2     0
  105    143.000       0.26388      0.26371      0.00017     2     0
  107    144.000       0.26120      0.26056      0.00063     2     0
  109    145.000       0.26025      0.25787      0.00238     2     0
  111    146.000       0.26605      0.26511      0.00094     2     0
  113    147.000       0.30613      0.30704     -0.00092     2     0
  115    148.000       0.31652      0.31541      0.00111     2     0
  117    149.000       0.31974      0.32106     -0.00131     2     0
  119    150.000       0.30698      0.30744     -0.00046     2     0
  121    151.000       0.29632      0.29639     -0.00007     2     0
  123    152.000       0.28957      0.28786      0.00171     2     0
  125    153.000       0.28032      0.28107     -0.00075     2     0
  127    154.000       0.27471      0.27553     -0.00082     2     0
  129    155.000       0.27850      0.27860     -0.00010     2     0
  131    156.000       0.27403      0.27469     -0.00066     2     0
  133    157.000       0.27095      0.26982      0.00113     2     0
  135    158.000       0.26277      0.26385     -0.00108     2     0
  137    159.000       0.25835      0.25949     -0.00115     2     0
  139    160.000       0.25570      0.25614     -0.00044     2     0
  141    161.000       0.25318      0.25368     -0.00049     2     0
  143    162.000       0.25350      0.25158      0.00193     2     0
  145    163.000       0.25084      0.24990      0.00095     2     0
  147    164.000       0.24879      0.24871      0.00009     2     0
  149    165.000       0.24848      0.24970     -0.00123     2     0
  151    166.000       0.24804      0.24719      0.00085     2     0
  153    167.000       0.24476      0.24576     -0.00100     2     0
  155    168.000       0.24326      0.24480     -0.00155     2     0
  157    169.000       0.24496      0.24377      0.00119     2     0
  159    170.000       0.24283      0.24251      0.00032     2     0
  161    171.000       0.24941      0.24849      0.00092     2     0
  163    172.000       0.24533      0.24501      0.00032     2     0
  165    173.000       0.24260      0.24175      0.00086     2     0
  167    174.000       0.24151      0.24216     -0.00065     2     0
  169    175.000       0.24066      0.24169     -0.00104     2     0
  171    176.000       0.24158      0.24089      0.00068     2     0
  173    177.000       0.23675      0.23755     -0.00080     2     0
  175    178.000       0.23514      0.23584     -0.00069     2     0
  177    179.000       0.23720      0.23765     -0.00045     2     0
  179    180.000       0.25272      0.25270      0.00002     2     0
  181    181.000       0.25799      0.25834     -0.00035     2     0
  183    182.000       0.25387      0.25525     -0.00137     2     0
  185    183.000       0.25993      0.26057     -0.00064     2     0
  187    184.000       0.25439      0.25661     -0.00222     2     0
  189    185.000       0.25376      0.25314      0.00063     2     0
  191    186.000       0.24959      0.25119     -0.00160     2     0
  193    187.000       0.24526      0.24636     -0.00111     2     0
  195    188.000       0.24577      0.24572      0.00005     2     0
  197    189.000       0.26430      0.26504     -0.00074     2     0
  199    190.000       0.26834      0.26679      0.00154     2     0
  201    191.000       0.27229      0.27358     -0.00129     2     0
  203    192.000       0.27501      0.27474      0.00027     2     0
  205    193.000       0.27332      0.27336     -0.00004     2     0
  207    194.000       0.26965      0.27082     -0.00117     2     0
  209    195.000       0.27322      0.27270      0.00052     2     0
  211    196.000       0.26862      0.26879     -0.00017     2     0
  213    197.000       0.26488      0.26411      0.00077     2     0
  215    198.000       0.26453      0.26371      0.00082     2     0
  217    199.000       0.26038      0.25821      0.00217     2     0
  219    200.000       0.25648      0.25514      0.00134     2     0
  221    201.000       0.25592      0.25629     -0.00037     2     0
  223    202.000       0.26519      0.26543     -0.00024     2     0
  225    203.000       0.27161      0.27051      0.00110     2     0
  227    204.000       0.27223      0.27157      0.00066     2     0
  229    205.000       0.26826      0.26762      0.00064     2     0
  231    206.000       0.26146      0.26307     -0.00161     2     0
  233    207.000       0.25873      0.25875     -0.00002     2     0
  235    208.000       0.25599      0.25673     -0.00074     2     0
  237    209.000       0.25473      0.25446      0.00028     2     0
  239    210.000       0.27735      0.27745     -0.00010     2     0
  241    211.000       0.31210      0.31119      0.00091     2     0
  243    212.000       0.32045      0.32013      0.00032     2     0
  245    213.000       0.30427      0.30349      0.00079     2     0
  247    214.000       0.29677      0.29724     -0.00047     2     0
  249    215.000       0.33903      0.33997     -0.00094     2     0
  251    216.000       0.31576      0.31617     -0.00041     2     0
  253    217.000       0.31215      0.31217     -0.00002     2     0
  255    218.000       0.29973      0.29935      0.00038     2     0
  257    219.000       0.29233      0.29008      0.00226     2     0
  259    220.000       0.28184      0.28188     -0.00004     2     0
  261    221.000       0.27476      0.27571     -0.00095     2     0
  263    222.000       0.27001      0.27036     -0.00035     2     0
  265    223.000       0.28063      0.28109     -0.00046     2     0
  267    224.000       0.28395      0.28347      0.00048     2     0
  269    225.000       0.28740      0.28894     -0.00154     2     0
  271    226.000       0.28620      0.28614      0.00007     2     0
  273    227.000       0.28433      0.28418      0.00015     2     0
  275    228.000       0.28294      0.28271      0.00023     2     0
  277    229.000       0.27666      0.27726     -0.00060     2     0
  279    230.000       0.27256      0.27280     -0.00024     2     0
  281    231.000       0.26808      0.26950     -0.00142     2     0
  283    232.000       0.27100      0.27149     -0.00049     2     0
  285    233.000       0.26838      0.26892     -0.00054     2     0
  287    234.000       0.26730      0.26688      0.00041     2     0
  289    235.000       0.27095      0.27211     -0.00116     2     0
  291    236.000       0.27314      0.27236      0.00078     2     0
  293    237.000       0.27100      0.26951      0.00149     2     0
  295    238.000       0.26940      0.27146     -0.00207     2     0
  297    239.000       0.28011      0.27968      0.00042     2     0
  299    240.000       0.27660      0.27593      0.00068     2     0
  301    241.000       0.28446      0.28509     -0.00064     2     0
  303    242.000       0.29327      0.29367     -0.00040     2     0
  305    243.000       0.30781      0.30794     -0.00013     2     0
  307    244.000       0.31562      0.31592     -0.00030     2     0
  309    245.000       0.31382      0.31413     -0.00031     2     0
  311    246.000       0.30004      0.30172     -0.00168     2     0
  313    247.000       0.29234      0.29118      0.00116     2     0
  315    248.000       0.28453      0.28345      0.00108     2     0
  317    249.000       0.27706      0.27788     -0.00082     2     0
  319    250.000       0.27126      0.27273     -0.00147     2     0
  321    251.000       0.26836      0.26784      0.00052     2     0
  323    252.000       0.28004      0.28062     -0.00058     2     0
  325    253.000       0.27886      0.27872      0.00014     2     0
  327    254.000       0.28397      0.28430     -0.00032     2     0
  329    255.000       0.28499      0.28430      0.00069     2     0
  331    256.000       0.30792      0.30722      0.00070     2     0
  333    257.000       0.30979      0.31052     -0.00073     2     0
  335    258.000       0.29804      0.29943     -0.00139     2     0
  337    259.000       0.28918      0.29076     -0.00159     2     0
  339    260.000       0.28470      0.28409      0.00061     2     0
  341    261.000       0.27785      0.27904     -0.00119     2     0
  343    262.000       0.27429      0.27479     -0.00051     2     0
  345    263.000       0.28296      0.28356     -0.00059     2     0
  347    264.000       0.29100      0.29105     -0.00005     2     0
  349    265.000       0.29204      0.29398     -0.00194     2     0
  351    266.000       0.29006      0.28987      0.00019     2     0
  353    267.000       0.29158      0.29106      0.00052     2     0
  355    268.000       0.28873      0.28864      0.00009     2     0
  357    269.000       0.28535      0.28566     -0.00031     2     0
  359    270.000       0.28116      0.28107      0.00010     2     0
  361    271.000       0.27679      0.27639      0.00040     2     0
  363    272.000       0.26974      0.27251     -0.00277     2     0
  365    273.000       0.27887      0.27691      0.00195     2     0
    1     91.000       0.26475      0.26515     -0.00040     2     0
    3     92.000       0.26384      0.26261      0.00122     2     0
    5     93.000       0.26062      0.26041      0.00021     2     0
    7     94.000       0.25936      0.25838      0.00098     2     0
    9     95.000       0.27454      0.27419      0.00036     2     0
   11     96.000       0.28396      0.28325      0.00071     2     0
   13     97.000       0.28048      0.28047      0.00001     2     0
   15     98.000       0.29221      0.29043      0.00179     2     0
   17     99.000       0.29279      0.29266      0.00013     2     0
   19    100.000       0.29283      0.29243      0.00040     2     0
   21    101.000       0.28998      0.28809      0.00188     2     0
   23    102.000       0.28353      0.28488     -0.00135     2     0
   25    103.000       0.28101      0.28228     -0.00127     2     0
   27    104.000       0.28616      0.28519      0.00097     2     0
   29    105.000       0.28199      0.28316     -0.00117     2     0
   31    106.000       0.28220      0.28026      0.00194     2     0
   33    107.000       0.27615      0.27656     -0.00041     2     0
   35    108.000       0.27856      0.27931     -0.00075     2     0
   37    109.000       0.27880      0.27688      0.00193     2     0
   39    110.000       0.27503      0.27355      0.00148     2     0
   41    111.000       0.27191      0.27004      0.00187     2     0
   43    112.000       0.26805      0.26715      0.00091     2     0
   45    113.000       0.26403      0.26489     -0.00086     2     0
   47    114.000       0.26444      0.26253      0.00191     2     0
   49    115.000       0.25903      0.25930     -0.00027     2     0
   51    116.000       0.25772      0.25692      0.00080     2     0
   53    117.000       0.26045      0.25950      0.00095     2     0
   55    118.000       0.25819      0.25835     -0.00016     2     0
   57    119.000       0.26318      0.26257      0.00061     2     0
   59    120.000       0.26079      0.25987      0.00092     2     0
   61    121.000       0.25756      0.25719      0.00038     2     0
   63    122.000       0.25758      0.25868     -0.00110     2     0
   65    123.000       0.27122      0.27092      0.00030     2     0
   67    124.000       0.27039      0.26907      0.00132     2     0
   69    125.000       0.26603      0.26672     -0.00070     2     0
   71    126.000       0.26291      0.26306     -0.00015     2     0
   73    127.000       0.26751      0.26795     -0.00043     2     0
   75    128.000       0.26945      0.26760      0.00185     2     0
   77    129.000       0.27057      0.26989      0.00067     2     0
   79    130.000       0.27322      0.27282      0.00041     2     0
   81    131.000       0.27884      0.27961     -0.00077     2     0
   83    132.000       0.28363      0.28309      0.00054     2     0
   85    133.000       0.29067      0.29134     -0.00067     2     0
   87    134.000       0.29192      0.29189      0.00003     2     0
   89    135.000       0.29047      0.29111     -0.00064     2     0
   91    136.000       0.30134      0.30067      0.00067     2     0
   93    137.000       0.31250      0.31192      0.00058     2     0
   95    138.000       0.30306      0.30327     -0.00021     2     0
   97    139.000       0.29349      0.29309      0.00040     2     0
   99    140.000       0.28266      0.28376     -0.00110     2     0
  101    141.000       0.27400      0.27550     -0.00149     2     0
  103    142.000       0.26845      0.26801      0.00044     2     0
  105    143.000       0.26388      0.26371      0.00017     2     0
  107    144.000       0.26120      0.26056      0.00063     2     0
  109    145.000       0.26025      0.25787      0.00238     2     0
  111    146.000       0.26605      0.26511      0.00094     2     0
  113    147.000       0.30613      0.30704     -0.00092     2     0
  115    148.000       0.31652      0.31541      0.00111     2     0
  117    149.000       0.31974      0.32106     -0.00131     2     0
  119    150.000       0.30698      0.30744     -0.00046     2     0
  121    151.000       0.29632      0.29639     -0.00007     2     0
  123    152.000       0.28957      0.28786      0.00171     2     0
  125    153.000       0.28032      0.28107     -0.00075     2     0
  127    154.000       0.27471      0.27553     -0.00082     2     0
  129    155.000       0.27850      0.27860     -0.00010     2     0
  131    156.000       0.27403      0.27469     -0.00066     2     0
  133    157.000       0.27095      0.26982      0.00113     2     0
  135    158.000       0.26277      0.26385     -0.00108     2     0
  137    159.000       0.25835      0.25949     -0.00115     2     0
  139    160.000       0.25570      0.25614     -0.00044     2     0
  141    161.000       0.25318      0.25368     -0.00049     2     0
  143    162.000       0.25350      0.25158      0.00193     2     0
  145    163.000       0.25084      0.24990      0.00095     2     0
  147    164.000       0.24879      0.24871      0.00009     2     0
  149    165.000       0.24848      0.24970     -0.00123     2     0
  151    166.000       0.24804      0.24719      0.00085     2     0
  153    167.000       0.24476      0.24576     -0.00100     2     0
  155    168.000       0.24326      0.24480     -0.00155     2     0
  157    169.000       0.24496      0.24377      0.00119     2     0
  159    170.000       0.24283      0.24251      0.00032     2     0
  161    171.000       0.24941      0.24849      0.00092     2     0
  163    172.000       0.24533      0.24501      0.00032     2     0
  165    173.000       0.24260      0.24175      0.00086     2     0
  167    174.000       0.24151      0.24216     -0.00065     2     0
  169    175.000       0.24066      0.24169     -0.00104     2     0
  171    176.000       0.24158      0.24089      0.00068     2     0
  173    177.000       0.23675      0.23755     -0.00080     2     0
  175    178.000       0.23514      0.23584     -0.00069     2     0
  177    179.000       0.23720      0.23765     -0.00045     2     0
  179    180.000       0.25272      0.25270      0.00002     2     0
  181    181.000       0.25799      0.25834     -0.00035     2     0
  183    182.000       0.25387      0.25525     -0.00137     2     0
  185    183.000       0.25993      0.26057     -0.00064     2     0
  187    184.000       0.25439      0.25661     -0.00222     2     0
  189    185.000       0.25376      0.25314      0.00063     2     0
  191    186.000       0.24959      0.25119     -0.00160     2     0
  193    187.000       0.24526      0.24636     -0.00111     2     0
  195    188.000       0.24577      0.24572      0.00005     2     0
  197    189.000       0.26430      0.26504     -0.00074     2     0
  199    190.000       0.26834      0.26679      0.00154     2     0
  201    191.000       0.27229      0.27358     -0.00129     2     0
  203    192.000       0.27501      0.27474      0.00027     2     0
  205    193.000       0.27332      0.27336     -0.00004     2     0
  207    194.000       0.26965      0.27082     -0.00117     2     0
  209    195.000       0.27322      0.27270      0.00052     2     0
  211    196.000       0.26862      0.26879     -0.00017     2     0
  213    197.000       0.26488      0.26411      0.00077     2     0
  215    198.000       0.26453      0.26371      0.00082     2     0
  217    199.000       0.26038      0.25821      0.00217     2     0
  219    200.000       0.25648      0.25514      0.00134     2     0
  221    201.000       0.25592      0.25629     -0.00037     2     0
  223    202.000       0.26519      0.26543     -0.00024     2     0
  225    203.000       0.27161      0.27051      0.00110     2     0
  227    204.000       0.27223      0.27157      0.00066     2     0
  229    205.000       0.26826      0.26762      0.00064     2     0
  231    206.000       0.26146      0.26307     -0.00161     2     0
  233    207.000       0.25873      0.25875     -0.00002     2     0
  235    208.000       0.25599      0.25673     -0.00074     2     0
  237    209.000       0.25473      0.25446      0.00028     2     0
  239    210.000       0.27735      0.27745     -0.00010     2     0
  241    211.000       0.31210      0.31119      0.00091     2     0
  243    212.000       0.32045      0.32013      0.00032     2     0
  245    213.000       0.30427      0.30349      0.00079     2     0
  247    214.000       0.29677      0.29724     -0.00047     2     0
  249    215.000       0.33903      0.33997     -0.00094     2     0
  251    216.000       0.31576      0.31617     -0.00041     2     0
  253    217.000       0.31215      0.31217     -0.00002     2     0
  255    218.000       0.29973      0.29935      0.00038     2     0
  257    219.000       0.29233      0.29008      0.00226     2     0
  259    220.000       0.28184      0.28188     -0.00004     2     0
  261    221.000       0.27476      0.27571     -0.00095     2     0
  263    222.000       0.27001      0.27036     -0.00035     2     0
  265    223.000       0.28063      0.28109     -0.00046     2     0
  267    224.000       0.28395      0.28347      0.00048     2     0
  269    225.000       0.28740      0.28894     -0.00154     2     0
  271    226.000       0.28620      0.28614      0.00007     2     0
  273    227.000       0.28433      0.28418      0.00015     2     0
  275    228.000       0.28294      0.28271      0.00023     2     0
  277    229.000       0.27666      0.27726     -0.00060     2     0
  279    230.000       0.27256      0.27280     -0.00024     2     0
  281    231.000       0.26808      0.26950     -0.00142     2     0
  283    232.000       0.27100      0.27149     -0.00049     2     0
  285    233.000       0.26838      0.26892     -0.00054     2     0
  287    234.000       0.26730      0.26688      0.00041     2     0
  289    235.000       0.27095      0.27211     -0.00116     2     0
  291    236.000       0.27314      0.27236      0.00078     2     0
  293    237.000       0.27100      0.26951      0.00149     2     0
  295    238.000       0.26940      0.27146     -0.00207     2     0
  297    239.000       0.28011      0.27968      0.00042     2     0
  299    240.000       0.27660      0.27593      0.00068     2     0
  301    241.000       0.28446      0.28509     -0.00064     2     0
  303    242.000       0.29327      0.29367     -0.00040     2     0
  305    243.000       0.30781      0.30794     -0.00013     2     0
  307    244.000       0.31562      0.31592     -0.00030     2     0
  309    245.000       0.31382      0.31413     -0.00031     2     0
  311    246.000       0.30004      0.30172     -0.00168     2     0
  313    247.000       0.29234      0.29118      0.00116     2     0
  315    248.000       0.28453      0.28345      0.00108     2     0
  317    249.000       0.27706      0.27788     -0.00082     2     0
  319    250.000       0.27126      0.27273     -0.00147     2     0
  321    251.000       0.26836      0.26784      0.00052     2     0
  323    252.000       0.28004      0.28062     -0.00058     2     0
  325    253.000       0.27886      0.27872      0.00014     2     0
  327    254.000       0.28397      0.28430     -0.00032     2     0
  329    255.000       0.28499      0.28430      0.00069     2     0
  331    256.000       0.30792      0.30722      0.00070     2     0
  333    257.000       0.30979      0.31052     -0.00073     2     0
  335    258.000       0.29804      0.29943     -0.00139     2     0
  337    259.000       0.28918      0.29076     -0.00159     2     0
  339    260.000       0.28470      0.28409      0.00061     2     0
  341    261.000       0.27785      0.27904     -0.00119     2     0
  343    262.000       0.27429      0.27479     -0.00051     2     0
  345    263.000       0.28296      0.28356     -0.00059     2     0
  347    264.000       0.29100      0.29105     -0.00005     2     0
  349    265.000       0.29204      0.29398     -0.00194     2     0
  351    266.000       0.29006      0.28987      0.00019     2     0
  353    267.000       0.29158      0.29106      0.00052     2     0
  355    268.000       0.28873      0.28864      0.00009     2     0
  357    269.000       0.28535      0.28566     -0.00031     2     0
  359    270.000       0.28116      0.28107      0.00010     2     0
  361    271.000       0.27679      0.27639      0.00040     2     0
  363    272.000       0.26974      0.27251     -0.00277     2     0
  365    273.000       0.27887      0.27691      0.00195     2     0


  Pressure    Log P      WC       Rel K     Log RK   Abs K    Log KA     Diffus     Log D
 0.000E+00            0.3900    0.100E+01            0.987E+02
 0.141E+01   0.150    0.3887    0.560E+00  -0.252    0.553E+02   1.743    0.420E+05   4.623
 0.168E+01   0.225    0.3883    0.531E+00  -0.275    0.524E+02   1.719    0.369E+05   4.567
 0.200E+01   0.300    0.3879    0.499E+00  -0.302    0.493E+02   1.693    0.323E+05   4.510
 0.237E+01   0.375    0.3873    0.467E+00  -0.331    0.461E+02   1.664    0.282E+05   4.450
 0.282E+01   0.450    0.3865    0.433E+00  -0.363    0.428E+02   1.631    0.244E+05   4.388
 0.335E+01   0.525    0.3856    0.399E+00  -0.399    0.394E+02   1.595    0.210E+05   4.323
 0.398E+01   0.600    0.3843    0.363E+00  -0.440    0.359E+02   1.555    0.180E+05   4.255
 0.473E+01   0.675    0.3828    0.327E+00  -0.485    0.323E+02   1.509    0.153E+05   4.184
 0.562E+01   0.750    0.3809    0.291E+00  -0.535    0.288E+02   1.459    0.129E+05   4.110
 0.668E+01   0.825    0.3784    0.256E+00  -0.592    0.252E+02   1.402    0.108E+05   4.032
 0.794E+01   0.900    0.3754    0.221E+00  -0.656    0.218E+02   1.339    0.893E+04   3.951
 0.944E+01   0.975    0.3717    0.187E+00  -0.727    0.185E+02   1.267    0.734E+04   3.866
 0.112E+02   1.050    0.3672    0.156E+00  -0.807    0.154E+02   1.187    0.598E+04   3.777
 0.133E+02   1.125    0.3617    0.127E+00  -0.897    0.125E+02   1.098    0.482E+04   3.683
 0.158E+02   1.200    0.3552    0.101E+00  -0.997    0.995E+01   0.998    0.386E+04   3.586
 0.188E+02   1.275    0.3475    0.781E-01  -1.108    0.771E+01   0.887    0.306E+04   3.486
 0.224E+02   1.350    0.3388    0.589E-01  -1.230    0.581E+01   0.764    0.241E+04   3.381
 0.266E+02   1.425    0.3289    0.432E-01  -1.364    0.427E+01   0.630    0.188E+04   3.273
 0.316E+02   1.500    0.3179    0.309E-01  -1.510    0.305E+01   0.484    0.145E+04   3.162
 0.376E+02   1.575    0.3060    0.215E-01  -1.668    0.212E+01   0.326    0.112E+04   3.049
 0.447E+02   1.650    0.2934    0.146E-01  -1.836    0.144E+01   0.158    0.857E+03   2.933
 0.531E+02   1.725    0.2802    0.965E-02  -2.015    0.953E+00  -0.021    0.654E+03   2.815
 0.631E+02   1.800    0.2667    0.626E-02  -2.203    0.618E+00  -0.209    0.497E+03   2.696
 0.750E+02   1.875    0.2532    0.399E-02  -2.399    0.394E+00  -0.405    0.376E+03   2.575
 0.891E+02   1.950    0.2397    0.250E-02  -2.602    0.247E+00  -0.608    0.284E+03   2.454
 0.106E+03   2.025    0.2265    0.154E-02  -2.812    0.152E+00  -0.817    0.214E+03   2.331
 0.126E+03   2.100    0.2137    0.943E-03  -3.026    0.931E-01  -1.031    0.161E+03   2.208
 0.150E+03   2.175    0.2015    0.571E-03  -3.244    0.563E-01  -1.249    0.121E+03   2.084
 0.178E+03   2.250    0.1898    0.343E-03  -3.465    0.338E-01  -1.471    0.912E+02   1.960
 0.211E+03   2.325    0.1787    0.204E-03  -3.689    0.202E-01  -1.695    0.685E+02   1.836
 0.251E+03   2.400    0.1683    0.121E-03  -3.916    0.120E-01  -1.921    0.514E+02   1.711
 0.299E+03   2.475    0.1585    0.718E-04  -4.144    0.709E-02  -2.149    0.385E+02   1.586
 0.355E+03   2.550    0.1493    0.424E-04  -4.373    0.418E-02  -2.379    0.289E+02   1.461
 0.422E+03   2.625    0.1407    0.249E-04  -4.604    0.246E-02  -2.609    0.217E+02   1.336
 0.501E+03   2.700    0.1328    0.146E-04  -4.835    0.144E-02  -2.841    0.162E+02   1.210
 0.596E+03   2.775    0.1253    0.857E-05  -5.067    0.846E-03  -3.073    0.122E+02   1.085
 0.708E+03   2.850    0.1184    0.502E-05  -5.299    0.495E-03  -3.305    0.911E+01   0.960
 0.841E+03   2.925    0.1120    0.294E-05  -5.532    0.290E-03  -3.538    0.682E+01   0.834
 0.100E+04   3.000    0.1061    0.172E-05  -5.766    0.169E-03  -3.771    0.511E+01   0.709
 0.119E+04   3.075    0.1006    0.100E-05  -5.999    0.989E-04  -4.005    0.383E+01   0.583
 0.141E+04   3.150    0.0955    0.585E-06  -6.233    0.578E-04  -4.238    0.287E+01   0.457
 0.168E+04   3.225    0.0907    0.342E-06  -6.467    0.337E-04  -4.472    0.215E+01   0.332
 0.200E+04   3.300    0.0864    0.199E-06  -6.701    0.197E-04  -4.706    0.161E+01   0.206
 0.237E+04   3.375    0.0823    0.116E-06  -6.935    0.115E-04  -4.940    0.120E+01   0.081
 0.282E+04   3.450    0.0785    0.678E-07  -7.169    0.669E-05  -5.174    0.902E+00  -0.045
 0.335E+04   3.525    0.0751    0.395E-07  -7.403    0.390E-05  -5.409    0.675E+00  -0.170
 0.398E+04   3.600    0.0719    0.231E-07  -7.637    0.228E-05  -5.643    0.506E+00  -0.296
 0.473E+04   3.675    0.0689    0.134E-07  -7.871    0.133E-05  -5.877    0.379E+00  -0.422
 0.562E+04   3.750    0.0661    0.784E-08  -8.106    0.774E-06  -6.111    0.284E+00  -0.547
 0.668E+04   3.825    0.0636    0.457E-08  -8.340    0.451E-06  -6.345    0.212E+00  -0.673
 0.794E+04   3.900    0.0612    0.267E-08  -8.574    0.263E-06  -6.580    0.159E+00  -0.798
 0.944E+04   3.975    0.0590    0.155E-08  -8.808    0.153E-06  -6.814    0.119E+00  -0.924
 0.112E+05   4.050    0.0570    0.905E-09  -9.043    0.894E-07  -7.049    0.891E-01  -1.050
 0.133E+05   4.125    0.0551    0.528E-09  -9.277    0.521E-07  -7.283    0.668E-01  -1.175
 0.158E+05   4.200    0.0534    0.308E-09  -9.512    0.304E-07  -7.517    0.500E-01  -1.301
 0.188E+05   4.275    0.0518    0.179E-09  -9.746    0.177E-07  -7.752    0.374E-01  -1.427
 0.224E+05   4.350    0.0503    0.105E-09  -9.980    0.103E-07  -7.986    0.280E-01  -1.552
 0.266E+05   4.425    0.0490    0.610E-10 -10.215    0.602E-08  -8.220    0.210E-01  -1.678
 0.316E+05   4.500    0.0477    0.356E-10 -10.449    0.351E-08  -8.455    0.157E-01  -1.804
 0.376E+05   4.575    0.0465    0.207E-10 -10.683    0.205E-08  -8.689    0.118E-01  -1.929
 0.447E+05   4.650    0.0454    0.121E-10 -10.918    0.119E-08  -8.923    0.882E-02  -2.055
 0.531E+05   4.725    0.0444    0.704E-11 -11.152    0.695E-09  -9.158    0.660E-02  -2.180
 0.631E+05   4.800    0.0435    0.411E-11 -11.387    0.405E-09  -9.392    0.494E-02  -2.306
 0.750E+05   4.875    0.0426    0.239E-11 -11.621    0.236E-09  -9.627    0.370E-02  -2.432
 0.891E+05   4.950    0.0418    0.140E-11 -11.855    0.138E-09  -9.861    0.277E-02  -2.557
 0.106E+06   5.025    0.0411    0.814E-12 -12.090    0.803E-10 -10.095    0.208E-02  -2.683
 0.126E+06   5.100    0.0404    0.474E-12 -12.324    0.468E-10 -10.330    0.155E-02  -2.808
 0.150E+06   5.175    0.0398    0.276E-12 -12.558    0.273E-10 -10.564    0.116E-02  -2.934
 0.178E+06   5.250    0.0392    0.161E-12 -12.793    0.159E-10 -10.798    0.872E-03  -3.060
 0.211E+06   5.325    0.0387    0.939E-13 -13.027    0.927E-11 -11.033    0.653E-03  -3.185
 0.251E+06   5.400    0.0382    0.548E-13 -13.261    0.541E-11 -11.267    0.489E-03  -3.311
 0.298E+06   5.475    0.0377    0.319E-13 -13.496    0.315E-11 -11.502    0.366E-03  -3.437
 0.355E+06   5.550    0.0373    0.186E-13 -13.730    0.184E-11 -11.736    0.274E-03  -3.562
 0.422E+06   5.625    0.0369    0.108E-13 -13.965    0.107E-11 -11.970    0.205E-03  -3.688
 0.501E+06   5.700    0.0365    0.632E-14 -14.199    0.624E-12 -12.205    0.154E-03  -3.813
 
 Inverse solution calculation time [sec]  0.170000001788139     
