 ******* Program HYDRUS
 ******* 
 Welcome to HYDRUS-1D                                                    
 Date:   5.11.2022    Time:   9:39:43
 Units: L = cm   , T = days , M = mmol 
 
 CosAlf,MaxIt,TolTh,  TolH
 1.000   20   0.001 1.00000
 
 TopInF,BotInF,AtmBC,SinkF,WLayer,qGWLF,FreeD,SeepF,lWat,lChem,lTemp,lRoot,lWDep
     T     F     T     T     F     F     F     T     T     F     F     F     F

Nodal point information

node      x         hOld    MatN LayN  Beta      Ah       AK      ATh     Temp    Conc(1...NS)         Sorb(1...NS)

   1      0.000   -100.000    1    1   0.100    1.000    1.000    1.000
   2     -1.000    -99.333    1    1   0.095    1.000    1.000    1.000
   3     -2.000    -98.667    1    1   0.090    1.000    1.000    1.000
   4     -3.000    -98.000    1    1   0.085    1.000    1.000    1.000
   5     -4.000    -97.333    1    1   0.080    1.000    1.000    1.000
   6     -5.000    -96.667    1    1   0.075    1.000    1.000    1.000
   7     -6.000    -96.000    1    1   0.070    1.000    1.000    1.000
   8     -7.000    -95.333    1    1   0.065    1.000    1.000    1.000
   9     -8.000    -94.667    1    1   0.060    1.000    1.000    1.000
  10     -9.000    -94.000    1    1   0.055    1.000    1.000    1.000
  11    -10.000    -93.333    1    1   0.050    1.000    1.000    1.000
  12    -11.000    -92.667    1    1   0.045    1.000    1.000    1.000
  13    -12.000    -92.000    1    1   0.040    1.000    1.000    1.000
  14    -13.000    -91.333    1    1   0.035    1.000    1.000    1.000
  15    -14.000    -90.667    1    1   0.030    1.000    1.000    1.000
  16    -15.000    -90.000    1    1   0.025    1.000    1.000    1.000
  17    -16.000    -89.333    1    1   0.020    1.000    1.000    1.000
  18    -17.000    -88.667    1    1   0.015    1.000    1.000    1.000
  19    -18.000    -88.000    1    1   0.010    1.000    1.000    1.000
  20    -19.000    -87.333    1    1   0.005    1.000    1.000    1.000
  21    -20.000    -86.667    1    1   0.000    1.000    1.000    1.000
  22    -21.000    -86.000    1    1   0.000    1.000    1.000    1.000
  23    -22.000    -85.333    1    1   0.000    1.000    1.000    1.000
  24    -23.000    -84.667    1    1   0.000    1.000    1.000    1.000
  25    -24.000    -84.000    1    1   0.000    1.000    1.000    1.000
  26    -25.000    -83.333    1    1   0.000    1.000    1.000    1.000
  27    -26.000    -82.667    1    1   0.000    1.000    1.000    1.000
  28    -27.000    -82.000    1    1   0.000    1.000    1.000    1.000
  29    -28.000    -81.333    1    1   0.000    1.000    1.000    1.000
  30    -29.000    -80.667    1    1   0.000    1.000    1.000    1.000
  31    -30.000    -80.000    1    1   0.000    1.000    1.000    1.000
  32    -31.000    -79.333    1    1   0.000    1.000    1.000    1.000
  33    -32.000    -78.667    1    1   0.000    1.000    1.000    1.000
  34    -33.000    -78.000    1    1   0.000    1.000    1.000    1.000
  35    -34.000    -77.333    1    1   0.000    1.000    1.000    1.000
  36    -35.000    -76.667    1    1   0.000    1.000    1.000    1.000
  37    -36.000    -76.000    1    1   0.000    1.000    1.000    1.000
  38    -37.000    -75.333    1    1   0.000    1.000    1.000    1.000
  39    -38.000    -74.667    1    1   0.000    1.000    1.000    1.000
  40    -39.000    -74.000    1    1   0.000    1.000    1.000    1.000
  41    -40.000    -73.333    1    1   0.000    1.000    1.000    1.000
  42    -41.000    -72.667    1    1   0.000    1.000    1.000    1.000
  43    -42.000    -72.000    1    1   0.000    1.000    1.000    1.000
  44    -43.000    -71.333    1    1   0.000    1.000    1.000    1.000
  45    -44.000    -70.667    1    1   0.000    1.000    1.000    1.000
  46    -45.000    -70.000    1    1   0.000    1.000    1.000    1.000
  47    -46.000    -69.333    1    1   0.000    1.000    1.000    1.000
  48    -47.000    -68.667    1    1   0.000    1.000    1.000    1.000
  49    -48.000    -68.000    1    1   0.000    1.000    1.000    1.000
  50    -49.000    -67.333    1    1   0.000    1.000    1.000    1.000
  51    -50.000    -66.667    1    1   0.000    1.000    1.000    1.000
  52    -51.000    -66.000    1    1   0.000    1.000    1.000    1.000
  53    -52.000    -65.333    1    1   0.000    1.000    1.000    1.000
  54    -53.000    -64.667    1    1   0.000    1.000    1.000    1.000
  55    -54.000    -64.000    1    1   0.000    1.000    1.000    1.000
  56    -55.000    -63.333    1    1   0.000    1.000    1.000    1.000
  57    -56.000    -62.667    1    1   0.000    1.000    1.000    1.000
  58    -57.000    -62.000    1    1   0.000    1.000    1.000    1.000
  59    -58.000    -61.333    1    1   0.000    1.000    1.000    1.000
  60    -59.000    -60.667    1    1   0.000    1.000    1.000    1.000
  61    -60.000    -60.000    1    1   0.000    1.000    1.000    1.000
  62    -61.000    -59.333    1    1   0.000    1.000    1.000    1.000
  63    -62.000    -58.667    1    1   0.000    1.000    1.000    1.000
  64    -63.000    -58.000    1    1   0.000    1.000    1.000    1.000
  65    -64.000    -57.333    1    1   0.000    1.000    1.000    1.000
  66    -65.000    -56.667    1    1   0.000    1.000    1.000    1.000
  67    -66.000    -56.000    1    1   0.000    1.000    1.000    1.000
  68    -67.000    -55.333    1    1   0.000    1.000    1.000    1.000
  69    -68.000    -54.667    1    1   0.000    1.000    1.000    1.000
  70    -69.000    -54.000    1    1   0.000    1.000    1.000    1.000
  71    -70.000    -53.333    1    1   0.000    1.000    1.000    1.000
  72    -71.000    -52.667    1    1   0.000    1.000    1.000    1.000
  73    -72.000    -52.000    1    1   0.000    1.000    1.000    1.000
  74    -73.000    -51.333    1    1   0.000    1.000    1.000    1.000
  75    -74.000    -50.667    1    1   0.000    1.000    1.000    1.000
  76    -75.000    -50.000    1    1   0.000    1.000    1.000    1.000
  77    -76.000    -49.333    1    1   0.000    1.000    1.000    1.000
  78    -77.000    -48.667    1    1   0.000    1.000    1.000    1.000
  79    -78.000    -48.000    1    1   0.000    1.000    1.000    1.000
  80    -79.000    -47.333    1    1   0.000    1.000    1.000    1.000
  81    -80.000    -46.667    1    1   0.000    1.000    1.000    1.000
  82    -81.000    -46.000    1    1   0.000    1.000    1.000    1.000
  83    -82.000    -45.333    1    1   0.000    1.000    1.000    1.000
  84    -83.000    -44.667    1    1   0.000    1.000    1.000    1.000
  85    -84.000    -44.000    1    1   0.000    1.000    1.000    1.000
  86    -85.000    -43.333    1    1   0.000    1.000    1.000    1.000
  87    -86.000    -42.667    1    1   0.000    1.000    1.000    1.000
  88    -87.000    -42.000    1    1   0.000    1.000    1.000    1.000
  89    -88.000    -41.333    1    1   0.000    1.000    1.000    1.000
  90    -89.000    -40.667    1    1   0.000    1.000    1.000    1.000
  91    -90.000    -40.000    1    1   0.000    1.000    1.000    1.000
  92    -91.000    -39.333    1    1   0.000    1.000    1.000    1.000
  93    -92.000    -38.667    1    1   0.000    1.000    1.000    1.000
  94    -93.000    -38.000    1    1   0.000    1.000    1.000    1.000
  95    -94.000    -37.333    1    1   0.000    1.000    1.000    1.000
  96    -95.000    -36.667    1    1   0.000    1.000    1.000    1.000
  97    -96.000    -36.000    1    1   0.000    1.000    1.000    1.000
  98    -97.000    -35.333    1    1   0.000    1.000    1.000    1.000
  99    -98.000    -34.667    1    1   0.000    1.000    1.000    1.000
 100    -99.000    -34.000    1    1   0.000    1.000    1.000    1.000
 101   -100.000    -33.333    1    1   0.000    1.000    1.000    1.000
 102   -101.000    -32.667    1    1   0.000    1.000    1.000    1.000
 103   -102.000    -32.000    1    1   0.000    1.000    1.000    1.000
 104   -103.000    -31.333    1    1   0.000    1.000    1.000    1.000
 105   -104.000    -30.667    1    1   0.000    1.000    1.000    1.000
 106   -105.000    -30.000    1    1   0.000    1.000    1.000    1.000
 107   -106.000    -29.333    1    1   0.000    1.000    1.000    1.000
 108   -107.000    -28.667    1    1   0.000    1.000    1.000    1.000
 109   -108.000    -28.000    1    1   0.000    1.000    1.000    1.000
 110   -109.000    -27.333    1    1   0.000    1.000    1.000    1.000
 111   -110.000    -26.667    1    1   0.000    1.000    1.000    1.000
 112   -111.000    -26.000    1    1   0.000    1.000    1.000    1.000
 113   -112.000    -25.333    1    1   0.000    1.000    1.000    1.000
 114   -113.000    -24.667    1    1   0.000    1.000    1.000    1.000
 115   -114.000    -24.000    1    1   0.000    1.000    1.000    1.000
 116   -115.000    -23.333    1    1   0.000    1.000    1.000    1.000
 117   -116.000    -22.667    1    1   0.000    1.000    1.000    1.000
 118   -117.000    -22.000    1    1   0.000    1.000    1.000    1.000
 119   -118.000    -21.333    1    1   0.000    1.000    1.000    1.000
 120   -119.000    -20.667    1    1   0.000    1.000    1.000    1.000
 121   -120.000    -20.000    1    1   0.000    1.000    1.000    1.000
 122   -121.000    -19.333    1    1   0.000    1.000    1.000    1.000
 123   -122.000    -18.667    1    1   0.000    1.000    1.000    1.000
 124   -123.000    -18.000    1    1   0.000    1.000    1.000    1.000
 125   -124.000    -17.333    1    1   0.000    1.000    1.000    1.000
 126   -125.000    -16.667    1    1   0.000    1.000    1.000    1.000
 127   -126.000    -16.000    1    1   0.000    1.000    1.000    1.000
 128   -127.000    -15.333    1    1   0.000    1.000    1.000    1.000
 129   -128.000    -14.667    1    1   0.000    1.000    1.000    1.000
 130   -129.000    -14.000    1    1   0.000    1.000    1.000    1.000
 131   -130.000    -13.333    1    1   0.000    1.000    1.000    1.000
 132   -131.000    -12.667    1    1   0.000    1.000    1.000    1.000
 133   -132.000    -12.000    1    1   0.000    1.000    1.000    1.000
 134   -133.000    -11.333    1    1   0.000    1.000    1.000    1.000
 135   -134.000    -10.667    1    1   0.000    1.000    1.000    1.000
 136   -135.000    -10.000    1    1   0.000    1.000    1.000    1.000
 137   -136.000     -9.333    1    1   0.000    1.000    1.000    1.000
 138   -137.000     -8.667    1    1   0.000    1.000    1.000    1.000
 139   -138.000     -8.000    1    1   0.000    1.000    1.000    1.000
 140   -139.000     -7.333    1    1   0.000    1.000    1.000    1.000
 141   -140.000     -6.667    1    1   0.000    1.000    1.000    1.000
 142   -141.000     -6.000    1    1   0.000    1.000    1.000    1.000
 143   -142.000     -5.333    1    1   0.000    1.000    1.000    1.000
 144   -143.000     -4.667    1    1   0.000    1.000    1.000    1.000
 145   -144.000     -4.000    1    1   0.000    1.000    1.000    1.000
 146   -145.000     -3.333    1    1   0.000    1.000    1.000    1.000
 147   -146.000     -2.667    1    1   0.000    1.000    1.000    1.000
 148   -147.000     -2.000    1    1   0.000    1.000    1.000    1.000
 149   -148.000     -1.333    1    1   0.000    1.000    1.000    1.000
 150   -149.000     -0.667    1    1   0.000    1.000    1.000    1.000
 151   -150.000      0.000    1    1   0.000    1.000    1.000    1.000
end

 Number of species in the chain :   0


MatNum, Param. array:

   Mat     Qr     Qs        Alfa         n          Ks      l

    1    0.032  0.390   0.330E-01   0.145E+01   0.987E+02  0.500

       Table of Hydraulic Properties which are interpolated in simulation
       =================================================================

  theta         h        log h        C             K        log K          S          Kv
 
  0.3900  -0.100E-03 -0.4000E+01  0.1815E-04  0.9804E+02  0.1991E+01    1.0000  0.0000E+00
  0.3900  -0.120E-03 -0.3919E+01  0.1974E-04  0.9798E+02  0.1991E+01    1.0000  0.0000E+00
  0.3900  -0.145E-03 -0.3838E+01  0.2146E-04  0.9791E+02  0.1991E+01    1.0000  0.0000E+00
  0.3900  -0.175E-03 -0.3758E+01  0.2334E-04  0.9785E+02  0.1991E+01    1.0000  0.0000E+00
  0.3900  -0.210E-03 -0.3677E+01  0.2537E-04  0.9777E+02  0.1990E+01    1.0000  0.0000E+00
  0.3900  -0.254E-03 -0.3596E+01  0.2759E-04  0.9769E+02  0.1990E+01    1.0000  0.0000E+00
  0.3900  -0.305E-03 -0.3515E+01  0.3000E-04  0.9760E+02  0.1989E+01    1.0000  0.0000E+00
  0.3900  -0.368E-03 -0.3434E+01  0.3262E-04  0.9750E+02  0.1989E+01    1.0000  0.0000E+00
  0.3900  -0.443E-03 -0.3354E+01  0.3547E-04  0.9740E+02  0.1989E+01    1.0000  0.0000E+00
  0.3900  -0.534E-03 -0.3273E+01  0.3857E-04  0.9728E+02  0.1988E+01    1.0000  0.0000E+00
  0.3900  -0.643E-03 -0.3192E+01  0.4194E-04  0.9716E+02  0.1987E+01    1.0000  0.1429E-30
  0.3900  -0.774E-03 -0.3111E+01  0.4560E-04  0.9702E+02  0.1987E+01    1.0000  0.1429E-30
  0.3900  -0.933E-03 -0.3030E+01  0.4958E-04  0.9688E+02  0.1986E+01    1.0000  0.1429E-30
  0.3900  -0.112E-02 -0.2949E+01  0.5391E-04  0.9672E+02  0.1986E+01    1.0000  0.1429E-30
  0.3900  -0.135E-02 -0.2869E+01  0.5862E-04  0.9655E+02  0.1985E+01    1.0000  0.1441E-29
  0.3900  -0.163E-02 -0.2788E+01  0.6374E-04  0.9636E+02  0.1984E+01    1.0000  0.1441E-29
  0.3900  -0.196E-02 -0.2707E+01  0.6930E-04  0.9615E+02  0.1983E+01    1.0000  0.5566E-29
  0.3900  -0.236E-02 -0.2626E+01  0.7536E-04  0.9593E+02  0.1982E+01    1.0000  0.1452E-28
  0.3900  -0.285E-02 -0.2545E+01  0.8194E-04  0.9569E+02  0.1981E+01    1.0000  0.3055E-28
  0.3900  -0.343E-02 -0.2465E+01  0.8909E-04  0.9543E+02  0.1980E+01    1.0000  0.9378E-28
  0.3900  -0.413E-02 -0.2384E+01  0.9688E-04  0.9515E+02  0.1978E+01    1.0000  0.2167E-27
  0.3900  -0.498E-02 -0.2303E+01  0.1053E-03  0.9484E+02  0.1977E+01    1.0000  0.5655E-27
  0.3900  -0.599E-02 -0.2222E+01  0.1145E-03  0.9450E+02  0.1975E+01    1.0000  0.1475E-26
  0.3900  -0.722E-02 -0.2141E+01  0.1245E-03  0.9414E+02  0.1974E+01    1.0000  0.3652E-26
  0.3900  -0.870E-02 -0.2061E+01  0.1354E-03  0.9375E+02  0.1972E+01    1.0000  0.8440E-26
  0.3900  -0.105E-01 -0.1980E+01  0.1472E-03  0.9332E+02  0.1970E+01    1.0000  0.2202E-25
  0.3900  -0.126E-01 -0.1899E+01  0.1601E-03  0.9285E+02  0.1968E+01    1.0000  0.5355E-25
  0.3900  -0.152E-01 -0.1818E+01  0.1741E-03  0.9235E+02  0.1965E+01    1.0000  0.1277E-24
  0.3900  -0.183E-01 -0.1737E+01  0.1893E-03  0.9181E+02  0.1963E+01    1.0000  0.3153E-24
  0.3900  -0.221E-01 -0.1657E+01  0.2058E-03  0.9121E+02  0.1960E+01    1.0000  0.7806E-24
  0.3900  -0.266E-01 -0.1576E+01  0.2238E-03  0.9057E+02  0.1957E+01    1.0000  0.1941E-23
  0.3900  -0.320E-01 -0.1495E+01  0.2433E-03  0.8988E+02  0.1954E+01    1.0000  0.4707E-23
  0.3900  -0.385E-01 -0.1414E+01  0.2646E-03  0.8913E+02  0.1950E+01    1.0000  0.1161E-22
  0.3900  -0.464E-01 -0.1333E+01  0.2877E-03  0.8831E+02  0.1946E+01    1.0000  0.2851E-22
  0.3900  -0.559E-01 -0.1253E+01  0.3128E-03  0.8743E+02  0.1942E+01    1.0000  0.7025E-22
  0.3900  -0.673E-01 -0.1172E+01  0.3401E-03  0.8648E+02  0.1937E+01    1.0000  0.1722E-21
  0.3900  -0.811E-01 -0.1091E+01  0.3698E-03  0.8545E+02  0.1932E+01    0.9999  0.4230E-21
  0.3900  -0.977E-01 -0.1010E+01  0.4020E-03  0.8434E+02  0.1926E+01    0.9999  0.1040E-20
  0.3900  -0.118E+00 -0.9293E+00  0.4371E-03  0.8314E+02  0.1920E+01    0.9999  0.2560E-20
  0.3900  -0.142E+00 -0.8485E+00  0.4752E-03  0.8184E+02  0.1913E+01    0.9999  0.6280E-20
  0.3899  -0.171E+00 -0.7677E+00  0.5166E-03  0.8044E+02  0.1905E+01    0.9998  0.1544E-19
  0.3899  -0.206E+00 -0.6869E+00  0.5616E-03  0.7893E+02  0.1897E+01    0.9998  0.3793E-19
  0.3899  -0.248E+00 -0.6061E+00  0.6105E-03  0.7731E+02  0.1888E+01    0.9997  0.9322E-19
  0.3899  -0.298E+00 -0.5253E+00  0.6636E-03  0.7557E+02  0.1878E+01    0.9996  0.2289E-18
  0.3898  -0.359E+00 -0.4444E+00  0.7211E-03  0.7369E+02  0.1867E+01    0.9995  0.5623E-18
  0.3898  -0.433E+00 -0.3636E+00  0.7836E-03  0.7168E+02  0.1855E+01    0.9993  0.1380E-17
  0.3897  -0.521E+00 -0.2828E+00  0.8513E-03  0.6952E+02  0.1842E+01    0.9991  0.3387E-17
  0.3896  -0.628E+00 -0.2020E+00  0.9246E-03  0.6722E+02  0.1827E+01    0.9989  0.8312E-17
  0.3895  -0.756E+00 -0.1212E+00  0.1004E-02  0.6476E+02  0.1811E+01    0.9985  0.2038E-16
  0.3893  -0.911E+00 -0.4040E-01  0.1090E-02  0.6214E+02  0.1793E+01    0.9981  0.4993E-16
  0.3891  -0.110E+01  0.4040E-01  0.1182E-02  0.5935E+02  0.1773E+01    0.9975  0.1222E-15
  0.3888  -0.132E+01  0.1212E+00  0.1281E-02  0.5640E+02  0.1751E+01    0.9967  0.2988E-15
  0.3885  -0.159E+01  0.2020E+00  0.1387E-02  0.5329E+02  0.1727E+01    0.9957  0.7291E-15
  0.3880  -0.192E+01  0.2828E+00  0.1499E-02  0.5001E+02  0.1699E+01    0.9944  0.1776E-14
  0.3874  -0.231E+01  0.3636E+00  0.1619E-02  0.4659E+02  0.1668E+01    0.9927  0.4312E-14
  0.3866  -0.278E+01  0.4444E+00  0.1743E-02  0.4303E+02  0.1634E+01    0.9905  0.1043E-13
  0.3856  -0.335E+01  0.5253E+00  0.1872E-02  0.3935E+02  0.1595E+01    0.9876  0.2512E-13
  0.3842  -0.404E+01  0.6061E+00  0.2004E-02  0.3558E+02  0.1551E+01    0.9839  0.6012E-13
  0.3825  -0.486E+01  0.6869E+00  0.2134E-02  0.3176E+02  0.1502E+01    0.9791  0.1428E-12
  0.3803  -0.586E+01  0.7677E+00  0.2260E-02  0.2793E+02  0.1446E+01    0.9730  0.3356E-12
  0.3775  -0.705E+01  0.8485E+00  0.2376E-02  0.2415E+02  0.1383E+01    0.9652  0.7792E-12
  0.3740  -0.850E+01  0.9293E+00  0.2475E-02  0.2049E+02  0.1312E+01    0.9554  0.1781E-11
  0.3697  -0.102E+02  0.1010E+01  0.2549E-02  0.1701E+02  0.1231E+01    0.9432  0.3991E-11
  0.3643  -0.123E+02  0.1091E+01  0.2589E-02  0.1379E+02  0.1139E+01    0.9282  0.8737E-11
  0.3578  -0.148E+02  0.1172E+01  0.2589E-02  0.1088E+02  0.1037E+01    0.9099  0.1859E-10
  0.3500  -0.179E+02  0.1253E+01  0.2541E-02  0.8341E+01  0.9212E+00    0.8881  0.3827E-10
  0.3408  -0.215E+02  0.1333E+01  0.2443E-02  0.6203E+01  0.7926E+00    0.8626  0.7587E-10
  0.3304  -0.260E+02  0.1414E+01  0.2297E-02  0.4470E+01  0.6503E+00    0.8334  0.1442E-09
  0.3187  -0.313E+02  0.1495E+01  0.2110E-02  0.3121E+01  0.4943E+00    0.8008  0.2620E-09
  0.3059  -0.376E+02  0.1576E+01  0.1892E-02  0.2113E+01  0.3248E+00    0.7651  0.4539E-09
  0.2922  -0.453E+02  0.1657E+01  0.1658E-02  0.1389E+01  0.1426E+00    0.7270  0.7493E-09
  0.2780  -0.546E+02  0.1737E+01  0.1422E-02  0.8884E+00 -0.5138E-01    0.6872  0.1179E-08
  0.2634  -0.658E+02  0.1818E+01  0.1195E-02  0.5549E+00 -0.2558E+00    0.6465  0.1772E-08
  0.2488  -0.792E+02  0.1899E+01  0.9865E-03  0.3394E+00 -0.4693E+00    0.6057  0.2551E-08
  0.2344  -0.955E+02  0.1980E+01  0.8023E-03  0.2039E+00 -0.6906E+00    0.5654  0.3527E-08
  0.2204  -0.115E+03  0.2061E+01  0.6442E-03  0.1207E+00 -0.9183E+00    0.5262  0.4703E-08
  0.2069  -0.138E+03  0.2141E+01  0.5118E-03  0.7059E-01 -0.1151E+01    0.4886  0.6070E-08
  0.1940  -0.167E+03  0.2222E+01  0.4032E-03  0.4088E-01 -0.1388E+01    0.4526  0.7611E-08
  0.1819  -0.201E+03  0.2303E+01  0.3154E-03  0.2349E-01 -0.1629E+01    0.4187  0.9301E-08
  0.1705  -0.242E+03  0.2384E+01  0.2454E-03  0.1341E-01 -0.1872E+01    0.3868  0.1111E-07
  0.1598  -0.292E+03  0.2465E+01  0.1901E-03  0.7624E-02 -0.2118E+01    0.3570  0.1302E-07
  0.1498  -0.351E+03  0.2545E+01  0.1468E-03  0.4317E-02 -0.2365E+01    0.3292  0.1499E-07
  0.1406  -0.423E+03  0.2626E+01  0.1131E-03  0.2437E-02 -0.2613E+01    0.3033  0.1700E-07
  0.1320  -0.509E+03  0.2707E+01  0.8691E-04  0.1373E-02 -0.2862E+01    0.2794  0.1903E-07
  0.1241  -0.614E+03  0.2788E+01  0.6670E-04  0.7718E-03 -0.3113E+01    0.2573  0.2104E-07
  0.1168  -0.739E+03  0.2869E+01  0.5113E-04  0.4334E-03 -0.3363E+01    0.2368  0.2304E-07
  0.1100  -0.890E+03  0.2949E+01  0.3915E-04  0.2431E-03 -0.3614E+01    0.2180  0.2499E-07
  0.1038  -0.107E+04  0.3030E+01  0.2996E-04  0.1363E-03 -0.3866E+01    0.2006  0.2688E-07
  0.0981  -0.129E+04  0.3111E+01  0.2292E-04  0.7633E-04 -0.4117E+01    0.1845  0.2872E-07
  0.0928  -0.156E+04  0.3192E+01  0.1752E-04  0.4274E-04 -0.4369E+01    0.1698  0.3048E-07
  0.0879  -0.187E+04  0.3273E+01  0.1339E-04  0.2392E-04 -0.4621E+01    0.1562  0.3217E-07
  0.0834  -0.226E+04  0.3354E+01  0.1023E-04  0.1339E-04 -0.4873E+01    0.1437  0.3378E-07
  0.0793  -0.272E+04  0.3434E+01  0.7819E-05  0.7489E-05 -0.5126E+01    0.1321  0.3531E-07
  0.0755  -0.327E+04  0.3515E+01  0.5972E-05  0.4189E-05 -0.5378E+01    0.1215  0.3675E-07
  0.0720  -0.394E+04  0.3596E+01  0.4562E-05  0.2343E-05 -0.5630E+01    0.1118  0.3811E-07
  0.0688  -0.475E+04  0.3677E+01  0.3484E-05  0.1310E-05 -0.5883E+01    0.1028  0.3939E-07
  0.0659  -0.572E+04  0.3758E+01  0.2661E-05  0.7327E-06 -0.6135E+01    0.0946  0.4058E-07
  0.0631  -0.689E+04  0.3838E+01  0.2032E-05  0.4097E-06 -0.6387E+01    0.0870  0.4169E-07
  0.0606  -0.830E+04  0.3919E+01  0.1552E-05  0.2291E-06 -0.6640E+01    0.0800  0.4272E-07
  0.0583  -0.100E+05  0.4000E+01  0.1185E-05  0.1281E-06 -0.6892E+01    0.0736  0.4367E-07
end
