 ******* Program HYDRUS
 ******* 
 Welcome to HYDRUS-1D                                                    
 Date:   5.11.2022    Time:   9:39:43
 Units: L = cm   , T = days , M = mmol 


 Time:        0.0000


 Node      Depth      Head Moisture       K          C         Flux        Sink         Kappa   v/KsTop   Temp
           [L]        [L]    [-]        [L/T]      [1/L]      [L/T]        [1/T]         [-]      [-]      [C]

   1     0.0000    -100.000 0.2312   0.1845E+00  0.7655E-03 -0.6199E-01  0.0000E+00      -1  -0.628E-03   20.00
   2    -1.0000     -99.333 0.2316   0.1874E+00  0.7709E-03 -0.6246E-01  0.0000E+00      -1  -0.633E-03   20.00
   3    -2.0000     -98.667 0.2321   0.1902E+00  0.7763E-03 -0.6340E-01  0.0000E+00      -1  -0.642E-03   20.00
   4    -3.0000     -98.000 0.2326   0.1931E+00  0.7817E-03 -0.6435E-01  0.0000E+00      -1  -0.652E-03   20.00
   5    -4.0000     -97.333 0.2331   0.1959E+00  0.7871E-03 -0.6530E-01  0.0000E+00      -1  -0.662E-03   20.00
   6    -5.0000     -96.667 0.2336   0.1987E+00  0.7925E-03 -0.6625E-01  0.0000E+00      -1  -0.671E-03   20.00
   7    -6.0000     -96.000 0.2340   0.2016E+00  0.7979E-03 -0.6724E-01  0.0000E+00      -1  -0.681E-03   20.00
   8    -7.0000     -95.333 0.2345   0.2049E+00  0.8037E-03 -0.6849E-01  0.0000E+00      -1  -0.694E-03   20.00
   9    -8.0000     -94.667 0.2351   0.2105E+00  0.8113E-03 -0.7016E-01  0.0000E+00      -1  -0.711E-03   20.00
  10    -9.0000     -94.000 0.2357   0.2161E+00  0.8188E-03 -0.7202E-01  0.0000E+00      -1  -0.730E-03   20.00
  11   -10.0000     -93.333 0.2363   0.2216E+00  0.8264E-03 -0.7388E-01  0.0000E+00      -1  -0.748E-03   20.00
  12   -11.0000     -92.667 0.2369   0.2272E+00  0.8340E-03 -0.7574E-01  0.0000E+00      -1  -0.767E-03   20.00
  13   -12.0000     -92.000 0.2375   0.2328E+00  0.8416E-03 -0.7760E-01  0.0000E+00      -1  -0.786E-03   20.00
  14   -13.0000     -91.333 0.2381   0.2384E+00  0.8492E-03 -0.7945E-01  0.0000E+00      -1  -0.805E-03   20.00
  15   -14.0000     -90.667 0.2387   0.2439E+00  0.8567E-03 -0.8131E-01  0.0000E+00      -1  -0.824E-03   20.00
  16   -15.0000     -90.000 0.2393   0.2495E+00  0.8643E-03 -0.8317E-01  0.0000E+00      -1  -0.843E-03   20.00
  17   -16.0000     -89.333 0.2399   0.2551E+00  0.8719E-03 -0.8503E-01  0.0000E+00      -1  -0.861E-03   20.00
  18   -17.0000     -88.667 0.2405   0.2607E+00  0.8795E-03 -0.8688E-01  0.0000E+00      -1  -0.880E-03   20.00
  19   -18.0000     -88.000 0.2411   0.2662E+00  0.8870E-03 -0.8874E-01  0.0000E+00      -1  -0.899E-03   20.00
  20   -19.0000     -87.333 0.2416   0.2718E+00  0.8946E-03 -0.9060E-01  0.0000E+00      -1  -0.918E-03   20.00
  21   -20.0000     -86.667 0.2422   0.2774E+00  0.9022E-03 -0.9246E-01  0.0000E+00      -1  -0.937E-03   20.00
  22   -21.0000     -86.000 0.2428   0.2829E+00  0.9098E-03 -0.9432E-01  0.0000E+00      -1  -0.956E-03   20.00
  23   -22.0000     -85.333 0.2434   0.2885E+00  0.9174E-03 -0.9617E-01  0.0000E+00      -1  -0.974E-03   20.00
  24   -23.0000     -84.667 0.2440   0.2941E+00  0.9249E-03 -0.9803E-01  0.0000E+00      -1  -0.993E-03   20.00
  25   -24.0000     -84.000 0.2446   0.2997E+00  0.9325E-03 -0.9989E-01  0.0000E+00      -1  -0.101E-02   20.00
  26   -25.0000     -83.333 0.2452   0.3052E+00  0.9401E-03 -0.1017E+00  0.0000E+00      -1  -0.103E-02   20.00
  27   -26.0000     -82.667 0.2458   0.3108E+00  0.9477E-03 -0.1036E+00  0.0000E+00      -1  -0.105E-02   20.00
  28   -27.0000     -82.000 0.2464   0.3164E+00  0.9553E-03 -0.1055E+00  0.0000E+00      -1  -0.107E-02   20.00
  29   -28.0000     -81.333 0.2470   0.3220E+00  0.9628E-03 -0.1073E+00  0.0000E+00      -1  -0.109E-02   20.00
  30   -29.0000     -80.667 0.2476   0.3275E+00  0.9704E-03 -0.1092E+00  0.0000E+00      -1  -0.111E-02   20.00
  31   -30.0000     -80.000 0.2482   0.3331E+00  0.9780E-03 -0.1110E+00  0.0000E+00      -1  -0.112E-02   20.00
  32   -31.0000     -79.333 0.2488   0.3387E+00  0.9856E-03 -0.1133E+00  0.0000E+00      -1  -0.115E-02   20.00
  33   -32.0000     -78.667 0.2495   0.3487E+00  0.9955E-03 -0.1163E+00  0.0000E+00      -1  -0.118E-02   20.00
  34   -33.0000     -78.000 0.2502   0.3594E+00  0.1006E-02 -0.1198E+00  0.0000E+00      -1  -0.121E-02   20.00
  35   -34.0000     -77.333 0.2509   0.3701E+00  0.1016E-02 -0.1234E+00  0.0000E+00      -1  -0.125E-02   20.00
  36   -35.0000     -76.667 0.2516   0.3807E+00  0.1026E-02 -0.1269E+00  0.0000E+00      -1  -0.129E-02   20.00
  37   -36.0000     -76.000 0.2524   0.3914E+00  0.1037E-02 -0.1305E+00  0.0000E+00      -1  -0.132E-02   20.00
  38   -37.0000     -75.333 0.2531   0.4021E+00  0.1047E-02 -0.1340E+00  0.0000E+00      -1  -0.136E-02   20.00
  39   -38.0000     -74.667 0.2538   0.4128E+00  0.1057E-02 -0.1376E+00  0.0000E+00      -1  -0.139E-02   20.00
  40   -39.0000     -74.000 0.2545   0.4234E+00  0.1068E-02 -0.1412E+00  0.0000E+00      -1  -0.143E-02   20.00
  41   -40.0000     -73.333 0.2553   0.4341E+00  0.1078E-02 -0.1447E+00  0.0000E+00      -1  -0.147E-02   20.00
  42   -41.0000     -72.667 0.2560   0.4448E+00  0.1088E-02 -0.1483E+00  0.0000E+00      -1  -0.150E-02   20.00
  43   -42.0000     -72.000 0.2567   0.4555E+00  0.1099E-02 -0.1518E+00  0.0000E+00      -1  -0.154E-02   20.00
  44   -43.0000     -71.333 0.2574   0.4662E+00  0.1109E-02 -0.1554E+00  0.0000E+00      -1  -0.157E-02   20.00
  45   -44.0000     -70.667 0.2582   0.4768E+00  0.1119E-02 -0.1589E+00  0.0000E+00      -1  -0.161E-02   20.00
  46   -45.0000     -70.000 0.2589   0.4875E+00  0.1130E-02 -0.1625E+00  0.0000E+00      -1  -0.165E-02   20.00
  47   -46.0000     -69.333 0.2596   0.4982E+00  0.1140E-02 -0.1661E+00  0.0000E+00      -1  -0.168E-02   20.00
  48   -47.0000     -68.667 0.2603   0.5089E+00  0.1150E-02 -0.1696E+00  0.0000E+00      -1  -0.172E-02   20.00
  49   -48.0000     -68.000 0.2610   0.5196E+00  0.1161E-02 -0.1732E+00  0.0000E+00      -1  -0.175E-02   20.00
  50   -49.0000     -67.333 0.2618   0.5302E+00  0.1171E-02 -0.1767E+00  0.0000E+00      -1  -0.179E-02   20.00
  51   -50.0000     -66.667 0.2625   0.5409E+00  0.1181E-02 -0.1803E+00  0.0000E+00      -1  -0.183E-02   20.00
  52   -51.0000     -66.000 0.2632   0.5516E+00  0.1192E-02 -0.1844E+00  0.0000E+00      -1  -0.187E-02   20.00
  53   -52.0000     -65.333 0.2640   0.5686E+00  0.1204E-02 -0.1898E+00  0.0000E+00      -1  -0.192E-02   20.00
  54   -53.0000     -64.667 0.2649   0.5885E+00  0.1218E-02 -0.1962E+00  0.0000E+00      -1  -0.199E-02   20.00
  55   -54.0000     -64.000 0.2658   0.6084E+00  0.1231E-02 -0.2028E+00  0.0000E+00      -1  -0.205E-02   20.00
  56   -55.0000     -63.333 0.2667   0.6283E+00  0.1245E-02 -0.2095E+00  0.0000E+00      -1  -0.212E-02   20.00
  57   -56.0000     -62.667 0.2675   0.6483E+00  0.1258E-02 -0.2161E+00  0.0000E+00      -1  -0.219E-02   20.00
  58   -57.0000     -62.000 0.2684   0.6682E+00  0.1272E-02 -0.2227E+00  0.0000E+00      -1  -0.226E-02   20.00
  59   -58.0000     -61.333 0.2693   0.6881E+00  0.1285E-02 -0.2294E+00  0.0000E+00      -1  -0.232E-02   20.00
  60   -59.0000     -60.667 0.2701   0.7080E+00  0.1299E-02 -0.2360E+00  0.0000E+00      -1  -0.239E-02   20.00
  61   -60.0000     -60.000 0.2710   0.7279E+00  0.1312E-02 -0.2426E+00  0.0000E+00      -1  -0.246E-02   20.00
  62   -61.0000     -59.333 0.2719   0.7478E+00  0.1326E-02 -0.2493E+00  0.0000E+00      -1  -0.253E-02   20.00
  63   -62.0000     -58.667 0.2727   0.7677E+00  0.1340E-02 -0.2559E+00  0.0000E+00      -1  -0.259E-02   20.00
  64   -63.0000     -58.000 0.2736   0.7876E+00  0.1353E-02 -0.2625E+00  0.0000E+00      -1  -0.266E-02   20.00
  65   -64.0000     -57.333 0.2745   0.8075E+00  0.1367E-02 -0.2692E+00  0.0000E+00      -1  -0.273E-02   20.00
  66   -65.0000     -56.667 0.2753   0.8274E+00  0.1380E-02 -0.2758E+00  0.0000E+00      -1  -0.279E-02   20.00
  67   -66.0000     -56.000 0.2762   0.8473E+00  0.1394E-02 -0.2824E+00  0.0000E+00      -1  -0.286E-02   20.00
  68   -67.0000     -55.333 0.2771   0.8672E+00  0.1407E-02 -0.2891E+00  0.0000E+00      -1  -0.293E-02   20.00
  69   -68.0000     -54.667 0.2779   0.8871E+00  0.1421E-02 -0.2970E+00  0.0000E+00      -1  -0.301E-02   20.00
  70   -69.0000     -54.000 0.2790   0.9220E+00  0.1438E-02 -0.3074E+00  0.0000E+00      -1  -0.311E-02   20.00
  71   -70.0000     -53.333 0.2800   0.9580E+00  0.1455E-02 -0.3193E+00  0.0000E+00      -1  -0.324E-02   20.00
  72   -71.0000     -52.667 0.2810   0.9939E+00  0.1472E-02 -0.3313E+00  0.0000E+00      -1  -0.336E-02   20.00
  73   -72.0000     -52.000 0.2820   0.1030E+01  0.1489E-02 -0.3433E+00  0.0000E+00      -1  -0.348E-02   20.00
  74   -73.0000     -51.333 0.2831   0.1066E+01  0.1506E-02 -0.3553E+00  0.0000E+00      -1  -0.360E-02   20.00
  75   -74.0000     -50.667 0.2841   0.1102E+01  0.1523E-02 -0.3673E+00  0.0000E+00      -1  -0.372E-02   20.00
  76   -75.0000     -50.000 0.2851   0.1138E+01  0.1540E-02 -0.3792E+00  0.0000E+00      -1  -0.384E-02   20.00
  77   -76.0000     -49.333 0.2861   0.1174E+01  0.1557E-02 -0.3912E+00  0.0000E+00      -1  -0.396E-02   20.00
  78   -77.0000     -48.667 0.2872   0.1210E+01  0.1574E-02 -0.4032E+00  0.0000E+00      -1  -0.408E-02   20.00
  79   -78.0000     -48.000 0.2882   0.1246E+01  0.1591E-02 -0.4152E+00  0.0000E+00      -1  -0.421E-02   20.00
  80   -79.0000     -47.333 0.2892   0.1282E+01  0.1608E-02 -0.4272E+00  0.0000E+00      -1  -0.433E-02   20.00
  81   -80.0000     -46.667 0.2902   0.1318E+01  0.1625E-02 -0.4392E+00  0.0000E+00      -1  -0.445E-02   20.00
  82   -81.0000     -46.000 0.2912   0.1353E+01  0.1642E-02 -0.4512E+00  0.0000E+00      -1  -0.457E-02   20.00
  83   -82.0000     -45.333 0.2923   0.1390E+01  0.1659E-02 -0.4655E+00  0.0000E+00      -1  -0.472E-02   20.00
  84   -83.0000     -44.667 0.2935   0.1453E+01  0.1679E-02 -0.4842E+00  0.0000E+00      -1  -0.491E-02   20.00
  85   -84.0000     -44.000 0.2946   0.1515E+01  0.1699E-02 -0.5051E+00  0.0000E+00      -1  -0.512E-02   20.00
  86   -85.0000     -43.333 0.2958   0.1578E+01  0.1720E-02 -0.5260E+00  0.0000E+00      -1  -0.533E-02   20.00
  87   -86.0000     -42.667 0.2970   0.1641E+01  0.1740E-02 -0.5469E+00  0.0000E+00      -1  -0.554E-02   20.00
  88   -87.0000     -42.000 0.2982   0.1703E+01  0.1760E-02 -0.5678E+00  0.0000E+00      -1  -0.575E-02   20.00
  89   -88.0000     -41.333 0.2994   0.1766E+01  0.1780E-02 -0.5887E+00  0.0000E+00      -1  -0.596E-02   20.00
  90   -89.0000     -40.667 0.3005   0.1829E+01  0.1801E-02 -0.6096E+00  0.0000E+00      -1  -0.618E-02   20.00
  91   -90.0000     -40.000 0.3017   0.1892E+01  0.1821E-02 -0.6305E+00  0.0000E+00      -1  -0.639E-02   20.00
  92   -91.0000     -39.333 0.3029   0.1954E+01  0.1841E-02 -0.6514E+00  0.0000E+00      -1  -0.660E-02   20.00
  93   -92.0000     -38.667 0.3041   0.2017E+01  0.1861E-02 -0.6723E+00  0.0000E+00      -1  -0.681E-02   20.00
  94   -93.0000     -38.000 0.3053   0.2080E+01  0.1882E-02 -0.6949E+00  0.0000E+00      -1  -0.704E-02   20.00
  95   -94.0000     -37.333 0.3065   0.2162E+01  0.1903E-02 -0.7227E+00  0.0000E+00      -1  -0.732E-02   20.00
  96   -95.0000     -36.667 0.3079   0.2268E+01  0.1926E-02 -0.7559E+00  0.0000E+00      -1  -0.766E-02   20.00
  97   -96.0000     -36.000 0.3092   0.2373E+01  0.1949E-02 -0.7909E+00  0.0000E+00      -1  -0.801E-02   20.00
  98   -97.0000     -35.333 0.3105   0.2478E+01  0.1971E-02 -0.8260E+00  0.0000E+00      -1  -0.837E-02   20.00
  99   -98.0000     -34.667 0.3119   0.2583E+01  0.1994E-02 -0.8610E+00  0.0000E+00      -1  -0.872E-02   20.00
 100   -99.0000     -34.000 0.3132   0.2688E+01  0.2017E-02 -0.8961E+00  0.0000E+00      -1  -0.908E-02   20.00
 101  -100.0000     -33.333 0.3145   0.2793E+01  0.2039E-02 -0.9312E+00  0.0000E+00      -1  -0.943E-02   20.00
 102  -101.0000     -32.667 0.3159   0.2899E+01  0.2062E-02 -0.9662E+00  0.0000E+00      -1  -0.979E-02   20.00
 103  -102.0000     -32.000 0.3172   0.3004E+01  0.2085E-02 -0.1001E+01  0.0000E+00      -1  -0.101E-01   20.00
 104  -103.0000     -31.333 0.3185   0.3109E+01  0.2107E-02 -0.1041E+01  0.0000E+00      -1  -0.105E-01   20.00
 105  -104.0000     -30.667 0.3200   0.3271E+01  0.2131E-02 -0.1091E+01  0.0000E+00      -1  -0.111E-01   20.00
 106  -105.0000     -30.000 0.3215   0.3441E+01  0.2154E-02 -0.1147E+01  0.0000E+00      -1  -0.116E-01   20.00
 107  -106.0000     -29.333 0.3229   0.3610E+01  0.2178E-02 -0.1203E+01  0.0000E+00      -1  -0.122E-01   20.00
 108  -107.0000     -28.667 0.3244   0.3780E+01  0.2201E-02 -0.1260E+01  0.0000E+00      -1  -0.128E-01   20.00
 109  -108.0000     -28.000 0.3259   0.3949E+01  0.2225E-02 -0.1316E+01  0.0000E+00      -1  -0.133E-01   20.00
 110  -109.0000     -27.333 0.3273   0.4119E+01  0.2249E-02 -0.1373E+01  0.0000E+00      -1  -0.139E-01   20.00
 111  -110.0000     -26.667 0.3288   0.4288E+01  0.2272E-02 -0.1429E+01  0.0000E+00      -1  -0.145E-01   20.00
 112  -111.0000     -26.000 0.3303   0.4458E+01  0.2296E-02 -0.1493E+01  0.0000E+00      -1  -0.151E-01   20.00
 113  -112.0000     -25.333 0.3318   0.4713E+01  0.2318E-02 -0.1572E+01  0.0000E+00      -1  -0.159E-01   20.00
 114  -113.0000     -24.667 0.3334   0.4975E+01  0.2340E-02 -0.1658E+01  0.0000E+00      -1  -0.168E-01   20.00
 115  -114.0000     -24.000 0.3350   0.5237E+01  0.2362E-02 -0.1746E+01  0.0000E+00      -1  -0.177E-01   20.00
 116  -115.0000     -23.333 0.3366   0.5500E+01  0.2384E-02 -0.1833E+01  0.0000E+00      -1  -0.186E-01   20.00
 117  -116.0000     -22.667 0.3382   0.5762E+01  0.2406E-02 -0.1921E+01  0.0000E+00      -1  -0.195E-01   20.00
 118  -117.0000     -22.000 0.3397   0.6024E+01  0.2428E-02 -0.2011E+01  0.0000E+00      -1  -0.204E-01   20.00
 119  -118.0000     -21.333 0.3414   0.6327E+01  0.2449E-02 -0.2116E+01  0.0000E+00      -1  -0.214E-01   20.00
 120  -119.0000     -20.667 0.3430   0.6716E+01  0.2467E-02 -0.2239E+01  0.0000E+00      -1  -0.227E-01   20.00
 121  -120.0000     -20.000 0.3447   0.7106E+01  0.2485E-02 -0.2369E+01  0.0000E+00      -1  -0.240E-01   20.00
 122  -121.0000     -19.333 0.3463   0.7495E+01  0.2503E-02 -0.2498E+01  0.0000E+00      -1  -0.253E-01   20.00
 123  -122.0000     -18.667 0.3480   0.7885E+01  0.2520E-02 -0.2628E+01  0.0000E+00      -1  -0.266E-01   20.00
 124  -123.0000     -18.000 0.3497   0.8275E+01  0.2538E-02 -0.2770E+01  0.0000E+00      -1  -0.281E-01   20.00
 125  -124.0000     -17.333 0.3514   0.8803E+01  0.2550E-02 -0.2937E+01  0.0000E+00      -1  -0.298E-01   20.00
 126  -125.0000     -16.667 0.3531   0.9360E+01  0.2560E-02 -0.3120E+01  0.0000E+00      -1  -0.316E-01   20.00
 127  -126.0000     -16.000 0.3548   0.9917E+01  0.2571E-02 -0.3306E+01  0.0000E+00      -1  -0.335E-01   20.00
 128  -127.0000     -15.333 0.3565   0.1047E+02  0.2581E-02 -0.3496E+01  0.0000E+00      -1  -0.354E-01   20.00
 129  -128.0000     -14.667 0.3582   0.1109E+02  0.2589E-02 -0.3709E+01  0.0000E+00      -1  -0.376E-01   20.00
 130  -129.0000     -14.000 0.3600   0.1186E+02  0.2589E-02 -0.3953E+01  0.0000E+00      -1  -0.400E-01   20.00
 131  -130.0000     -13.333 0.3617   0.1263E+02  0.2589E-02 -0.4209E+01  0.0000E+00      -1  -0.426E-01   20.00
 132  -131.0000     -12.667 0.3634   0.1340E+02  0.2589E-02 -0.4476E+01  0.0000E+00      -1  -0.453E-01   20.00
 133  -132.0000     -12.000 0.3651   0.1429E+02  0.2583E-02 -0.4775E+01  0.0000E+00      -1  -0.484E-01   20.00
 134  -133.0000     -11.333 0.3668   0.1532E+02  0.2570E-02 -0.5107E+01  0.0000E+00      -1  -0.517E-01   20.00
 135  -134.0000     -10.667 0.3686   0.1635E+02  0.2557E-02 -0.5458E+01  0.0000E+00      -1  -0.553E-01   20.00
 136  -135.0000     -10.000 0.3703   0.1748E+02  0.2539E-02 -0.5844E+01  0.0000E+00      -1  -0.592E-01   20.00
 137  -136.0000      -9.333 0.3719   0.1882E+02  0.2510E-02 -0.6273E+01  0.0000E+00      -1  -0.635E-01   20.00
 138  -137.0000      -8.667 0.3736   0.2015E+02  0.2482E-02 -0.6740E+01  0.0000E+00      -1  -0.683E-01   20.00
 139  -138.0000      -8.000 0.3753   0.2175E+02  0.2441E-02 -0.7259E+01  0.0000E+00      -1  -0.735E-01   20.00
 140  -139.0000      -7.333 0.3769   0.2345E+02  0.2395E-02 -0.7836E+01  0.0000E+00      -1  -0.794E-01   20.00
 141  -140.0000      -6.667 0.3784   0.2538E+02  0.2339E-02 -0.8474E+01  0.0000E+00      -1  -0.858E-01   20.00
 142  -141.0000      -6.000 0.3800   0.2748E+02  0.2274E-02 -0.9191E+01  0.0000E+00      -1  -0.931E-01   20.00
 143  -142.0000      -5.333 0.3815   0.2995E+02  0.2194E-02 -0.1000E+02  0.0000E+00      -1  -0.101E+00   20.00
 144  -143.0000      -4.667 0.3829   0.3266E+02  0.2103E-02 -0.1092E+02  0.0000E+00      -1  -0.111E+00   20.00
 145  -144.0000      -4.000 0.3843   0.3578E+02  0.1997E-02 -0.1197E+02  0.0000E+00      -1  -0.121E+00   20.00
 146  -145.0000      -3.333 0.3856   0.3947E+02  0.1868E-02 -0.1322E+02  0.0000E+00      -1  -0.134E+00   20.00
 147  -146.0000      -2.667 0.3868   0.4390E+02  0.1713E-02 -0.1471E+02  0.0000E+00      -1  -0.149E+00   20.00
 148  -147.0000      -2.000 0.3879   0.4930E+02  0.1524E-02 -0.1656E+02  0.0000E+00      -1  -0.168E+00   20.00
 149  -148.0000      -1.333 0.3888   0.5627E+02  0.1285E-02 -0.1903E+02  0.0000E+00      -1  -0.193E+00   20.00
 150  -149.0000      -0.667 0.3896   0.6648E+02  0.9485E-03 -0.2399E+02  0.0000E+00      -1  -0.243E+00   20.00
 151  -150.0000       0.000 0.3900   0.9871E+02  0.0000E+00 -0.2753E+02  0.0000E+00      -1  -0.279E+00   20.00
end


 Time:      273.0000


 Node      Depth      Head Moisture       K          C         Flux        Sink         Kappa   v/KsTop   Temp
           [L]        [L]    [-]        [L/T]      [1/L]      [L/T]        [1/T]         [-]      [-]      [C]

   1     0.0000     -74.988 0.2534   0.4046E+00  0.1050E-02 -0.1059E+01  0.2144E-01      -1  -0.107E-01   20.00
   2    -1.0000     -76.641 0.2516   0.3779E+00  0.1024E-02 -0.1016E+01  0.2037E-01      -1  -0.103E-01   20.00
   3    -2.0000     -78.375 0.2497   0.3500E+00  0.9968E-03 -0.9740E+00  0.1930E-01      -1  -0.987E-02   20.00
   4    -3.0000     -80.178 0.2480   0.3299E+00  0.9736E-03 -0.9325E+00  0.1823E-01      -1  -0.945E-02   20.00
   5    -4.0000     -82.007 0.2464   0.3147E+00  0.9529E-03 -0.8907E+00  0.1715E-01      -1  -0.902E-02   20.00
   6    -5.0000     -83.840 0.2448   0.2994E+00  0.9322E-03 -0.8482E+00  0.1608E-01      -1  -0.859E-02   20.00
   7    -6.0000     -85.673 0.2431   0.2842E+00  0.9115E-03 -0.8049E+00  0.1501E-01      -1  -0.815E-02   20.00
   8    -7.0000     -87.504 0.2415   0.2691E+00  0.8909E-03 -0.7608E+00  0.1394E-01      -1  -0.771E-02   20.00
   9    -8.0000     -89.327 0.2399   0.2541E+00  0.8705E-03 -0.7155E+00  0.1286E-01      -1  -0.725E-02   20.00
  10    -9.0000     -91.135 0.2383   0.2392E+00  0.8503E-03 -0.6699E+00  0.1179E-01      -1  -0.679E-02   20.00
  11   -10.0000     -92.926 0.2367   0.2245E+00  0.8304E-03 -0.6254E+00  0.1072E-01      -1  -0.634E-02   20.00
  12   -11.0000     -94.703 0.2351   0.2100E+00  0.8106E-03 -0.5826E+00  0.9649E-02      -1  -0.590E-02   20.00
  13   -12.0000     -96.446 0.2337   0.1997E+00  0.7943E-03 -0.5416E+00  0.8577E-02      -1  -0.549E-02   20.00
  14   -13.0000     -98.103 0.2325   0.1927E+00  0.7810E-03 -0.5016E+00  0.7504E-02      -1  -0.508E-02   20.00
  15   -14.0000     -99.646 0.2314   0.1862E+00  0.7686E-03 -0.4625E+00  0.6432E-02      -1  -0.468E-02   20.00
  16   -15.0000    -101.065 0.2304   0.1802E+00  0.7572E-03 -0.4245E+00  0.5360E-02      -1  -0.430E-02   20.00
  17   -16.0000    -102.351 0.2295   0.1748E+00  0.7469E-03 -0.3879E+00  0.4288E-02      -1  -0.393E-02   20.00
  18   -17.0000    -103.498 0.2287   0.1699E+00  0.7377E-03 -0.3530E+00  0.3216E-02      -1  -0.358E-02   20.00
  19   -18.0000    -104.501 0.2279   0.1657E+00  0.7296E-03 -0.3201E+00  0.2144E-02      -1  -0.324E-02   20.00
  20   -19.0000    -105.358 0.2273   0.1620E+00  0.7227E-03 -0.2894E+00  0.1072E-02      -1  -0.293E-02   20.00
  21   -20.0000    -106.070 0.2268   0.1590E+00  0.7170E-03 -0.2612E+00  0.0000E+00      -1  -0.265E-02   20.00
  22   -21.0000    -106.639 0.2264   0.1566E+00  0.7123E-03 -0.2349E+00  0.0000E+00      -1  -0.238E-02   20.00
  23   -22.0000    -107.067 0.2261   0.1547E+00  0.7089E-03 -0.2103E+00  0.0000E+00      -1  -0.213E-02   20.00
  24   -23.0000    -107.354 0.2259   0.1535E+00  0.7065E-03 -0.1874E+00  0.0000E+00      -1  -0.190E-02   20.00
  25   -24.0000    -107.506 0.2258   0.1529E+00  0.7053E-03 -0.1663E+00  0.0000E+00      -1  -0.168E-02   20.00
  26   -25.0000    -107.528 0.2257   0.1527E+00  0.7051E-03 -0.1469E+00  0.0000E+00      -1  -0.149E-02   20.00
  27   -26.0000    -107.428 0.2258   0.1532E+00  0.7058E-03 -0.1293E+00  0.0000E+00      -1  -0.131E-02   20.00
  28   -27.0000    -107.216 0.2260   0.1540E+00  0.7075E-03 -0.1135E+00  0.0000E+00      -1  -0.115E-02   20.00
  29   -28.0000    -106.901 0.2262   0.1554E+00  0.7101E-03 -0.9940E-01  0.0000E+00      -1  -0.101E-02   20.00
  30   -29.0000    -106.495 0.2265   0.1571E+00  0.7133E-03 -0.8688E-01  0.0000E+00      -1  -0.880E-03   20.00
  31   -30.0000    -106.007 0.2268   0.1591E+00  0.7172E-03 -0.7587E-01  0.0000E+00      -1  -0.769E-03   20.00
  32   -31.0000    -105.448 0.2272   0.1615E+00  0.7217E-03 -0.6627E-01  0.0000E+00      -1  -0.671E-03   20.00
  33   -32.0000    -104.828 0.2277   0.1641E+00  0.7267E-03 -0.5796E-01  0.0000E+00      -1  -0.587E-03   20.00
  34   -33.0000    -104.155 0.2282   0.1670E+00  0.7322E-03 -0.5084E-01  0.0000E+00      -1  -0.515E-03   20.00
  35   -34.0000    -103.437 0.2287   0.1700E+00  0.7380E-03 -0.4480E-01  0.0000E+00      -1  -0.454E-03   20.00
  36   -35.0000    -102.682 0.2292   0.1733E+00  0.7440E-03 -0.3974E-01  0.0000E+00      -1  -0.403E-03   20.00
  37   -36.0000    -101.896 0.2298   0.1766E+00  0.7504E-03 -0.3556E-01  0.0000E+00      -1  -0.360E-03   20.00
  38   -37.0000    -101.085 0.2304   0.1800E+00  0.7569E-03 -0.3217E-01  0.0000E+00      -1  -0.326E-03   20.00
  39   -38.0000    -100.253 0.2310   0.1836E+00  0.7637E-03 -0.2950E-01  0.0000E+00      -1  -0.299E-03   20.00
  40   -39.0000     -99.406 0.2316   0.1872E+00  0.7705E-03 -0.2746E-01  0.0000E+00      -1  -0.278E-03   20.00
  41   -40.0000     -98.547 0.2322   0.1908E+00  0.7775E-03 -0.2599E-01  0.0000E+00      -1  -0.263E-03   20.00
  42   -41.0000     -97.679 0.2328   0.1945E+00  0.7845E-03 -0.2503E-01  0.0000E+00      -1  -0.254E-03   20.00
  43   -42.0000     -96.804 0.2334   0.1982E+00  0.7915E-03 -0.2452E-01  0.0000E+00      -1  -0.248E-03   20.00
  44   -43.0000     -95.926 0.2341   0.2020E+00  0.7987E-03 -0.2442E-01  0.0000E+00      -1  -0.247E-03   20.00
  45   -44.0000     -95.046 0.2348   0.2075E+00  0.8072E-03 -0.2471E-01  0.0000E+00      -1  -0.250E-03   20.00
  46   -45.0000     -94.164 0.2356   0.2149E+00  0.8172E-03 -0.2540E-01  0.0000E+00      -1  -0.257E-03   20.00
  47   -46.0000     -93.282 0.2364   0.2222E+00  0.8272E-03 -0.2642E-01  0.0000E+00      -1  -0.268E-03   20.00
  48   -47.0000     -92.402 0.2371   0.2296E+00  0.8372E-03 -0.2771E-01  0.0000E+00      -1  -0.281E-03   20.00
  49   -48.0000     -91.523 0.2379   0.2369E+00  0.8472E-03 -0.2924E-01  0.0000E+00      -1  -0.296E-03   20.00
  50   -49.0000     -90.648 0.2387   0.2442E+00  0.8571E-03 -0.3096E-01  0.0000E+00      -1  -0.314E-03   20.00
  51   -50.0000     -89.777 0.2395   0.2515E+00  0.8670E-03 -0.3285E-01  0.0000E+00      -1  -0.333E-03   20.00
  52   -51.0000     -88.910 0.2402   0.2587E+00  0.8768E-03 -0.3488E-01  0.0000E+00      -1  -0.353E-03   20.00
  53   -52.0000     -88.047 0.2410   0.2659E+00  0.8866E-03 -0.3701E-01  0.0000E+00      -1  -0.375E-03   20.00
  54   -53.0000     -87.188 0.2418   0.2731E+00  0.8964E-03 -0.3924E-01  0.0000E+00      -1  -0.397E-03   20.00
  55   -54.0000     -86.334 0.2425   0.2802E+00  0.9061E-03 -0.4153E-01  0.0000E+00      -1  -0.421E-03   20.00
  56   -55.0000     -85.484 0.2433   0.2873E+00  0.9157E-03 -0.4388E-01  0.0000E+00      -1  -0.445E-03   20.00
  57   -56.0000     -84.639 0.2440   0.2944E+00  0.9253E-03 -0.4627E-01  0.0000E+00      -1  -0.469E-03   20.00
  58   -57.0000     -83.799 0.2448   0.3014E+00  0.9349E-03 -0.4869E-01  0.0000E+00      -1  -0.493E-03   20.00
  59   -58.0000     -82.962 0.2455   0.3084E+00  0.9444E-03 -0.5112E-01  0.0000E+00      -1  -0.518E-03   20.00
  60   -59.0000     -82.130 0.2463   0.3153E+00  0.9538E-03 -0.5357E-01  0.0000E+00      -1  -0.543E-03   20.00
  61   -60.0000     -81.302 0.2470   0.3223E+00  0.9632E-03 -0.5600E-01  0.0000E+00      -1  -0.567E-03   20.00
  62   -61.0000     -80.478 0.2477   0.3291E+00  0.9726E-03 -0.5843E-01  0.0000E+00      -1  -0.592E-03   20.00
  63   -62.0000     -79.657 0.2485   0.3360E+00  0.9819E-03 -0.6085E-01  0.0000E+00      -1  -0.616E-03   20.00
  64   -63.0000     -78.839 0.2493   0.3460E+00  0.9929E-03 -0.6350E-01  0.0000E+00      -1  -0.643E-03   20.00
  65   -64.0000     -78.023 0.2502   0.3591E+00  0.1006E-02 -0.6638E-01  0.0000E+00      -1  -0.672E-03   20.00
  66   -65.0000     -77.209 0.2511   0.3721E+00  0.1018E-02 -0.6922E-01  0.0000E+00      -1  -0.701E-03   20.00
  67   -66.0000     -76.395 0.2519   0.3851E+00  0.1031E-02 -0.7201E-01  0.0000E+00      -1  -0.730E-03   20.00
  68   -67.0000     -75.583 0.2528   0.3981E+00  0.1043E-02 -0.7476E-01  0.0000E+00      -1  -0.757E-03   20.00
  69   -68.0000     -74.771 0.2537   0.4111E+00  0.1056E-02 -0.7745E-01  0.0000E+00      -1  -0.785E-03   20.00
  70   -69.0000     -73.959 0.2546   0.4241E+00  0.1068E-02 -0.8009E-01  0.0000E+00      -1  -0.811E-03   20.00
  71   -70.0000     -73.148 0.2555   0.4371E+00  0.1081E-02 -0.8267E-01  0.0000E+00      -1  -0.837E-03   20.00
  72   -71.0000     -72.338 0.2563   0.4501E+00  0.1094E-02 -0.8519E-01  0.0000E+00      -1  -0.863E-03   20.00
  73   -72.0000     -71.527 0.2572   0.4631E+00  0.1106E-02 -0.8764E-01  0.0000E+00      -1  -0.888E-03   20.00
  74   -73.0000     -70.716 0.2581   0.4761E+00  0.1119E-02 -0.9003E-01  0.0000E+00      -1  -0.912E-03   20.00
  75   -74.0000     -69.905 0.2590   0.4891E+00  0.1131E-02 -0.9235E-01  0.0000E+00      -1  -0.936E-03   20.00
  76   -75.0000     -69.094 0.2599   0.5021E+00  0.1144E-02 -0.9461E-01  0.0000E+00      -1  -0.958E-03   20.00
  77   -76.0000     -68.282 0.2607   0.5151E+00  0.1156E-02 -0.9680E-01  0.0000E+00      -1  -0.981E-03   20.00
  78   -77.0000     -67.470 0.2616   0.5281E+00  0.1169E-02 -0.9891E-01  0.0000E+00      -1  -0.100E-02   20.00
  79   -78.0000     -66.657 0.2625   0.5411E+00  0.1181E-02 -0.1010E+00  0.0000E+00      -1  -0.102E-02   20.00
  80   -79.0000     -65.843 0.2634   0.5541E+00  0.1194E-02 -0.1031E+00  0.0000E+00      -1  -0.104E-02   20.00
  81   -80.0000     -65.027 0.2644   0.5778E+00  0.1210E-02 -0.1054E+00  0.0000E+00      -1  -0.107E-02   20.00
  82   -81.0000     -64.207 0.2655   0.6023E+00  0.1227E-02 -0.1076E+00  0.0000E+00      -1  -0.109E-02   20.00
  83   -82.0000     -63.384 0.2666   0.6269E+00  0.1244E-02 -0.1097E+00  0.0000E+00      -1  -0.111E-02   20.00
  84   -83.0000     -62.558 0.2677   0.6515E+00  0.1261E-02 -0.1118E+00  0.0000E+00      -1  -0.113E-02   20.00
  85   -84.0000     -61.728 0.2687   0.6763E+00  0.1277E-02 -0.1138E+00  0.0000E+00      -1  -0.115E-02   20.00
  86   -85.0000     -60.894 0.2698   0.7012E+00  0.1294E-02 -0.1157E+00  0.0000E+00      -1  -0.117E-02   20.00
  87   -86.0000     -60.058 0.2709   0.7262E+00  0.1311E-02 -0.1176E+00  0.0000E+00      -1  -0.119E-02   20.00
  88   -87.0000     -59.218 0.2720   0.7512E+00  0.1328E-02 -0.1194E+00  0.0000E+00      -1  -0.121E-02   20.00
  89   -88.0000     -58.375 0.2731   0.7764E+00  0.1345E-02 -0.1211E+00  0.0000E+00      -1  -0.123E-02   20.00
  90   -89.0000     -57.530 0.2742   0.8016E+00  0.1363E-02 -0.1227E+00  0.0000E+00      -1  -0.124E-02   20.00
  91   -90.0000     -56.682 0.2753   0.8270E+00  0.1380E-02 -0.1243E+00  0.0000E+00      -1  -0.126E-02   20.00
  92   -91.0000     -55.831 0.2764   0.8524E+00  0.1397E-02 -0.1258E+00  0.0000E+00      -1  -0.127E-02   20.00
  93   -92.0000     -54.977 0.2775   0.8779E+00  0.1414E-02 -0.1272E+00  0.0000E+00      -1  -0.129E-02   20.00
  94   -93.0000     -54.119 0.2788   0.9156E+00  0.1435E-02 -0.1287E+00  0.0000E+00      -1  -0.130E-02   20.00
  95   -94.0000     -53.257 0.2801   0.9621E+00  0.1457E-02 -0.1302E+00  0.0000E+00      -1  -0.132E-02   20.00
  96   -95.0000     -52.390 0.2814   0.1009E+01  0.1479E-02 -0.1317E+00  0.0000E+00      -1  -0.133E-02   20.00
  97   -96.0000     -51.518 0.2828   0.1056E+01  0.1501E-02 -0.1331E+00  0.0000E+00      -1  -0.135E-02   20.00
  98   -97.0000     -50.642 0.2841   0.1103E+01  0.1523E-02 -0.1344E+00  0.0000E+00      -1  -0.136E-02   20.00
  99   -98.0000     -49.762 0.2855   0.1151E+01  0.1546E-02 -0.1356E+00  0.0000E+00      -1  -0.137E-02   20.00
 100   -99.0000     -48.878 0.2868   0.1198E+01  0.1568E-02 -0.1368E+00  0.0000E+00      -1  -0.139E-02   20.00
 101  -100.0000     -47.991 0.2882   0.1246E+01  0.1591E-02 -0.1380E+00  0.0000E+00      -1  -0.140E-02   20.00
 102  -101.0000     -47.100 0.2896   0.1294E+01  0.1614E-02 -0.1390E+00  0.0000E+00      -1  -0.141E-02   20.00
 103  -102.0000     -46.205 0.2909   0.1342E+01  0.1636E-02 -0.1401E+00  0.0000E+00      -1  -0.142E-02   20.00
 104  -103.0000     -45.308 0.2923   0.1392E+01  0.1659E-02 -0.1411E+00  0.0000E+00      -1  -0.143E-02   20.00
 105  -104.0000     -44.407 0.2939   0.1477E+01  0.1687E-02 -0.1421E+00  0.0000E+00      -1  -0.144E-02   20.00
 106  -105.0000     -43.501 0.2955   0.1562E+01  0.1714E-02 -0.1431E+00  0.0000E+00      -1  -0.145E-02   20.00
 107  -106.0000     -42.590 0.2971   0.1648E+01  0.1742E-02 -0.1441E+00  0.0000E+00      -1  -0.146E-02   20.00
 108  -107.0000     -41.676 0.2988   0.1734E+01  0.1770E-02 -0.1449E+00  0.0000E+00      -1  -0.147E-02   20.00
 109  -108.0000     -40.758 0.3004   0.1820E+01  0.1798E-02 -0.1458E+00  0.0000E+00      -1  -0.148E-02   20.00
 110  -109.0000     -39.836 0.3020   0.1907E+01  0.1826E-02 -0.1465E+00  0.0000E+00      -1  -0.148E-02   20.00
 111  -110.0000     -38.911 0.3037   0.1994E+01  0.1854E-02 -0.1472E+00  0.0000E+00      -1  -0.149E-02   20.00
 112  -111.0000     -37.984 0.3053   0.2081E+01  0.1882E-02 -0.1479E+00  0.0000E+00      -1  -0.150E-02   20.00
 113  -112.0000     -37.053 0.3071   0.2207E+01  0.1913E-02 -0.1486E+00  0.0000E+00      -1  -0.151E-02   20.00
 114  -113.0000     -36.118 0.3090   0.2354E+01  0.1944E-02 -0.1492E+00  0.0000E+00      -1  -0.151E-02   20.00
 115  -114.0000     -35.180 0.3108   0.2502E+01  0.1976E-02 -0.1499E+00  0.0000E+00      -1  -0.152E-02   20.00
 116  -115.0000     -34.238 0.3127   0.2651E+01  0.2009E-02 -0.1504E+00  0.0000E+00      -1  -0.152E-02   20.00
 117  -116.0000     -33.293 0.3146   0.2800E+01  0.2041E-02 -0.1510E+00  0.0000E+00      -1  -0.153E-02   20.00
 118  -117.0000     -32.346 0.3165   0.2949E+01  0.2073E-02 -0.1515E+00  0.0000E+00      -1  -0.153E-02   20.00
 119  -118.0000     -31.396 0.3184   0.3099E+01  0.2105E-02 -0.1519E+00  0.0000E+00      -1  -0.154E-02   20.00
 120  -119.0000     -30.443 0.3205   0.3328E+01  0.2139E-02 -0.1524E+00  0.0000E+00      -1  -0.154E-02   20.00
 121  -120.0000     -29.488 0.3226   0.3571E+01  0.2172E-02 -0.1528E+00  0.0000E+00      -1  -0.155E-02   20.00
 122  -121.0000     -28.529 0.3247   0.3815E+01  0.2206E-02 -0.1532E+00  0.0000E+00      -1  -0.155E-02   20.00
 123  -122.0000     -27.568 0.3268   0.4059E+01  0.2240E-02 -0.1536E+00  0.0000E+00      -1  -0.156E-02   20.00
 124  -123.0000     -26.605 0.3289   0.4304E+01  0.2274E-02 -0.1539E+00  0.0000E+00      -1  -0.156E-02   20.00
 125  -124.0000     -25.639 0.3311   0.4593E+01  0.2308E-02 -0.1542E+00  0.0000E+00      -1  -0.156E-02   20.00
 126  -125.0000     -24.672 0.3334   0.4973E+01  0.2340E-02 -0.1545E+00  0.0000E+00      -1  -0.157E-02   20.00
 127  -126.0000     -23.702 0.3357   0.5355E+01  0.2372E-02 -0.1548E+00  0.0000E+00      -1  -0.157E-02   20.00
 128  -127.0000     -22.730 0.3380   0.5737E+01  0.2404E-02 -0.1550E+00  0.0000E+00      -1  -0.157E-02   20.00
 129  -128.0000     -21.756 0.3403   0.6120E+01  0.2436E-02 -0.1553E+00  0.0000E+00      -1  -0.157E-02   20.00
 130  -129.0000     -20.780 0.3427   0.6650E+01  0.2464E-02 -0.1555E+00  0.0000E+00      -1  -0.157E-02   20.00
 131  -130.0000     -19.803 0.3452   0.7221E+01  0.2490E-02 -0.1557E+00  0.0000E+00      -1  -0.158E-02   20.00
 132  -131.0000     -18.823 0.3476   0.7793E+01  0.2516E-02 -0.1558E+00  0.0000E+00      -1  -0.158E-02   20.00
 133  -132.0000     -17.843 0.3501   0.8378E+01  0.2542E-02 -0.1560E+00  0.0000E+00      -1  -0.158E-02   20.00
 134  -133.0000     -16.860 0.3526   0.9198E+01  0.2557E-02 -0.1561E+00  0.0000E+00      -1  -0.158E-02   20.00
 135  -134.0000     -15.877 0.3551   0.1002E+02  0.2573E-02 -0.1562E+00  0.0000E+00      -1  -0.158E-02   20.00
 136  -135.0000     -14.892 0.3576   0.1084E+02  0.2588E-02 -0.1564E+00  0.0000E+00      -1  -0.158E-02   20.00
 137  -136.0000     -13.905 0.3602   0.1197E+02  0.2589E-02 -0.1564E+00  0.0000E+00      -1  -0.158E-02   20.00
 138  -137.0000     -12.918 0.3628   0.1311E+02  0.2589E-02 -0.1565E+00  0.0000E+00      -1  -0.159E-02   20.00
 139  -138.0000     -11.929 0.3653   0.1440E+02  0.2582E-02 -0.1566E+00  0.0000E+00      -1  -0.159E-02   20.00
 140  -139.0000     -10.940 0.3679   0.1593E+02  0.2562E-02 -0.1567E+00  0.0000E+00      -1  -0.159E-02   20.00
 141  -140.0000      -9.949 0.3704   0.1759E+02  0.2536E-02 -0.1567E+00  0.0000E+00      -1  -0.159E-02   20.00
 142  -141.0000      -8.957 0.3729   0.1957E+02  0.2494E-02 -0.1568E+00  0.0000E+00      -1  -0.159E-02   20.00
 143  -142.0000      -7.965 0.3753   0.2184E+02  0.2438E-02 -0.1568E+00  0.0000E+00      -1  -0.159E-02   20.00
 144  -143.0000      -6.972 0.3777   0.2442E+02  0.2368E-02 -0.1568E+00  0.0000E+00      -1  -0.159E-02   20.00
 145  -144.0000      -5.978 0.3800   0.2755E+02  0.2272E-02 -0.1569E+00  0.0000E+00      -1  -0.159E-02   20.00
 146  -145.0000      -4.983 0.3823   0.3129E+02  0.2150E-02 -0.1569E+00  0.0000E+00      -1  -0.159E-02   20.00
 147  -146.0000      -3.988 0.3843   0.3585E+02  0.1994E-02 -0.1569E+00  0.0000E+00      -1  -0.159E-02   20.00
 148  -147.0000      -2.992 0.3862   0.4167E+02  0.1791E-02 -0.1569E+00  0.0000E+00      -1  -0.159E-02   20.00
 149  -148.0000      -1.995 0.3879   0.4934E+02  0.1523E-02 -0.1569E+00  0.0000E+00      -1  -0.159E-02   20.00
 150  -149.0000      -0.998 0.3892   0.6084E+02  0.1132E-02 -0.1569E+00  0.0000E+00      -1  -0.159E-02   20.00
 151  -150.0000       0.000 0.3900   0.9871E+02  0.0000E+00 -0.1569E+00  0.0000E+00      -1  -0.159E-02   20.00
end
