 ******* Program HYDRUS
 ******* 
 Welcome to HYDRUS-1D                                                    
 Date:   5.11.2022    Time:   9:39:43
 Units: L = cm   , T = days , M = mmol 


    TLevel      Time          dt      Iter    ItCum  KodT  KodB  Convergency

       22  0.1000000E+01  0.19550E+00    2       45    -4     2     T
       25  0.2000000E+01  0.37500E+00    2       51    -4     2     T
       27  0.3000000E+01  0.50000E+00    2       55    -4     2     T
       29  0.4000000E+01  0.50000E+00    2       59    -4     2     T
       51  0.5000000E+01  0.19550E+00    3      105    -4     2     T
       55  0.6000000E+01  0.25000E+00    2      115    -4     2     T
       57  0.7000000E+01  0.50000E+00    2      119    -4     2     T
       59  0.8000000E+01  0.50000E+00    2      123    -4     2     T
       81  0.9000000E+01  0.19550E+00    2      167    -4     2     T
      103  0.1000000E+02  0.19550E+00    2      211    -4     2     T
      125  0.1100000E+02  0.19550E+00    2      255    -4     2     T
      128  0.1200000E+02  0.37500E+00    2      261    -4     2     T
      130  0.1300000E+02  0.50000E+00    2      265    -4     2     T
      152  0.1400000E+02  0.19550E+00    2      310    -4     2     T
      174  0.1500000E+02  0.19550E+00    2      354    -4     2     T
      177  0.1600000E+02  0.37500E+00    2      360    -4     2     T
      179  0.1700000E+02  0.50000E+00    2      364    -4     2     T
      181  0.1800000E+02  0.50000E+00    2      368    -4     2     T
      182  0.1900000E+02  0.10000E+01    2      370    -4     2     T
      204  0.2000000E+02  0.19550E+00    3      417    -4     2     T
      226  0.2100000E+02  0.19550E+00    2      461    -4     2     T
      229  0.2200000E+02  0.37500E+00    2      467    -4     2     T
      251  0.2300000E+02  0.19550E+00    2      511    -4     2     T
      273  0.2400000E+02  0.19550E+00    3      561    -4     2     T
      295  0.2500000E+02  0.19550E+00    2      605    -4     2     T
      317  0.2600000E+02  0.19550E+00    2      649    -4     2     T
      320  0.2700000E+02  0.37500E+00    2      655    -4     2     T
      322  0.2800000E+02  0.50000E+00    2      661    -4     2     T
      324  0.2900000E+02  0.50000E+00    2      665    -4     2     T
      325  0.3000000E+02  0.10000E+01    2      667    -4     2     T
      326  0.3100000E+02  0.10000E+01    2      669    -4     2     T
      327  0.3200000E+02  0.10000E+01    2      671    -4     2     T
      349  0.3300000E+02  0.19550E+00    2      715    -4     2     T
      352  0.3400000E+02  0.37500E+00    2      721    -4     2     T
      354  0.3500000E+02  0.50000E+00    2      725    -4     2     T
      376  0.3600000E+02  0.19550E+00    2      769    -4     2     T
      379  0.3700000E+02  0.37500E+00    2      775    -4     2     T
      401  0.3800000E+02  0.19550E+00    3      821    -4     2     T
      423  0.3900000E+02  0.19550E+00    2      865    -4     2     T
      445  0.4000000E+02  0.19550E+00    2      909    -4     2     T
      448  0.4100000E+02  0.37500E+00    2      916    -4     2     T
      470  0.4200000E+02  0.19550E+00    2      960    -4     2     T
      473  0.4300000E+02  0.37500E+00    2      966    -4     2     T
      495  0.4400000E+02  0.19550E+00    2     1010    -4     2     T
      498  0.4500000E+02  0.37500E+00    2     1016    -4     2     T
      520  0.4600000E+02  0.19550E+00    2     1060    -4     2     T
      542  0.4700000E+02  0.19550E+00    2     1104    -4     2     T
      564  0.4800000E+02  0.19550E+00    2     1148    -4     2     T
      567  0.4900000E+02  0.37500E+00    2     1154    -4     2     T
      589  0.5000000E+02  0.19550E+00    2     1198    -4     2     T
      593  0.5100000E+02  0.25000E+00    2     1208    -4     2     T
      615  0.5200000E+02  0.19550E+00    2     1252    -4     2     T
      637  0.5300000E+02  0.19550E+00    2     1296    -4     2     T
      640  0.5400000E+02  0.37500E+00    2     1302    -4     2     T
      642  0.5500000E+02  0.50000E+00    2     1306    -4     2     T
      644  0.5600000E+02  0.50000E+00    2     1310    -4     2     T
      645  0.5700000E+02  0.10000E+01    2     1312    -4     2     T
      667  0.5800000E+02  0.19550E+00    2     1356    -4     2     T
      670  0.5900000E+02  0.37500E+00    2     1362    -4     2     T
      672  0.6000000E+02  0.50000E+00    2     1366    -4     2     T
      674  0.6100000E+02  0.50000E+00    2     1370    -4     2     T
      696  0.6200000E+02  0.19550E+00    2     1414    -4     2     T
      718  0.6300000E+02  0.19550E+00    3     1462    -4     2     T
      740  0.6400000E+02  0.19550E+00    4     1513    -4     2     T
      762  0.6500000E+02  0.19550E+00    2     1557    -4     2     T
      765  0.6600000E+02  0.37500E+00    2     1563    -4     2     T
      767  0.6700000E+02  0.50000E+00    2     1567    -4     2     T
      769  0.6800000E+02  0.50000E+00    2     1571    -4     2     T
      770  0.6900000E+02  0.10000E+01    2     1573    -4     2     T
      771  0.7000000E+02  0.10000E+01    2     1575    -4     2     T
      772  0.7100000E+02  0.10000E+01    3     1578    -4     2     T
      773  0.7200000E+02  0.10000E+01    3     1581    -4     2     T
      774  0.7300000E+02  0.10000E+01    4     1585    -4     2     T
      798  0.7400000E+02  0.12446E+00    3     1650    -4     2     T
      820  0.7500000E+02  0.19550E+00    2     1694    -4     2     T
      823  0.7600000E+02  0.37500E+00    2     1700    -4     2     T
      825  0.7700000E+02  0.50000E+00    2     1704    -4     2     T
      827  0.7800000E+02  0.50000E+00    2     1708    -4     2     T
      828  0.7900000E+02  0.10000E+01    4     1712    -4     2     T
      829  0.8000000E+02  0.10000E+01    4     1716    -4     2     T
      852  0.8100000E+02  0.14300E+00    3     1775    -4     2     T
      878  0.8200000E+02  0.10077E+00    3     1848    -4     2     T
      900  0.8300000E+02  0.19550E+00    2     1893    -4     2     T
      903  0.8400000E+02  0.37500E+00    2     1899    -4     2     T
      905  0.8500000E+02  0.50000E+00    2     1903    -4     2     T
      907  0.8600000E+02  0.50000E+00    2     1907    -4     2     T
      908  0.8700000E+02  0.10000E+01    2     1909    -4     2     T
      909  0.8800000E+02  0.10000E+01    3     1912    -4     2     T
      910  0.8900000E+02  0.10000E+01    4     1916    -4     2     T
      911  0.9000000E+02  0.10000E+01    5     1921    -4     2     T
      912  0.9100000E+02  0.10000E+01    5     1926    -4     2     T
      913  0.9200000E+02  0.10000E+01    4     1930    -4     2     T
      914  0.9300000E+02  0.10000E+01    8     1938    -4     2     T
      916  0.9400000E+02  0.50000E+00    6     1949    -4     2     T
      964  0.9500000E+02  0.70936E-01    3     2126    -4    -2     T
      986  0.9600000E+02  0.19550E+00    3     2172    -4    -2     T
      990  0.9700000E+02  0.25000E+00    2     2185    -4    -2     T
     1012  0.9800000E+02  0.19550E+00    3     2237    -4     2     T
     1034  0.9900000E+02  0.19550E+00    2     2281    -4     2     T
     1056  0.1000000E+03  0.19550E+00    2     2325    -4     2     T
     1060  0.1010000E+03  0.25000E+00    2     2335    -4     2     T
     1082  0.1020000E+03  0.19550E+00    2     2379    -4     2     T
     1104  0.1030000E+03  0.19550E+00    2     2423    -4     2     T
     1126  0.1040000E+03  0.19550E+00    2     2468    -4     2     T
     1148  0.1050000E+03  0.19550E+00    2     2512    -4     2     T
     1151  0.1060000E+03  0.37500E+00    2     2518    -4     2     T
     1153  0.1070000E+03  0.50000E+00    3     2524    -4     2     T
     1175  0.1080000E+03  0.19550E+00    2     2569    -4     2     T
     1197  0.1090000E+03  0.19550E+00    2     2613    -4     2     T
     1200  0.1100000E+03  0.37500E+00    2     2621    -4     2     T
     1202  0.1110000E+03  0.50000E+00    3     2627    -4     2     T
     1204  0.1120000E+03  0.50000E+00    3     2633    -4     2     T
     1205  0.1130000E+03  0.10000E+01    2     2635    -4     2     T
     1206  0.1140000E+03  0.10000E+01    6     2641    -4     2     T
     1207  0.1150000E+03  0.10000E+01   15     2656    -4     2     T
     1218  0.1160000E+03  0.11035E+00    6     2739     4    -2     T
     1253  0.1170000E+03  0.84953E-01    3     2859    -4    -2     T
     1258  0.1180000E+03  0.26786E+00    2     2872    -4    -2     T
     1281  0.1190000E+03  0.14822E+00    3     2932    -4    -2     T
     1286  0.1200000E+03  0.20000E+00    2     2946    -4    -2     T
     1289  0.1210000E+03  0.33333E+00    4     2955    -4    -2     T
     1312  0.1220000E+03  0.14300E+00    3     3011    -4    -2     T
     1338  0.1230000E+03  0.10077E+00    3     3084    -4    -2     T
     1344  0.1240000E+03  0.19048E+00    2     3102    -4    -2     T
     1347  0.1250000E+03  0.33333E+00    2     3108    -4    -2     T
     1349  0.1260000E+03  0.50000E+00    5     3117    -4    -2     T
     1372  0.1270000E+03  0.17425E+00    3     3177    -4    -2     T
     1394  0.1280000E+03  0.19550E+00    2     3221    -4    -2     T
     1416  0.1290000E+03  0.19550E+00    2     3265    -4    -2     T
     1438  0.1300000E+03  0.19550E+00    2     3309    -4    -2     T
     1460  0.1310000E+03  0.19550E+00    3     3355    -4    -2     T
     1482  0.1320000E+03  0.19550E+00    2     3399    -4    -2     T
     1504  0.1330000E+03  0.19550E+00    3     3445    -4    -2     T
     1526  0.1340000E+03  0.19550E+00    2     3489    -4     2     T
     1529  0.1350000E+03  0.37500E+00    2     3495    -4     2     T
     1551  0.1360000E+03  0.19550E+00    3     3545    -4     2     T
     1555  0.1370000E+03  0.25000E+00    3     3560    -4     2     T
     1558  0.1380000E+03  0.33333E+00    3     3573    -4     2     T
     1560  0.1390000E+03  0.50000E+00    3     3579    -4     2     T
     1562  0.1400000E+03  0.50000E+00    4     3586    -4     2     T
     1564  0.1410000E+03  0.50000E+00    6     3596    -4     2     T
     1569  0.1420000E+03  0.11111E+00    4     3644    -4     2     T
     1584  0.1430000E+03  0.73178E-01    2     3732     4     2     T
     1591  0.1440000E+03  0.13672E+00    3     3770     4     2     T
     1596  0.1450000E+03  0.26250E+00    2     3782     4     2     T
     1650  0.1460000E+03  0.65083E-01    3     4008    -4     2     T
     1689  0.1470000E+03  0.50613E-01    3     4142    -4    -2     T
     1712  0.1480000E+03  0.14300E+00    2     4197    -4     2     T
     1734  0.1490000E+03  0.19550E+00    3     4243    -4     2     T
     1756  0.1500000E+03  0.19550E+00    2     4287    -4     2     T
     1778  0.1510000E+03  0.19550E+00    2     4331    -4     2     T
     1781  0.1520000E+03  0.37500E+00    2     4338    -4     2     T
     1783  0.1530000E+03  0.50000E+00    3     4344    -4     2     T
     1785  0.1540000E+03  0.50000E+00    3     4350    -4     2     T
     1808  0.1550000E+03  0.14300E+00    3     4406    -4     2     T
     1812  0.1560000E+03  0.25000E+00    2     4417    -4     2     T
     1814  0.1570000E+03  0.50000E+00    5     4426    -4     2     T
     1817  0.1580000E+03  0.25000E+00    8     4450    -4     2     T
     1831  0.1590000E+03  0.25108E+00    3     4532     4     2     T
     1834  0.1600000E+03  0.53333E+00    5     4542     4     2     T
     1837  0.1610000E+03  0.33333E+00    3     4552     4     2     T
     1839  0.1620000E+03  0.50000E+00    4     4559     4    -2     T
     1841  0.1630000E+03  0.50000E+00    4     4565     4    -2     T
     1843  0.1640000E+03  0.50000E+00    4     4571     4    -2     T
     1877  0.1650000E+03  0.94897E-01    5     4694    -4    -2     T
     1891  0.1660000E+03  0.10037E+00    2     4760     4    -2     T
     1895  0.1670000E+03  0.31250E+00    2     4768     4    -2     T
     1897  0.1680000E+03  0.66667E+00    5     4775     4    -2     T
     1899  0.1690000E+03  0.50000E+00    4     4781     4    -2     T
     1901  0.1700000E+03  0.50000E+00    3     4786     4    -2     T
     1958  0.1710000E+03  0.46146E-01    3     5017    -4    -2     T
     1967  0.1720000E+03  0.15620E+00    4     5051    -4    -2     T
     1978  0.1730000E+03  0.17470E+00    2     5104     4    -2     T
     2017  0.1740000E+03  0.93793E-01    5     5246    -4    -2     T
     2039  0.1750000E+03  0.19550E+00    2     5290    -4    -2     T
     2061  0.1760000E+03  0.19550E+00    2     5334    -4    -2     T
     2073  0.1770000E+03  0.19086E+00    2     5412     4    -2     T
     2077  0.1780000E+03  0.31250E+00    2     5420     4    -2     T
     2119  0.1790000E+03  0.77285E-01    5     5582    -4    -2     T
     2165  0.1800000E+03  0.54655E-01    3     5746    -4    -2     T
     2187  0.1810000E+03  0.19550E+00    3     5795    -4    -2     T
     2191  0.1820000E+03  0.25000E+00    2     5807    -4    -2     T
     2213  0.1830000E+03  0.19550E+00    3     5856    -4    -2     T
     2217  0.1840000E+03  0.25000E+00    3     5869    -4    -2     T
     2220  0.1850000E+03  0.33333E+00    3     5878    -4    -2     T
     2242  0.1860000E+03  0.19550E+00    2     5922    -4    -2     T
     2253  0.1870000E+03  0.21701E-01    2     6023     4    -2     T
     2283  0.1880000E+03  0.14039E+00    4     6121    -4    -2     T
     2325  0.1890000E+03  0.12629E+00    5     6268    -4    -2     T
     2347  0.1900000E+03  0.19550E+00    2     6313    -4    -2     T
     2369  0.1910000E+03  0.19550E+00    2     6357    -4    -2     T
     2391  0.1920000E+03  0.19550E+00    2     6401    -4    -2     T
     2413  0.1930000E+03  0.19550E+00    2     6445    -4    -2     T
     2416  0.1940000E+03  0.37500E+00    2     6451    -4    -2     T
     2438  0.1950000E+03  0.19550E+00    2     6495    -4    -2     T
     2442  0.1960000E+03  0.25000E+00    2     6505    -4    -2     T
     2444  0.1970000E+03  0.50000E+00    8     6518    -4    -2     T
     2468  0.1980000E+03  0.19965E+00    3     6579    -4    -2     T
     2475  0.1990000E+03  0.55556E-01    3     6636     4    -2     T
     2484  0.2000000E+03  0.33253E+00    5     6663     4    -2     T
     2524  0.2010000E+03  0.84843E-01    4     6811    -4    -2     T
     2552  0.2020000E+03  0.94566E-01    3     6894    -4    -2     T
     2574  0.2030000E+03  0.19550E+00    2     6938    -4    -2     T
     2596  0.2040000E+03  0.19550E+00    2     6982    -4    -2     T
     2600  0.2050000E+03  0.25000E+00    2     6992    -4    -2     T
     2602  0.2060000E+03  0.50000E+00    8     7005    -4    -2     T
     2610  0.2070000E+03  0.24691E-01    2     7079     4    -2     T
     2621  0.2080000E+03  0.20439E+00    2     7110    -4    -2     T
     2633  0.2090000E+03  0.14739E+00    2     7184     4    -2     T
     2705  0.2100000E+03  0.62563E-01    3     7478    -4    -2     T
     2731  0.2110000E+03  0.86459E-01    3     7552    -4    -2     T
     2753  0.2120000E+03  0.19550E+00    4     7604    -4     2     T
     2757  0.2130000E+03  0.30000E+00    2     7615    -4     2     T
     2779  0.2140000E+03  0.19550E+00    2     7659    -4     2     T
     2812  0.2150000E+03  0.71335E-01    3     7768    -4     2     T
     2834  0.2160000E+03  0.19550E+00    2     7813    -4     2     T
     2856  0.2170000E+03  0.19550E+00    3     7859    -4     2     T
     2860  0.2180000E+03  0.25000E+00    2     7870    -4     2     T
     2862  0.2190000E+03  0.50000E+00    3     7876    -4     2     T
     2864  0.2200000E+03  0.50000E+00    4     7883    -4     2     T
     2866  0.2210000E+03  0.50000E+00    3     7889    -4     2     T
     2867  0.2220000E+03  0.10000E+01    7     7896    -4     2     T
     2900  0.2230000E+03  0.10124E+00    3     8001    -4     2     T
     2922  0.2240000E+03  0.19550E+00    2     8045    -4     2     T
     2944  0.2250000E+03  0.19550E+00    2     8089    -4     2     T
     2948  0.2260000E+03  0.25000E+00    2     8099    -4     2     T
     2970  0.2270000E+03  0.19550E+00    2     8143    -4     2     T
     2992  0.2280000E+03  0.19550E+00    2     8187    -4     2     T
     2996  0.2290000E+03  0.25000E+00    2     8198    -4     2     T
     2998  0.2300000E+03  0.50000E+00    3     8204    -4     2     T
     3000  0.2310000E+03  0.50000E+00    3     8210    -4     2     T
     3022  0.2320000E+03  0.19550E+00    3     8258    -4     2     T
     3026  0.2330000E+03  0.25000E+00    2     8268    -4     2     T
     3028  0.2340000E+03  0.50000E+00    2     8273    -4     2     T
     3050  0.2350000E+03  0.19550E+00    4     8325    -4     2     T
     3072  0.2360000E+03  0.19550E+00    2     8369    -4     2     T
     3076  0.2370000E+03  0.25000E+00    2     8380    -4     2     T
     3098  0.2380000E+03  0.19550E+00    2     8424    -4     2     T
     3120  0.2390000E+03  0.19550E+00    4     8476    -4     2     T
     3124  0.2400000E+03  0.30000E+00    2     8489    -4     2     T
     3147  0.2410000E+03  0.14300E+00    3     8545    -4     2     T
     3151  0.2420000E+03  0.25000E+00    3     8559    -4     2     T
     3173  0.2430000E+03  0.19550E+00    3     8605    -4     2     T
     3177  0.2440000E+03  0.25000E+00    2     8619    -4     2     T
     3199  0.2450000E+03  0.19550E+00    2     8663    -4     2     T
     3203  0.2460000E+03  0.25000E+00    2     8673    -4     2     T
     3205  0.2470000E+03  0.50000E+00    3     8678    -4     2     T
     3207  0.2480000E+03  0.50000E+00    3     8684    -4     2     T
     3208  0.2490000E+03  0.10000E+01    3     8687    -4     2     T
     3209  0.2500000E+03  0.10000E+01    5     8692    -4     2     T
     3210  0.2510000E+03  0.10000E+01   10     8702    -4     2     T
     3248  0.2520000E+03  0.11554E+00    4     8829    -4     2     T
     3254  0.2530000E+03  0.25000E+00    2     8846    -4     2     T
     3276  0.2540000E+03  0.19550E+00    3     8892    -4     2     T
     3298  0.2550000E+03  0.19550E+00    2     8936    -4     2     T
     3323  0.2560000E+03  0.13512E+00    4     9007    -4     2     T
     3345  0.2570000E+03  0.19550E+00    2     9052    -4     2     T
     3349  0.2580000E+03  0.25000E+00    2     9062    -4     2     T
     3351  0.2590000E+03  0.50000E+00    3     9068    -4     2     T
     3353  0.2600000E+03  0.50000E+00    3     9074    -4     2     T
     3354  0.2610000E+03  0.10000E+01    3     9077    -4     2     T
     3355  0.2620000E+03  0.10000E+01    3     9080    -4     2     T
     3380  0.2630000E+03  0.11105E+00    3     9149    -4     2     T
     3402  0.2640000E+03  0.19550E+00    2     9193    -4     2     T
     3424  0.2650000E+03  0.19550E+00    2     9237    -4     2     T
     3428  0.2660000E+03  0.25000E+00    2     9247    -4     2     T
     3450  0.2670000E+03  0.19550E+00    2     9291    -4     2     T
     3472  0.2680000E+03  0.19550E+00    2     9335    -4     2     T
     3494  0.2690000E+03  0.19550E+00    2     9379    -4     2     T
     3497  0.2700000E+03  0.37500E+00    2     9386    -4     2     T
     3499  0.2710000E+03  0.50000E+00    3     9391    -4     2     T
     3501  0.2720000E+03  0.50000E+00    3     9397    -4     2     T
     3524  0.2730000E+03  0.14300E+00    3     9454    -4     2     T
end
