 ******* Program HYDRUS
 ******* 
 Welcome to HYDRUS-1D                                                    
 Date:   5.11.2022    Time:   9:39:43
 Units: L = cm   , T = days , M = mmol 

       Time          rTop        rRoot        vTop         vRoot        vBot       sum(rTop)   sum(rRoot)    sum(vTop)   sum(vRoot)    sum(vBot)      hTop         hRoot        hBot        RunOff    sum(RunOff)     Volume     sum(Infil)    sum(Evap) TLevel Cum(WTrans)  SnowLayer
        [T]         [L/T]        [L/T]        [L/T]        [L/T]        [L/T]         [L]          [L]          [L]         [L]           [L]         [L]           [L]         [L]          [L/T]         [L]          [L]          [L]          [L]

       1.0000  0.00000E+00  0.00000E+00  0.14645E-06  0.00000E+00 -0.69794E+00  0.00000E+00  0.00000E+00  0.54207E-07  0.00000E+00 -0.14439E+01 -0.10716E+03 -0.98505E+02  0.00000E+00  0.00000E+00  0.00000E+00  0.42818E+02  0.00000E+00  0.15779E-06     22  0.00000E+00      0.000
       2.0000  0.57744E-02  0.88025E-02  0.57746E-02  0.88025E-02 -0.42538E+00  0.57744E-02  0.88025E-02  0.56643E-02  0.88025E-02 -0.19395E+01 -0.11232E+03 -0.10324E+03  0.00000E+00  0.00000E+00  0.00000E+00  0.42310E+02  0.00000E+00  0.56644E-02     25  0.00000E+00      0.000
       3.0000  0.00000E+00  0.00000E+00 -0.11746E-06  0.00000E+00 -0.30871E+00  0.57744E-02  0.88025E-02  0.58842E-02  0.88025E-02 -0.22734E+01 -0.11572E+03 -0.10692E+03  0.00000E+00  0.00000E+00  0.00000E+00  0.41972E+02  0.00000E+00  0.58844E-02     27  0.00000E+00      0.000
       4.0000  0.18079E-01  0.42803E-01  0.18079E-01  0.42803E-01 -0.23892E+00  0.23853E-01  0.51606E-01  0.22893E-01  0.51606E-01 -0.25279E+01 -0.12306E+03 -0.11260E+03  0.00000E+00  0.00000E+00  0.00000E+00  0.41678E+02  0.10000E-01  0.32893E-01     29  0.00000E+00      0.000
       5.0000 -0.85000E+00  0.00000E+00 -0.85000E+00  0.00000E+00 -0.18989E+00 -0.82615E+00  0.51606E-01 -0.82711E+00  0.51606E-01 -0.27373E+01 -0.69194E+02 -0.76624E+02  0.00000E+00  0.00000E+00  0.00000E+00  0.42318E+02  0.86000E+00  0.32893E-01     51  0.00000E+00      0.000
       6.0000  0.00000E+00  0.00000E+00 -0.21467E-06  0.00000E+00 -0.17432E+00 -0.82615E+00  0.51606E-01 -0.82711E+00  0.51606E-01 -0.29144E+01 -0.98914E+02 -0.92070E+02  0.00000E+00  0.00000E+00  0.00000E+00  0.42141E+02  0.86000E+00  0.32893E-01     55  0.00000E+00      0.000
       7.0000  0.00000E+00  0.00000E+00 -0.42771E-06  0.00000E+00 -0.18250E+00 -0.82615E+00  0.51606E-01 -0.82711E+00  0.51606E-01 -0.30949E+01 -0.10771E+03 -0.99818E+02  0.00000E+00  0.00000E+00  0.00000E+00  0.41960E+02  0.86000E+00  0.32893E-01     57  0.00000E+00      0.000
       8.0000  0.00000E+00  0.00000E+00  0.51456E-07  0.00000E+00 -0.18330E+00 -0.82615E+00  0.51606E-01 -0.82711E+00  0.51606E-01 -0.32788E+01 -0.11355E+03 -0.10529E+03  0.00000E+00  0.00000E+00  0.00000E+00  0.41777E+02  0.86000E+00  0.32893E-01     59  0.00000E+00      0.000
       9.0000 -0.45000E+00  0.00000E+00 -0.45000E+00  0.00000E+00 -0.17462E+00 -0.12761E+01  0.51606E-01 -0.12771E+01  0.51606E-01 -0.34581E+01 -0.83907E+02 -0.87991E+02  0.00000E+00  0.00000E+00  0.00000E+00  0.42047E+02  0.13100E+01  0.32893E-01     81  0.00000E+00      0.000
      10.0000 -0.50000E-01  0.00000E+00 -0.50000E-01  0.00000E+00 -0.16609E+00 -0.13261E+01  0.51606E-01 -0.13271E+01  0.51606E-01 -0.36270E+01 -0.10251E+03 -0.96954E+02  0.00000E+00  0.00000E+00  0.00000E+00  0.41928E+02  0.13600E+01  0.32893E-01    103  0.00000E+00      0.000
      11.0000 -0.32543E+00  0.69704E-02 -0.32543E+00  0.69704E-02 -0.16811E+00 -0.16516E+01  0.58576E-01 -0.16525E+01  0.58576E-01 -0.37938E+01 -0.87994E+02 -0.89413E+02  0.00000E+00  0.00000E+00  0.00000E+00  0.42080E+02  0.16900E+01  0.37466E-01    125  0.00000E+00      0.000
      12.0000  0.00000E+00  0.00000E+00 -0.35390E-06  0.00000E+00 -0.17178E+00 -0.16516E+01  0.58576E-01 -0.16524E+01  0.58576E-01 -0.39644E+01 -0.10677E+03 -0.99308E+02  0.00000E+00  0.00000E+00  0.00000E+00  0.41908E+02  0.16900E+01  0.37553E-01    128  0.00000E+00      0.000
      13.0000  0.00000E+00  0.00000E+00  0.33737E-06  0.00000E+00 -0.17128E+00 -0.16516E+01  0.58576E-01 -0.16524E+01  0.58576E-01 -0.41363E+01 -0.11337E+03 -0.10523E+03  0.00000E+00  0.00000E+00  0.00000E+00  0.41736E+02  0.16900E+01  0.37553E-01    130  0.00000E+00      0.000
      14.0000 -0.70000E+00  0.00000E+00 -0.70000E+00  0.00000E+00 -0.16524E+00 -0.23516E+01  0.58576E-01 -0.23524E+01  0.58576E-01 -0.43047E+01 -0.72979E+02 -0.79000E+02  0.00000E+00  0.00000E+00  0.00000E+00  0.42267E+02  0.23900E+01  0.37553E-01    152  0.00000E+00      0.000
      15.0000 -0.40000E-01  0.00000E+00 -0.40000E-01  0.00000E+00 -0.16686E+00 -0.23916E+01  0.58576E-01 -0.23924E+01  0.58576E-01 -0.44690E+01 -0.97857E+02 -0.92001E+02  0.00000E+00  0.00000E+00  0.00000E+00  0.42143E+02  0.24300E+01  0.37553E-01    174  0.00000E+00      0.000
      16.0000  0.00000E+00  0.00000E+00  0.37346E-06  0.00000E+00 -0.18279E+00 -0.23916E+01  0.58576E-01 -0.23924E+01  0.58576E-01 -0.46469E+01 -0.10789E+03 -0.99968E+02  0.00000E+00  0.00000E+00  0.00000E+00  0.41965E+02  0.24300E+01  0.37553E-01    177  0.00000E+00      0.000
      17.0000  0.13819E-01  0.21066E-01  0.13820E-01  0.21066E-01 -0.18473E+00 -0.23778E+01  0.79642E-01 -0.23792E+01  0.79642E-01 -0.48321E+01 -0.11584E+03 -0.10665E+03  0.00000E+00  0.00000E+00  0.00000E+00  0.41756E+02  0.24300E+01  0.50846E-01    179  0.00000E+00      0.000
      18.0000  0.00000E+00  0.00000E+00 -0.24738E-06  0.00000E+00 -0.17319E+00 -0.23778E+01  0.79642E-01 -0.23786E+01  0.79642E-01 -0.50088E+01 -0.11964E+03 -0.11086E+03  0.00000E+00  0.00000E+00  0.00000E+00  0.41568E+02  0.24300E+01  0.51373E-01    181  0.00000E+00      0.000
      19.0000  0.00000E+00  0.00000E+00  0.24354E-06  0.00000E+00 -0.15480E+00 -0.23778E+01  0.79642E-01 -0.23786E+01  0.79642E-01 -0.51636E+01 -0.12274E+03 -0.11393E+03  0.00000E+00  0.00000E+00  0.00000E+00  0.41414E+02  0.24300E+01  0.51373E-01    182  0.00000E+00      0.000
      20.0000 -0.88000E+00  0.00000E+00 -0.88000E+00  0.00000E+00 -0.13644E+00 -0.32578E+01  0.79642E-01 -0.32586E+01  0.79642E-01 -0.53081E+01 -0.68752E+02 -0.76743E+02  0.00000E+00  0.00000E+00  0.00000E+00  0.42149E+02  0.33100E+01  0.51373E-01    204  0.00000E+00      0.000
      21.0000 -0.23000E+00  0.00000E+00 -0.23000E+00  0.00000E+00 -0.13503E+00 -0.34878E+01  0.79642E-01 -0.34886E+01  0.79642E-01 -0.54409E+01 -0.85522E+02 -0.84143E+02  0.00000E+00  0.00000E+00  0.00000E+00  0.42246E+02  0.35400E+01  0.51373E-01    226  0.00000E+00      0.000
      22.0000  0.16760E-01  0.25549E-01  0.16761E-01  0.25549E-01 -0.16428E+00 -0.34710E+01  0.10519E+00 -0.34722E+01  0.10519E+00 -0.55951E+01 -0.10504E+03 -0.96662E+02  0.00000E+00  0.00000E+00  0.00000E+00  0.42056E+02  0.35400E+01  0.67814E-01    229  0.00000E+00      0.000
      23.0000 -0.50000E-01  0.00000E+00 -0.50001E-01  0.00000E+00 -0.18673E+00 -0.35210E+01  0.10519E+00 -0.35222E+01  0.10519E+00 -0.57738E+01 -0.10660E+03 -0.10053E+03  0.00000E+00  0.00000E+00  0.00000E+00  0.41927E+02  0.35900E+01  0.67814E-01    251  0.00000E+00      0.000
      24.0000 -0.14286E+01  0.32690E-01 -0.14286E+01  0.32690E-01 -0.18878E+00 -0.49495E+01  0.13788E+00 -0.49507E+01  0.13788E+00 -0.59625E+01 -0.53469E+02 -0.59541E+02  0.00000E+00  0.00000E+00  0.00000E+00  0.43135E+02  0.50400E+01  0.89259E-01    273  0.00000E+00      0.000
      25.0000 -0.66927E+00  0.11082E-02 -0.66927E+00  0.11082E-02 -0.23338E+00 -0.56188E+01  0.13899E+00 -0.56200E+01  0.13899E+00 -0.61681E+01 -0.62658E+02 -0.63166E+02  0.00000E+00  0.00000E+00  0.00000E+00  0.43597E+02  0.57100E+01  0.89986E-01    295  0.00000E+00      0.000
      26.0000 -0.38000E+00  0.00000E+00 -0.38000E+00  0.00000E+00 -0.35798E+00 -0.59988E+01  0.13899E+00 -0.60000E+01  0.13899E+00 -0.64696E+01 -0.71033E+02 -0.69334E+02  0.00000E+00  0.00000E+00  0.00000E+00  0.43676E+02  0.60900E+01  0.89986E-01    317  0.00000E+00      0.000
      27.0000 -0.46000E+00  0.00000E+00 -0.46000E+00  0.00000E+00 -0.43478E+00 -0.64588E+01  0.13899E+00 -0.64600E+01  0.13899E+00 -0.68842E+01 -0.70042E+02 -0.69408E+02  0.00000E+00  0.00000E+00  0.00000E+00  0.43721E+02  0.65500E+01  0.89986E-01    320  0.00000E+00      0.000
      28.0000  0.15006E-01  0.22875E-01  0.15007E-01  0.22875E-01 -0.44687E+00 -0.64438E+01  0.16186E+00 -0.64456E+01  0.16186E+00 -0.73316E+01 -0.91144E+02 -0.83285E+02  0.00000E+00  0.00000E+00  0.00000E+00  0.43247E+02  0.65500E+01  0.10442E+00    322  0.00000E+00      0.000
      29.0000  0.00000E+00  0.00000E+00 -0.53481E-06  0.00000E+00 -0.41293E+00 -0.64438E+01  0.16186E+00 -0.64450E+01  0.16186E+00 -0.77553E+01 -0.99730E+02 -0.91571E+02  0.00000E+00  0.00000E+00  0.00000E+00  0.42812E+02  0.65500E+01  0.10499E+00    324  0.00000E+00      0.000
      30.0000  0.00000E+00  0.00000E+00  0.28964E-06  0.00000E+00 -0.35654E+00 -0.64438E+01  0.16186E+00 -0.64450E+01  0.16186E+00 -0.81118E+01 -0.10554E+03 -0.97192E+02  0.00000E+00  0.00000E+00  0.00000E+00  0.42456E+02  0.65500E+01  0.10499E+00    325  0.00000E+00      0.000
      31.0000  0.16174E-01  0.24656E-01  0.14941E-01  0.24656E-01 -0.30217E+00 -0.64276E+01  0.18652E+00 -0.64301E+01  0.18652E+00 -0.84140E+01 -0.11200E+03 -0.10282E+03  0.00000E+00  0.00000E+00  0.00000E+00  0.42137E+02  0.65500E+01  0.11993E+00    326  0.00000E+00      0.000
      32.0000  0.00000E+00  0.00000E+00  0.12331E-02  0.00000E+00 -0.25331E+00 -0.64276E+01  0.18652E+00 -0.64288E+01  0.18652E+00 -0.86673E+01 -0.11673E+03 -0.10771E+03  0.00000E+00  0.00000E+00  0.00000E+00  0.41859E+02  0.65500E+01  0.12117E+00    327  0.00000E+00      0.000
      33.0000 -0.13000E+00  0.00000E+00 -0.13000E+00  0.00000E+00 -0.20909E+00 -0.65576E+01  0.18652E+00 -0.65588E+01  0.18652E+00 -0.88950E+01 -0.10654E+03 -0.10373E+03  0.00000E+00  0.00000E+00  0.00000E+00  0.41762E+02  0.66800E+01  0.12117E+00    349  0.00000E+00      0.000
      34.0000  0.00000E+00  0.00000E+00  0.41735E-06  0.00000E+00 -0.17622E+00 -0.65576E+01  0.18652E+00 -0.65588E+01  0.18652E+00 -0.90812E+01 -0.11729E+03 -0.10918E+03  0.00000E+00  0.00000E+00  0.00000E+00  0.41575E+02  0.66800E+01  0.12117E+00    352  0.00000E+00      0.000
      35.0000  0.00000E+00  0.00000E+00 -0.10675E-06  0.00000E+00 -0.15253E+00 -0.65576E+01  0.18652E+00 -0.65588E+01  0.18652E+00 -0.92393E+01 -0.12161E+03 -0.11303E+03  0.00000E+00  0.00000E+00  0.00000E+00  0.41417E+02  0.66800E+01  0.12117E+00    354  0.00000E+00      0.000
      36.0000 -0.10000E+00  0.00000E+00 -0.10000E+00  0.00000E+00 -0.13300E+00 -0.66576E+01  0.18652E+00 -0.66588E+01  0.18652E+00 -0.93805E+01 -0.11336E+03 -0.11008E+03  0.00000E+00  0.00000E+00  0.00000E+00  0.41376E+02  0.67800E+01  0.12117E+00    376  0.00000E+00      0.000
      37.0000  0.00000E+00  0.00000E+00 -0.11036E-06  0.00000E+00 -0.11771E+00 -0.66576E+01  0.18652E+00 -0.66588E+01  0.18652E+00 -0.95030E+01 -0.12301E+03 -0.11474E+03  0.00000E+00  0.00000E+00  0.00000E+00  0.41254E+02  0.67800E+01  0.12117E+00    379  0.00000E+00      0.000
      38.0000 -0.78000E+00  0.00000E+00 -0.78000E+00  0.00000E+00 -0.10600E+00 -0.74376E+01  0.18652E+00 -0.74388E+01  0.18652E+00 -0.96137E+01 -0.72499E+02 -0.80668E+02  0.00000E+00  0.00000E+00  0.00000E+00  0.41923E+02  0.75600E+01  0.12117E+00    401  0.00000E+00      0.000
      39.0000 -0.21000E+00  0.00000E+00 -0.21000E+00  0.00000E+00 -0.10840E+00 -0.76476E+01  0.18652E+00 -0.76488E+01  0.18652E+00 -0.97189E+01 -0.88789E+02 -0.87463E+02  0.00000E+00  0.00000E+00  0.00000E+00  0.42028E+02  0.77700E+01  0.12117E+00    423  0.00000E+00      0.000
      40.0000 -0.38000E+00  0.00000E+00 -0.38000E+00  0.00000E+00 -0.13727E+00 -0.80276E+01  0.18652E+00 -0.80288E+01  0.18652E+00 -0.98420E+01 -0.81177E+02 -0.82593E+02  0.00000E+00  0.00000E+00  0.00000E+00  0.42285E+02  0.81500E+01  0.12117E+00    445  0.00000E+00      0.000
      41.0000 -0.45000E+00  0.00000E+00 -0.45000E+00  0.00000E+00 -0.17397E+00 -0.84776E+01  0.18652E+00 -0.84788E+01  0.18652E+00 -0.10004E+02 -0.76298E+02 -0.77803E+02  0.00000E+00  0.00000E+00  0.00000E+00  0.42573E+02  0.86000E+01  0.12117E+00    448  0.00000E+00      0.000
      42.0000 -0.60000E-01  0.00000E+00 -0.60000E-01  0.00000E+00 -0.21232E+00 -0.85376E+01  0.18652E+00 -0.85388E+01  0.18652E+00 -0.10199E+02 -0.94466E+02 -0.88847E+02  0.00000E+00  0.00000E+00  0.00000E+00  0.42437E+02  0.86600E+01  0.12117E+00    470  0.00000E+00      0.000
      43.0000  0.71932E-02  0.10965E-01  0.71937E-02  0.10965E-01 -0.23392E+00 -0.85305E+01  0.19749E+00 -0.85318E+01  0.19749E+00 -0.10428E+02 -0.10610E+03 -0.97745E+02  0.00000E+00  0.00000E+00  0.00000E+00  0.42193E+02  0.86600E+01  0.12822E+00    473  0.00000E+00      0.000
      44.0000 -0.20000E+00  0.00000E+00 -0.20000E+00  0.00000E+00 -0.23101E+00 -0.87305E+01  0.19749E+00 -0.87318E+01  0.19749E+00 -0.10663E+02 -0.94838E+02 -0.93602E+02  0.00000E+00  0.00000E+00  0.00000E+00  0.42159E+02  0.88600E+01  0.12822E+00    495  0.00000E+00      0.000
      45.0000  0.30974E-02  0.47217E-02  0.30970E-02  0.47217E-02 -0.21358E+00 -0.87274E+01  0.20221E+00 -0.87287E+01  0.20221E+00 -0.10882E+02 -0.10991E+03 -0.10188E+03  0.00000E+00  0.00000E+00  0.00000E+00  0.41932E+02  0.88600E+01  0.13126E+00    498  0.00000E+00      0.000
      46.0000 -0.90000E-01  0.00000E+00 -0.90000E-01  0.00000E+00 -0.19490E+00 -0.88174E+01  0.20221E+00 -0.88187E+01  0.20221E+00 -0.11085E+02 -0.10662E+03 -0.10221E+03  0.00000E+00  0.00000E+00  0.00000E+00  0.41819E+02  0.89500E+01  0.13126E+00    520  0.00000E+00      0.000
      47.0000 -0.68447E+00  0.84259E-02 -0.68447E+00  0.84259E-02 -0.17669E+00 -0.95018E+01  0.21063E+00 -0.95032E+01  0.21063E+00 -0.11270E+02 -0.73077E+02 -0.78741E+02  0.00000E+00  0.00000E+00  0.00000E+00  0.42311E+02  0.96400E+01  0.13679E+00    542  0.00000E+00      0.000
      48.0000 -0.90000E-01  0.00000E+00 -0.89999E-01  0.00000E+00 -0.17476E+00 -0.95918E+01  0.21063E+00 -0.95932E+01  0.21063E+00 -0.11443E+02 -0.94146E+02 -0.89668E+02  0.00000E+00  0.00000E+00  0.00000E+00  0.42228E+02  0.97300E+01  0.13679E+00    564  0.00000E+00      0.000
      49.0000  0.21820E-01  0.33262E-01  0.21820E-01  0.33262E-01 -0.19078E+00 -0.95700E+01  0.24390E+00 -0.95718E+01  0.24390E+00 -0.11629E+02 -0.10966E+03 -0.10052E+03  0.00000E+00  0.00000E+00  0.00000E+00  0.41995E+02  0.97300E+01  0.15819E+00    567  0.00000E+00      0.000
      50.0000 -0.49355E+00  0.98339E-02 -0.49355E+00  0.98339E-02 -0.19611E+00 -0.10064E+02  0.25373E+00 -0.10065E+02  0.25373E+00 -0.11824E+02 -0.80108E+02 -0.83982E+02  0.00000E+00  0.00000E+00  0.00000E+00  0.42284E+02  0.10230E+02  0.16464E+00    589  0.00000E+00      0.000
      51.0000  0.30646E-01  0.46716E-01  0.30646E-01  0.46716E-01 -0.19454E+00 -0.10033E+02  0.30045E+00 -0.10035E+02  0.30045E+00 -0.12019E+02 -0.10808E+03 -0.98946E+02  0.00000E+00  0.00000E+00  0.00000E+00  0.42021E+02  0.10230E+02  0.19483E+00    593  0.00000E+00      0.000
      52.0000 -0.68000E+00  0.00000E+00 -0.68000E+00  0.00000E+00 -0.19500E+00 -0.10713E+02  0.30045E+00 -0.10715E+02  0.30045E+00 -0.12214E+02 -0.71906E+02 -0.76673E+02  0.00000E+00  0.00000E+00  0.00000E+00  0.42506E+02  0.10910E+02  0.19483E+00    615  0.00000E+00      0.000
      53.0000 -0.20000E+00  0.00000E+00 -0.20000E+00  0.00000E+00 -0.20338E+00 -0.10913E+02  0.30045E+00 -0.10915E+02  0.30045E+00 -0.12412E+02 -0.85965E+02 -0.83588E+02  0.00000E+00  0.00000E+00  0.00000E+00  0.42508E+02  0.11110E+02  0.19483E+00    637  0.00000E+00      0.000
      54.0000  0.17931E-01  0.27333E-01  0.17930E-01  0.27333E-01 -0.22439E+00 -0.10895E+02  0.32778E+00 -0.10898E+02  0.32778E+00 -0.12630E+02 -0.10419E+03 -0.95605E+02  0.00000E+00  0.00000E+00  0.00000E+00  0.42251E+02  0.11110E+02  0.21242E+00    640  0.00000E+00      0.000
      55.0000  0.39713E-01  0.60537E-01  0.39712E-01  0.60537E-01 -0.22586E+00 -0.10855E+02  0.38832E+00 -0.10859E+02  0.38832E+00 -0.12856E+02 -0.11675E+03 -0.10572E+03  0.00000E+00  0.00000E+00  0.00000E+00  0.41941E+02  0.11110E+02  0.25130E+00    642  0.00000E+00      0.000
      56.0000  0.25793E-01  0.39319E-01  0.25794E-01  0.39319E-01 -0.20774E+00 -0.10829E+02  0.42764E+00 -0.10832E+02  0.42764E+00 -0.13070E+02 -0.12438E+03 -0.11300E+03  0.00000E+00  0.00000E+00  0.00000E+00  0.41652E+02  0.11110E+02  0.27762E+00    644  0.00000E+00      0.000
      57.0000  0.63954E-01  0.97491E-01  0.61045E-01  0.97491E-01 -0.17916E+00 -0.10766E+02  0.52513E+00 -0.10771E+02  0.52513E+00 -0.13249E+02 -0.13591E+03 -0.12116E+03  0.00000E+00  0.00000E+00  0.00000E+00  0.41369E+02  0.11110E+02  0.33867E+00    645  0.00000E+00      0.000
      58.0000 -0.24333E-01  0.69614E-01 -0.24333E-01  0.69614E-01 -0.14966E+00 -0.10790E+02  0.59474E+00 -0.10796E+02  0.59474E+00 -0.13412E+02 -0.13351E+03 -0.12402E+03  0.00000E+00  0.00000E+00  0.00000E+00  0.41161E+02  0.11180E+02  0.38434E+00    667  0.00000E+00      0.000
      59.0000  0.45304E-01  0.69061E-01  0.45304E-01  0.69061E-01 -0.12136E+00 -0.10745E+02  0.66380E+00 -0.10750E+02  0.66380E+00 -0.13542E+02 -0.14875E+03 -0.13266E+03  0.00000E+00  0.00000E+00  0.00000E+00  0.40916E+02  0.11180E+02  0.42965E+00    670  0.00000E+00      0.000
      60.0000  0.44242E-01  0.67442E-01  0.44242E-01  0.67442E-01 -0.96804E-01 -0.10700E+02  0.73124E+00 -0.10706E+02  0.73124E+00 -0.13645E+02 -0.15796E+03 -0.13999E+03  0.00000E+00  0.00000E+00  0.00000E+00  0.40701E+02  0.11180E+02  0.47393E+00    672  0.00000E+00      0.000
      61.0000  0.00000E+00  0.00000E+00  0.21397E-06  0.00000E+00 -0.75434E-01 -0.10700E+02  0.73124E+00 -0.10704E+02  0.73124E+00 -0.13725E+02 -0.15171E+03 -0.13946E+03  0.00000E+00  0.00000E+00  0.00000E+00  0.40587E+02  0.11180E+02  0.47561E+00    674  0.00000E+00      0.000
      62.0000 -0.16307E-01  0.51362E-01 -0.16307E-01  0.51362E-01 -0.56629E-01 -0.10717E+02  0.78261E+00 -0.10721E+02  0.78261E+00 -0.13790E+02 -0.15104E+03 -0.14052E+03  0.00000E+00  0.00000E+00  0.00000E+00  0.40487E+02  0.11230E+02  0.50931E+00    696  0.00000E+00      0.000
      63.0000 -0.81501E+00  0.22846E-01 -0.81501E+00  0.22846E-01 -0.41533E-01 -0.11532E+02  0.80545E+00 -0.11536E+02  0.80545E+00 -0.13838E+02 -0.77282E+02 -0.90592E+02  0.00000E+00  0.00000E+00  0.00000E+00  0.41231E+02  0.12060E+02  0.52429E+00    718  0.00000E+00      0.000
      64.0000 -0.17100E+01  0.00000E+00 -0.17100E+01  0.00000E+00 -0.37744E-01 -0.13242E+02  0.80545E+00 -0.13246E+02  0.80545E+00 -0.13875E+02 -0.48675E+02 -0.54092E+02  0.00000E+00  0.00000E+00  0.00000E+00  0.42904E+02  0.13770E+02  0.52429E+00    740  0.00000E+00      0.000
      65.0000 -0.47437E-01  0.34394E-01 -0.47438E-01  0.34394E-01 -0.10947E+00 -0.13289E+02  0.83985E+00 -0.13293E+02  0.83985E+00 -0.13943E+02 -0.84320E+02 -0.78070E+02  0.00000E+00  0.00000E+00  0.00000E+00  0.42849E+02  0.13840E+02  0.54686E+00    762  0.00000E+00      0.000
      66.0000  0.60815E-01  0.92707E-01  0.60816E-01  0.92707E-01 -0.23254E+00 -0.13228E+02  0.93255E+00 -0.13233E+02  0.93255E+00 -0.14139E+02 -0.10541E+03 -0.94327E+02  0.00000E+00  0.00000E+00  0.00000E+00  0.42514E+02  0.13840E+02  0.60694E+00    765  0.00000E+00      0.000
      67.0000  0.69130E-01  0.10538E+00  0.69131E-01  0.10538E+00 -0.26715E+00 -0.13159E+02  0.10379E+01 -0.13164E+02  0.10379E+01 -0.14403E+02 -0.12172E+03 -0.10762E+03  0.00000E+00  0.00000E+00  0.00000E+00  0.42083E+02  0.13840E+02  0.67576E+00    767  0.00000E+00      0.000
      68.0000  0.54477E-01  0.83044E-01  0.54477E-01  0.83044E-01 -0.24535E+00 -0.13105E+02  0.11210E+01 -0.13109E+02  0.11210E+01 -0.14656E+02 -0.13311E+03 -0.11784E+03  0.00000E+00  0.00000E+00  0.00000E+00  0.41681E+02  0.13840E+02  0.73079E+00    769  0.00000E+00      0.000
      69.0000  0.47749E-01  0.72788E-01  0.48262E-01  0.72788E-01 -0.20418E+00 -0.13057E+02  0.11938E+01 -0.13061E+02  0.11938E+01 -0.14860E+02 -0.14218E+03 -0.12585E+03  0.00000E+00  0.00000E+00  0.00000E+00  0.41346E+02  0.13840E+02  0.77906E+00    770  0.00000E+00      0.000
      70.0000  0.77842E-01  0.11866E+00  0.75548E-01  0.11866E+00 -0.16437E+00 -0.12979E+02  0.13124E+01 -0.12985E+02  0.13124E+01 -0.15024E+02 -0.15645E+03 -0.13548E+03  0.00000E+00  0.00000E+00  0.00000E+00  0.41031E+02  0.13840E+02  0.85460E+00    771  0.00000E+00      0.000
      71.0000  0.86180E-01  0.13137E+00  0.85544E-01  0.13137E+00 -0.12779E+00 -0.12893E+02  0.14438E+01 -0.12900E+02  0.14438E+01 -0.15152E+02 -0.17754E+03 -0.14895E+03  0.00000E+00  0.00000E+00  0.00000E+00  0.40698E+02  0.13840E+02  0.94015E+00    772  0.00000E+00      0.000
      72.0000  0.11739E+00  0.17895E+00  0.11501E+00  0.17895E+00 -0.95791E-01 -0.12775E+02  0.16227E+01 -0.12785E+02  0.16227E+01 -0.15248E+02 -0.21361E+03 -0.16746E+03  0.00000E+00  0.00000E+00  0.00000E+00  0.40354E+02  0.13840E+02  0.10552E+01    773  0.00000E+00      0.000
      73.0000  0.12184E+00  0.18574E+00  0.12151E+00  0.18574E+00 -0.67580E-01 -0.12654E+02  0.18085E+01 -0.12663E+02  0.18085E+01 -0.15315E+02 -0.27320E+03 -0.19421E+03  0.00000E+00  0.00000E+00  0.00000E+00  0.39985E+02  0.13840E+02  0.11767E+01    774  0.00000E+00      0.000
      74.0000 -0.10500E+01  0.00000E+00 -0.10500E+01  0.00000E+00 -0.41529E-01 -0.13704E+02  0.18085E+01 -0.13713E+02  0.18085E+01 -0.15368E+02 -0.74384E+02 -0.93842E+02  0.00000E+00  0.00000E+00  0.00000E+00  0.40982E+02  0.14890E+02  0.11767E+01    798  0.00000E+00      0.000
      75.0000 -0.34927E-02  0.55651E-01 -0.34925E-02  0.55651E-01 -0.23077E-01 -0.13707E+02  0.18641E+01 -0.13717E+02  0.18641E+01 -0.15398E+02 -0.11836E+03 -0.11172E+03  0.00000E+00  0.00000E+00  0.00000E+00  0.40900E+02  0.14930E+02  0.12132E+01    820  0.00000E+00      0.000
      76.0000  0.51635E-01  0.78713E-01  0.51636E-01  0.78713E-01 -0.25083E-01 -0.13655E+02  0.19428E+01 -0.13665E+02  0.19428E+01 -0.15422E+02 -0.13964E+03 -0.12585E+03  0.00000E+00  0.00000E+00  0.00000E+00  0.40752E+02  0.14930E+02  0.12645E+01    823  0.00000E+00      0.000
      77.0000  0.45905E-01  0.13095E+00  0.45905E-01  0.13095E+00 -0.33180E-01 -0.13610E+02  0.20738E+01 -0.13621E+02  0.20738E+01 -0.15453E+02 -0.15683E+03 -0.13865E+03  0.00000E+00  0.00000E+00  0.00000E+00  0.40570E+02  0.14970E+02  0.13491E+01    825  0.00000E+00      0.000
      78.0000  0.41780E-01  0.63688E-01  0.41780E-01  0.63688E-01 -0.36014E-01 -0.13568E+02  0.21375E+01 -0.13577E+02  0.21375E+01 -0.15489E+02 -0.16765E+03 -0.14759E+03  0.00000E+00  0.00000E+00  0.00000E+00  0.40395E+02  0.14970E+02  0.13926E+01    827  0.00000E+00      0.000
      79.0000  0.13372E+00  0.20384E+00  0.12671E+00  0.20384E+00 -0.31345E-01 -0.13434E+02  0.23413E+01 -0.13451E+02  0.23413E+01 -0.15520E+02 -0.20358E+03 -0.16331E+03  0.00000E+00  0.00000E+00  0.00000E+00  0.40167E+02  0.14970E+02  0.15193E+01    828  0.00000E+00      0.000
      80.0000  0.12460E+00  0.18994E+00  0.12530E+00  0.18994E+00 -0.22316E-01 -0.13309E+02  0.25313E+01 -0.13325E+02  0.25313E+01 -0.15542E+02 -0.27489E+03 -0.19558E+03  0.00000E+00  0.00000E+00  0.00000E+00  0.39816E+02  0.14970E+02  0.16446E+01    829  0.00000E+00      0.000
      81.0000 -0.92015E+00  0.12172E+00 -0.92016E+00  0.12172E+00 -0.11400E-01 -0.14230E+02  0.26530E+01 -0.14246E+02  0.26530E+01 -0.15559E+02 -0.84250E+02 -0.10774E+03  0.00000E+00  0.00000E+00  0.00000E+00  0.40598E+02  0.15970E+02  0.17244E+01    852  0.00000E+00      0.000
      82.0000 -0.33800E+01  0.00000E+00 -0.33800E+01  0.00000E+00 -0.18065E-02 -0.17610E+02  0.26530E+01 -0.17626E+02  0.26530E+01 -0.15564E+02 -0.33595E+02 -0.37047E+02  0.00000E+00  0.00000E+00  0.00000E+00  0.43972E+02  0.19350E+02  0.17244E+01    878  0.00000E+00      0.000
      83.0000 -0.33350E+00  0.70879E-01 -0.33350E+00  0.70879E-01 -0.17864E+00 -0.17943E+02  0.27239E+01 -0.17959E+02  0.27239E+01 -0.15631E+02 -0.66024E+02 -0.62494E+02  0.00000E+00  0.00000E+00  0.00000E+00  0.44168E+02  0.19730E+02  0.17709E+01    900  0.00000E+00      0.000
      84.0000  0.28367E-01  0.43243E-01  0.28367E-01  0.43243E-01 -0.47097E+00 -0.17915E+02  0.27671E+01 -0.17930E+02  0.27671E+01 -0.16025E+02 -0.88091E+02 -0.79380E+02  0.00000E+00  0.00000E+00  0.00000E+00  0.43696E+02  0.19730E+02  0.17996E+01    903  0.00000E+00      0.000
      85.0000  0.62584E-01  0.95402E-01  0.62584E-01  0.95402E-01 -0.49770E+00 -0.17852E+02  0.28625E+01 -0.17869E+02  0.28625E+01 -0.16527E+02 -0.10407E+03 -0.92683E+02  0.00000E+00  0.00000E+00  0.00000E+00  0.43062E+02  0.19730E+02  0.18609E+01    905  0.00000E+00      0.000
      86.0000  0.82161E-01  0.12525E+00  0.82161E-01  0.12525E+00 -0.42352E+00 -0.17770E+02  0.29878E+01 -0.17788E+02  0.29878E+01 -0.16971E+02 -0.12148E+03 -0.10637E+03  0.00000E+00  0.00000E+00  0.00000E+00  0.42425E+02  0.19730E+02  0.19423E+01    907  0.00000E+00      0.000
      87.0000  0.11903E+00  0.18144E+00  0.11622E+00  0.18144E+00 -0.33576E+00 -0.17651E+02  0.31692E+01 -0.17671E+02  0.31692E+01 -0.17307E+02 -0.14332E+03 -0.12132E+03  0.00000E+00  0.00000E+00  0.00000E+00  0.41845E+02  0.19730E+02  0.20586E+01    908  0.00000E+00      0.000
      88.0000  0.11789E+00  0.17971E+00  0.11797E+00  0.17971E+00 -0.25843E+00 -0.17533E+02  0.33489E+01 -0.17553E+02  0.33489E+01 -0.17565E+02 -0.17272E+03 -0.14028E+03  0.00000E+00  0.00000E+00  0.00000E+00  0.41287E+02  0.19730E+02  0.21765E+01    909  0.00000E+00      0.000
      89.0000  0.16117E+00  0.24569E+00  0.15787E+00  0.24569E+00 -0.19315E+00 -0.17372E+02  0.35946E+01 -0.17396E+02  0.35946E+01 -0.17759E+02 -0.22619E+03 -0.16547E+03  0.00000E+00  0.00000E+00  0.00000E+00  0.40753E+02  0.19730E+02  0.23344E+01    910  0.00000E+00      0.000
      90.0000  0.14123E+00  0.21528E+00  0.14275E+00  0.21528E+00 -0.13905E+00 -0.17231E+02  0.38099E+01 -0.17253E+02  0.38099E+01 -0.17898E+02 -0.31638E+03 -0.20169E+03  0.00000E+00  0.00000E+00  0.00000E+00  0.40227E+02  0.19730E+02  0.24771E+01    911  0.00000E+00      0.000
      91.0000  0.14436E+00  0.22007E+00  0.14412E+00  0.22007E+00 -0.94283E-01 -0.17086E+02  0.40299E+01 -0.17109E+02  0.40299E+01 -0.17992E+02 -0.48976E+03 -0.24518E+03  0.00000E+00  0.00000E+00  0.00000E+00  0.39773E+02  0.19730E+02  0.26213E+01    912  0.00000E+00      0.000
      92.0000  0.10390E+00  0.15838E+00  0.10698E+00  0.15838E+00 -0.57414E-01 -0.16982E+02  0.41883E+01 -0.17002E+02  0.41883E+01 -0.18049E+02 -0.70301E+03 -0.29289E+03  0.00000E+00  0.00000E+00  0.00000E+00  0.39392E+02  0.19730E+02  0.27282E+01    913  0.00000E+00      0.000
      93.0000  0.14417E+00  0.21977E+00  0.14674E+00  0.21293E+00 -0.27237E-01 -0.16838E+02  0.44081E+01 -0.16855E+02  0.44013E+01 -0.18077E+02 -0.23523E+04 -0.39385E+03  0.00000E+00  0.00000E+00  0.00000E+00  0.39062E+02  0.19730E+02  0.28750E+01    914  0.00000E+00      0.000
      94.0000  0.10962E+00  0.16710E+00  0.11383E+00  0.15576E+00 -0.15356E-02 -0.16729E+02  0.45752E+01 -0.16743E+02  0.45598E+01 -0.18084E+02 -0.93069E+04 -0.66464E+03  0.00000E+00  0.00000E+00  0.00000E+00  0.38758E+02  0.19730E+02  0.29873E+01    916  0.00000E+00      0.000
      95.0000 -0.24908E+01  0.12067E+00 -0.24908E+01  0.12067E+00 -0.48320E-06 -0.19220E+02  0.46959E+01 -0.19234E+02  0.46804E+01 -0.18084E+02 -0.48999E+02 -0.67794E+02 -0.11842E+00  0.00000E+00  0.00000E+00  0.41128E+02  0.22300E+02  0.30664E+01    964  0.00000E+00      0.000
      96.0000 -0.13600E+01  0.00000E+00 -0.13600E+01  0.00000E+00  0.14484E-06 -0.20580E+02  0.46959E+01 -0.20594E+02  0.46804E+01 -0.18084E+02 -0.52247E+02 -0.56954E+02 -0.36766E+00  0.00000E+00  0.00000E+00  0.42488E+02  0.23660E+02  0.30664E+01    986  0.00000E+00      0.000
      97.0000  0.19492E+00  0.29713E+00  0.19492E+00  0.29713E+00 -0.13729E-05 -0.20385E+02  0.49930E+01 -0.20402E+02  0.49775E+01 -0.18084E+02 -0.11225E+03 -0.95041E+02 -0.20806E+00  0.00000E+00  0.00000E+00  0.42070E+02  0.23660E+02  0.32576E+01    990  0.00000E+00      0.000
      98.0000 -0.15939E+01  0.24566E-01 -0.15939E+01  0.24566E-01 -0.14517E+00 -0.21978E+02  0.50176E+01 -0.21996E+02  0.50021E+01 -0.18159E+02 -0.49627E+02 -0.54378E+02  0.00000E+00  0.00000E+00  0.00000E+00  0.43564E+02  0.25270E+02  0.32738E+01   1012  0.00000E+00      0.000
      99.0000 -0.65992E+00  0.10684E+00 -0.65992E+00  0.10684E+00 -0.28492E+00 -0.22638E+02  0.51244E+01 -0.22656E+02  0.51089E+01 -0.18378E+02 -0.63045E+02 -0.62966E+02  0.00000E+00  0.00000E+00  0.00000E+00  0.43899E+02  0.26000E+02  0.33438E+01   1034  0.00000E+00      0.000
     100.0000 -0.42714E+00  0.80580E-01 -0.42714E+00  0.80580E-01 -0.44667E+00 -0.23066E+02  0.52050E+01 -0.23083E+02  0.51895E+01 -0.18759E+02 -0.70830E+02 -0.69349E+02  0.00000E+00  0.00000E+00  0.00000E+00  0.43864E+02  0.26480E+02  0.33967E+01   1056  0.00000E+00      0.000
     101.0000  0.68631E-01  0.10462E+00  0.68631E-01  0.10462E+00 -0.48964E+00 -0.22997E+02  0.53096E+01 -0.23015E+02  0.52941E+01 -0.19242E+02 -0.99388E+02 -0.88480E+02  0.00000E+00  0.00000E+00  0.00000E+00  0.43214E+02  0.26480E+02  0.34650E+01   1060  0.00000E+00      0.000
     102.0000 -0.19954E+00  0.21412E+00 -0.19954E+00  0.21412E+00 -0.43998E+00 -0.23196E+02  0.55237E+01 -0.23214E+02  0.55082E+01 -0.19709E+02 -0.98036E+02 -0.94217E+02  0.00000E+00  0.00000E+00  0.00000E+00  0.42732E+02  0.26820E+02  0.36055E+01   1082  0.00000E+00      0.000
     103.0000 -0.67919E-01  0.64148E-01 -0.67919E-01  0.64148E-01 -0.35746E+00 -0.23264E+02  0.55879E+01 -0.23282E+02  0.55724E+01 -0.20103E+02 -0.10594E+03 -0.99464E+02  0.00000E+00  0.00000E+00  0.00000E+00  0.42342E+02  0.26930E+02  0.36476E+01   1104  0.00000E+00      0.000
     104.0000 -0.81743E+00  0.64895E-01 -0.81743E+00  0.64895E-01 -0.28809E+00 -0.24082E+02  0.56528E+01 -0.24100E+02  0.56373E+01 -0.20420E+02 -0.68641E+02 -0.74101E+02  0.00000E+00  0.00000E+00  0.00000E+00  0.42778E+02  0.27790E+02  0.36901E+01   1126  0.00000E+00      0.000
     105.0000 -0.15472E-01  0.52634E-01 -0.15473E-01  0.52634E-01 -0.25830E+00 -0.24097E+02  0.57054E+01 -0.24115E+02  0.56899E+01 -0.20687E+02 -0.98079E+02 -0.90739E+02  0.00000E+00  0.00000E+00  0.00000E+00  0.42474E+02  0.27840E+02  0.37247E+01   1148  0.00000E+00      0.000
     106.0000  0.66253E-01  0.13148E+00  0.66253E-01  0.13148E+00 -0.25416E+00 -0.24031E+02  0.58369E+01 -0.24050E+02  0.58214E+01 -0.20943E+02 -0.12032E+03 -0.10669E+03  0.00000E+00  0.00000E+00  0.00000E+00  0.42039E+02  0.27860E+02  0.38099E+01   1151  0.00000E+00      0.000
     107.0000  0.14317E+00  0.21825E+00  0.14317E+00  0.21825E+00 -0.22995E+00 -0.23888E+02  0.60551E+01 -0.23909E+02  0.60396E+01 -0.21180E+02 -0.15794E+03 -0.12932E+03  0.00000E+00  0.00000E+00  0.00000E+00  0.41484E+02  0.27860E+02  0.39509E+01   1153  0.00000E+00      0.000
     108.0000 -0.64494E+00  0.22962E-01 -0.64494E+00  0.22962E-01 -0.19215E+00 -0.24533E+02  0.60781E+01 -0.24554E+02  0.60626E+01 -0.21390E+02 -0.81305E+02 -0.89880E+02  0.00000E+00  0.00000E+00  0.00000E+00  0.41896E+02  0.28520E+02  0.39660E+01   1175  0.00000E+00      0.000
     109.0000 -0.38197E-01  0.23141E+00 -0.38197E-01  0.23141E+00 -0.15813E+00 -0.24571E+02  0.63095E+01 -0.24592E+02  0.62940E+01 -0.21561E+02 -0.12028E+03 -0.11117E+03  0.00000E+00  0.00000E+00  0.00000E+00  0.41532E+02  0.28710E+02  0.41178E+01   1197  0.00000E+00      0.000
     110.0000  0.13777E+00  0.21002E+00  0.13777E+00  0.21002E+00 -0.14131E+00 -0.24433E+02  0.65195E+01 -0.24454E+02  0.65040E+01 -0.21708E+02 -0.17143E+03 -0.13884E+03  0.00000E+00  0.00000E+00  0.00000E+00  0.41032E+02  0.28710E+02  0.42559E+01   1200  0.00000E+00      0.000
     111.0000  0.16728E+00  0.25499E+00  0.16728E+00  0.25499E+00 -0.12053E+00 -0.24266E+02  0.67745E+01 -0.24288E+02  0.67590E+01 -0.21834E+02 -0.24711E+03 -0.17338E+03  0.00000E+00  0.00000E+00  0.00000E+00  0.40506E+02  0.28710E+02  0.44220E+01   1202  0.00000E+00      0.000
     112.0000  0.11274E+00  0.18711E+00  0.11274E+00  0.18711E+00 -0.93095E-01 -0.24153E+02  0.69616E+01 -0.24174E+02  0.69461E+01 -0.21934E+02 -0.30081E+03 -0.20220E+03  0.00000E+00  0.00000E+00  0.00000E+00  0.40072E+02  0.28720E+02  0.45464E+01   1204  0.00000E+00      0.000
     113.0000  0.86807E-01  0.14757E+00  0.88783E-01  0.14757E+00 -0.64018E-01 -0.24066E+02  0.71092E+01 -0.24085E+02  0.70937E+01 -0.21998E+02 -0.34793E+03 -0.22594E+03  0.00000E+00  0.00000E+00  0.00000E+00  0.39734E+02  0.28730E+02  0.46452E+01   1205  0.00000E+00      0.000
     114.0000  0.16967E+00  0.25864E+00  0.16435E+00  0.25840E+00 -0.37021E-01 -0.23897E+02  0.73678E+01 -0.23920E+02  0.73521E+01 -0.22035E+02 -0.69643E+03 -0.27601E+03  0.00000E+00  0.00000E+00  0.00000E+00  0.39380E+02  0.28730E+02  0.48096E+01   1206  0.00000E+00      0.000
     115.0000  0.21289E+00  0.32453E+00  0.22559E+00  0.27655E+00 -0.13221E-01 -0.23684E+02  0.76924E+01 -0.23695E+02  0.76287E+01 -0.22049E+02 -0.76815E+05 -0.24518E+04  0.00000E+00  0.00000E+00  0.00000E+00  0.38895E+02  0.28730E+02  0.50352E+01   1207  0.00000E+00      0.000
     116.0000  0.17362E+00  0.26466E+00  0.67535E-01  0.21905E+00 -0.26487E-05 -0.23510E+02  0.79570E+01 -0.23573E+02  0.78527E+01 -0.22052E+02 -0.10000E+07 -0.26581E+05 -0.30696E-01  0.00000E+00  0.00000E+00  0.38538E+02  0.28730E+02  0.51567E+01   1218  0.00000E+00      0.000
     117.0000 -0.39499E+00  0.76441E-02 -0.39499E+00  0.76441E-02  0.20310E-05 -0.23905E+02  0.79647E+01 -0.23968E+02  0.78602E+01 -0.22052E+02 -0.19618E+03 -0.24968E+03 -0.21819E+00  0.00000E+00  0.00000E+00  0.38925E+02  0.29130E+02  0.51617E+01   1253  0.00000E+00      0.000
     118.0000  0.57362E-01  0.13317E+00  0.57362E-01  0.13317E+00  0.39029E-05 -0.23848E+02  0.80978E+01 -0.23912E+02  0.79934E+01 -0.22052E+02 -0.35522E+03 -0.26505E+03 -0.53088E+00  0.00000E+00  0.00000E+00  0.38752E+02  0.29160E+02  0.52482E+01   1258  0.00000E+00      0.000
     119.0000 -0.65520E+00  0.22560E-01 -0.65520E+00  0.22560E-01 -0.46138E-05 -0.24503E+02  0.81204E+01 -0.24567E+02  0.80159E+01 -0.22052E+02 -0.10958E+03 -0.15045E+03 -0.91715E+00  0.00000E+00  0.00000E+00  0.39385E+02  0.29830E+02  0.52630E+01   1281  0.00000E+00      0.000
     120.0000  0.18028E+00  0.27481E+00  0.18028E+00  0.27481E+00  0.76805E-06 -0.24323E+02  0.83952E+01 -0.24389E+02  0.82907E+01 -0.22052E+02 -0.28878E+03 -0.20478E+03 -0.13553E+01  0.00000E+00  0.00000E+00  0.38980E+02  0.29830E+02  0.54407E+01   1286  0.00000E+00      0.000
     121.0000  0.15405E+00  0.23484E+00  0.15409E+00  0.23480E+00 -0.26563E-06 -0.24169E+02  0.86300E+01 -0.24235E+02  0.85256E+01 -0.22052E+02 -0.61869E+03 -0.28043E+03 -0.18071E+01  0.00000E+00  0.00000E+00  0.38578E+02  0.29830E+02  0.55955E+01   1289  0.00000E+00      0.000
     122.0000 -0.40863E+00  0.18501E+00 -0.40863E+00  0.18501E+00  0.28638E-05 -0.24577E+02  0.88150E+01 -0.24643E+02  0.87106E+01 -0.22052E+02 -0.15785E+03 -0.19861E+03 -0.22489E+01  0.00000E+00  0.00000E+00  0.38802E+02  0.30360E+02  0.57168E+01   1312  0.00000E+00      0.000
     123.0000 -0.18626E+01  0.26465E-01 -0.18626E+01  0.26465E-01 -0.16976E-05 -0.26440E+02  0.88415E+01 -0.26506E+02  0.87370E+01 -0.22052E+02 -0.54071E+02 -0.69847E+02 -0.26791E+01  0.00000E+00  0.00000E+00  0.40638E+02  0.32240E+02  0.57342E+01   1338  0.00000E+00      0.000
     124.0000  0.11860E+00  0.18080E+00  0.11860E+00  0.18080E+00 -0.44717E-05 -0.26321E+02  0.90223E+01 -0.26388E+02  0.89178E+01 -0.22052E+02 -0.12119E+03 -0.10796E+03 -0.30851E+01  0.00000E+00  0.00000E+00  0.40360E+02  0.32240E+02  0.58517E+01   1344  0.00000E+00      0.000
     125.0000  0.14470E+00  0.22058E+00  0.14470E+00  0.22058E+00 -0.41943E-05 -0.26177E+02  0.92429E+01 -0.26244E+02  0.91384E+01 -0.22052E+02 -0.17123E+03 -0.13946E+03 -0.32746E+01  0.00000E+00  0.00000E+00  0.40008E+02  0.32240E+02  0.59957E+01   1347  0.00000E+00      0.000
     126.0000  0.24899E+00  0.37955E+00  0.24899E+00  0.37955E+00  0.40709E-05 -0.25928E+02  0.96224E+01 -0.25999E+02  0.95180E+01 -0.22052E+02 -0.38272E+03 -0.20254E+03 -0.31904E+01  0.00000E+00  0.00000E+00  0.39459E+02  0.32240E+02  0.62407E+01   1349  0.00000E+00      0.000
     127.0000 -0.79760E+00  0.64634E-01 -0.79760E+00  0.64634E-01 -0.23528E-05 -0.26725E+02  0.96871E+01 -0.26797E+02  0.95826E+01 -0.22052E+02 -0.88953E+02 -0.11094E+03 -0.29981E+01  0.00000E+00  0.00000E+00  0.40192E+02  0.33080E+02  0.62831E+01   1372  0.00000E+00      0.000
     128.0000 -0.14853E+00  0.20041E+00 -0.14853E+00  0.20041E+00  0.23223E-05 -0.26874E+02  0.98875E+01 -0.26945E+02  0.97830E+01 -0.22052E+02 -0.12363E+03 -0.12296E+03 -0.28129E+01  0.00000E+00  0.00000E+00  0.40140E+02  0.33360E+02  0.64146E+01   1394  0.00000E+00      0.000
     129.0000 -0.51051E+00  0.16690E+00 -0.51051E+00  0.16690E+00  0.32446E-05 -0.27384E+02  0.10054E+02 -0.27456E+02  0.99499E+01 -0.22052E+02 -0.94245E+02 -0.10472E+03 -0.26685E+01  0.00000E+00  0.00000E+00  0.40484E+02  0.33980E+02  0.65241E+01   1416  0.00000E+00      0.000
     130.0000 -0.71716E+00  0.27872E+00 -0.71716E+00  0.27872E+00  0.77870E-06 -0.28101E+02  0.10333E+02 -0.28173E+02  0.10229E+02 -0.22052E+02 -0.81410E+02 -0.91134E+02 -0.25040E+01  0.00000E+00  0.00000E+00  0.40922E+02  0.34880E+02  0.67069E+01   1438  0.00000E+00      0.000
     131.0000 -0.10200E+01  0.00000E+00 -0.10200E+01  0.00000E+00  0.39752E-05 -0.29121E+02  0.10333E+02 -0.29193E+02  0.10229E+02 -0.22052E+02 -0.61385E+02 -0.67441E+02 -0.22433E+01  0.00000E+00  0.00000E+00  0.41942E+02  0.35900E+02  0.67069E+01   1460  0.00000E+00      0.000
     132.0000 -0.69576E+00  0.17415E+00 -0.69576E+00  0.17415E+00 -0.26444E-05 -0.29817E+02  0.10507E+02 -0.29889E+02  0.10403E+02 -0.22052E+02 -0.68015E+02 -0.70413E+02 -0.16767E+01  0.00000E+00  0.00000E+00  0.42464E+02  0.36710E+02  0.68212E+01   1482  0.00000E+00      0.000
     133.0000 -0.13898E+01  0.15282E+00 -0.13898E+01  0.15282E+00 -0.17131E-06 -0.31207E+02  0.10660E+02 -0.31279E+02  0.10556E+02 -0.22052E+02 -0.51666E+02 -0.55091E+02 -0.36829E+00  0.00000E+00  0.00000E+00  0.43701E+02  0.38200E+02  0.69214E+01   1504  0.00000E+00      0.000
     134.0000 -0.43400E+00  0.16158E+00 -0.43400E+00  0.16158E+00 -0.32025E+00 -0.31641E+02  0.10822E+02 -0.31713E+02  0.10717E+02 -0.22242E+02 -0.70431E+02 -0.68632E+02  0.00000E+00  0.00000E+00  0.00000E+00  0.43783E+02  0.38740E+02  0.70274E+01   1526  0.00000E+00      0.000
     135.0000 -0.44663E+00  0.14233E+00 -0.44663E+00  0.14233E+00 -0.44767E+00 -0.32088E+02  0.10964E+02 -0.32159E+02  0.10860E+02 -0.22658E+02 -0.73508E+02 -0.72577E+02  0.00000E+00  0.00000E+00  0.00000E+00  0.43666E+02  0.39280E+02  0.71208E+01   1529  0.00000E+00      0.000
     136.0000 -0.19149E+01  0.77063E-02 -0.19149E+01  0.77063E-02 -0.49105E+00 -0.34003E+02  0.10972E+02 -0.34074E+02  0.10867E+02 -0.23131E+02 -0.42960E+02 -0.45465E+02  0.00000E+00  0.00000E+00  0.00000E+00  0.45100E+02  0.41200E+02  0.71258E+01   1551  0.00000E+00      0.000
     137.0000 -0.23477E+01  0.34895E-02 -0.23477E+01  0.34895E-02 -0.82146E+00 -0.36350E+02  0.10975E+02 -0.36422E+02  0.10871E+02 -0.23787E+02 -0.37023E+02 -0.37923E+02  0.00000E+00  0.00000E+00  0.00000E+00  0.46788E+02  0.43550E+02  0.71281E+01   1555  0.00000E+00      0.000
     138.0000  0.87119E-01  0.13280E+00  0.87118E-01  0.13280E+00 -0.11966E+01 -0.36263E+02  0.11108E+02 -0.36337E+02  0.11004E+02 -0.24908E+02 -0.75897E+02 -0.66517E+02  0.00000E+00  0.00000E+00  0.00000E+00  0.45490E+02  0.43550E+02  0.72131E+01   1558  0.00000E+00      0.000
     139.0000  0.23274E+00  0.35478E+00  0.23274E+00  0.35478E+00 -0.98055E+00 -0.36030E+02  0.11463E+02 -0.36109E+02  0.11358E+02 -0.25957E+02 -0.11510E+03 -0.93773E+02  0.00000E+00  0.00000E+00  0.00000E+00  0.43964E+02  0.43550E+02  0.74403E+01   1560  0.00000E+00      0.000
     140.0000  0.26263E+00  0.40035E+00  0.26263E+00  0.40035E+00 -0.69032E+00 -0.35768E+02  0.11863E+02 -0.35848E+02  0.11759E+02 -0.26718E+02 -0.18732E+03 -0.13191E+03  0.00000E+00  0.00000E+00  0.00000E+00  0.42563E+02  0.43550E+02  0.77018E+01   1562  0.00000E+00      0.000
     141.0000  0.29619E+00  0.45151E+00  0.29693E+00  0.44974E+00 -0.46553E+00 -0.35472E+02  0.12315E+02 -0.35553E+02  0.12209E+02 -0.27235E+02 -0.52443E+03 -0.20491E+03  0.00000E+00  0.00000E+00  0.00000E+00  0.41324E+02  0.43550E+02  0.79971E+01   1564  0.00000E+00      0.000
     142.0000  0.31835E+00  0.48530E+00  0.31835E+00  0.41867E+00 -0.30345E+00 -0.35153E+02  0.12800E+02 -0.35226E+02  0.12658E+02 -0.27589E+02 -0.73393E+06 -0.19394E+05  0.00000E+00  0.00000E+00  0.00000E+00  0.40202E+02  0.43550E+02  0.83240E+01   1569  0.00000E+00      0.000
     143.0000  0.19439E+00  0.29632E+00  0.10310E+00  0.24709E+00 -0.18847E+00 -0.34959E+02  0.13096E+02 -0.35087E+02  0.12907E+02 -0.27827E+02 -0.10000E+07 -0.26456E+05  0.00000E+00  0.00000E+00  0.00000E+00  0.39557E+02  0.43550E+02  0.84629E+01   1584  0.00000E+00      0.000
     144.0000  0.20291E+00  0.30932E+00  0.65409E-01  0.25463E+00 -0.10948E+00 -0.34756E+02  0.13406E+02 -0.35010E+02  0.13163E+02 -0.27968E+02 -0.10000E+07 -0.26603E+05  0.00000E+00  0.00000E+00  0.00000E+00  0.39084E+02  0.43550E+02  0.85398E+01   1591  0.00000E+00      0.000
     145.0000  0.13828E+00  0.36323E+00  0.27655E-01  0.28936E+00 -0.54404E-01 -0.34618E+02  0.13769E+02 -0.34970E+02  0.13456E+02 -0.28043E+02 -0.10000E+07 -0.26881E+05  0.00000E+00  0.00000E+00  0.00000E+00  0.38680E+02  0.43650E+02  0.86798E+01   1596  0.00000E+00      0.000
     146.0000 -0.14911E+01  0.37940E+00 -0.14911E+01  0.37940E+00 -0.13735E-01 -0.36109E+02  0.14148E+02 -0.36461E+02  0.13830E+02 -0.28075E+02 -0.84987E+02 -0.15315E+03  0.00000E+00  0.00000E+00  0.00000E+00  0.39766E+02  0.45390E+02  0.89287E+01   1650  0.00000E+00      0.000
     147.0000 -0.63933E+01  0.10173E+00 -0.63932E+01  0.88860E-01  0.30572E-06 -0.42502E+02  0.14250E+02 -0.42854E+02  0.13929E+02 -0.28078E+02 -0.22350E+02 -0.23562E+02 -0.64148E-01  0.00000E+00  0.00000E+00  0.46056E+02  0.51850E+02  0.89954E+01   1689  0.00000E+00      0.000
     148.0000 -0.16236E+01  0.98249E-02 -0.16236E+01  0.98249E-02 -0.10196E+01 -0.44126E+02  0.14260E+02 -0.44478E+02  0.13939E+02 -0.28436E+02 -0.41609E+02 -0.40899E+02  0.00000E+00  0.00000E+00  0.00000E+00  0.47311E+02  0.53480E+02  0.90019E+01   1712  0.00000E+00      0.000
     149.0000 -0.25433E+01  0.71116E-01 -0.25434E+01  0.71116E-01 -0.19038E+01 -0.46669E+02  0.14331E+02 -0.47021E+02  0.14010E+02 -0.30061E+02 -0.35411E+02 -0.35693E+02  0.00000E+00  0.00000E+00  0.00000E+00  0.48159E+02  0.56070E+02  0.90485E+01   1734  0.00000E+00      0.000
     150.0000 -0.41078E-01  0.10506E+00 -0.41079E-01  0.10506E+00 -0.18478E+01 -0.46710E+02  0.14436E+02 -0.47062E+02  0.14115E+02 -0.32040E+02 -0.71764E+02 -0.64074E+02  0.00000E+00  0.00000E+00  0.00000E+00  0.46116E+02  0.56180E+02  0.91175E+01   1756  0.00000E+00      0.000
     151.0000 -0.81929E-01  0.27145E+00 -0.81928E-01  0.27145E+00 -0.11903E+01 -0.46792E+02  0.14707E+02 -0.47144E+02  0.14387E+02 -0.33508E+02 -0.89863E+02 -0.81477E+02  0.00000E+00  0.00000E+00  0.00000E+00  0.44459E+02  0.56440E+02  0.92955E+01   1778  0.00000E+00      0.000
     152.0000  0.12409E+00  0.25013E+00  0.12409E+00  0.25013E+00 -0.78036E+00 -0.46668E+02  0.14958E+02 -0.47020E+02  0.14637E+02 -0.34408E+02 -0.12312E+03 -0.10380E+03  0.00000E+00  0.00000E+00  0.00000E+00  0.43179E+02  0.56480E+02  0.94599E+01   1781  0.00000E+00      0.000
     153.0000  0.16988E+00  0.27420E+00  0.16988E+00  0.27420E+00 -0.53102E+00 -0.46498E+02  0.15232E+02 -0.46850E+02  0.14911E+02 -0.34995E+02 -0.16624E+03 -0.12972E+03  0.00000E+00  0.00000E+00  0.00000E+00  0.42160E+02  0.56490E+02  0.96392E+01   1783  0.00000E+00      0.000
     154.0000  0.91844E-01  0.39915E+00  0.91845E-01  0.39915E+00 -0.36458E+00 -0.46406E+02  0.15631E+02 -0.46762E+02  0.15310E+02 -0.35397E+02 -0.20989E+03 -0.15862E+03  0.00000E+00  0.00000E+00  0.00000E+00  0.41330E+02  0.56660E+02  0.98979E+01   1785  0.00000E+00      0.000
     155.0000 -0.11261E+01  0.37185E+00 -0.11261E+01  0.37185E+00 -0.24356E+00 -0.47532E+02  0.16003E+02 -0.47888E+02  0.15682E+02 -0.35691E+02 -0.75189E+02 -0.92361E+02  0.00000E+00  0.00000E+00  0.00000E+00  0.41790E+02  0.58030E+02  0.10142E+02   1808  0.00000E+00      0.000
     156.0000  0.13947E+00  0.21261E+00  0.13947E+00  0.21261E+00 -0.16945E+00 -0.47393E+02  0.16215E+02 -0.47746E+02  0.15895E+02 -0.35885E+02 -0.14952E+03 -0.12627E+03  0.00000E+00  0.00000E+00  0.00000E+00  0.41204E+02  0.58030E+02  0.10283E+02   1812  0.00000E+00      0.000
     157.0000  0.27590E+00  0.42058E+00  0.27596E+00  0.42052E+00 -0.12989E+00 -0.47117E+02  0.16636E+02 -0.47476E+02  0.16315E+02 -0.36024E+02 -0.34070E+03 -0.18695E+03  0.00000E+00  0.00000E+00  0.00000E+00  0.40473E+02  0.58030E+02  0.10554E+02   1814  0.00000E+00      0.000
     158.0000  0.33501E+00  0.51069E+00  0.33590E+00  0.44742E+00 -0.97802E-01 -0.46782E+02  0.17147E+02 -0.47134E+02  0.16793E+02 -0.36131E+02 -0.22264E+06 -0.61969E+04  0.00000E+00  0.00000E+00  0.00000E+00  0.39578E+02  0.58030E+02  0.10895E+02   1817  0.00000E+00      0.000
     159.0000  0.38307E+00  0.58395E+00  0.30752E-01  0.45511E+00 -0.65397E-01 -0.46399E+02  0.17731E+02 -0.47034E+02  0.17265E+02 -0.36211E+02 -0.10000E+07 -0.26831E+05  0.00000E+00  0.00000E+00  0.00000E+00  0.38924E+02  0.58030E+02  0.10996E+02   1831  0.00000E+00      0.000
     160.0000  0.39473E+00  0.60172E+00  0.62522E-02  0.36674E+00 -0.32838E-01 -0.46004E+02  0.18332E+02 -0.47023E+02  0.17670E+02 -0.36254E+02 -0.10000E+07 -0.27809E+05  0.00000E+00  0.00000E+00  0.00000E+00  0.38421E+02  0.58030E+02  0.11007E+02   1834  0.00000E+00      0.000
     161.0000  0.36506E+00  0.55649E+00  0.32720E-02  0.32113E+00 -0.32946E-02 -0.45639E+02  0.18889E+02 -0.47019E+02  0.18007E+02 -0.36267E+02 -0.10000E+07 -0.28447E+05  0.00000E+00  0.00000E+00  0.00000E+00  0.38052E+02  0.58030E+02  0.11011E+02   1837  0.00000E+00      0.000
     162.0000  0.40138E+00  0.61186E+00  0.23654E-02  0.28810E+00 -0.31134E-05 -0.45238E+02  0.19501E+02 -0.47016E+02  0.18303E+02 -0.36267E+02 -0.10000E+07 -0.29046E+05 -0.16123E+00  0.00000E+00  0.00000E+00  0.37736E+02  0.58030E+02  0.11014E+02   1839  0.00000E+00      0.000
     163.0000  0.29628E+00  0.45165E+00  0.18643E-02  0.20583E+00 -0.56469E-06 -0.44941E+02  0.19952E+02 -0.47014E+02  0.18512E+02 -0.36267E+02 -0.10000E+07 -0.29459E+05 -0.48567E+00  0.00000E+00  0.00000E+00  0.37484E+02  0.58030E+02  0.11016E+02   1841  0.00000E+00      0.000
     164.0000  0.18572E+00  0.31359E+00  0.15444E-02  0.14797E+00 -0.47080E-05 -0.44756E+02  0.20266E+02 -0.47012E+02  0.18660E+02 -0.36267E+02 -0.10000E+07 -0.29665E+05 -0.91602E+00  0.00000E+00  0.00000E+00  0.37306E+02  0.58050E+02  0.11037E+02   1843  0.00000E+00      0.000
     165.0000 -0.26769E+00  0.17120E+00 -0.26769E+00  0.15074E+00  0.19953E-05 -0.45023E+02  0.20437E+02 -0.47280E+02  0.18782E+02 -0.36267E+02 -0.41609E+03 -0.11227E+04 -0.14073E+01  0.00000E+00  0.00000E+00  0.37455E+02  0.58430E+02  0.11150E+02   1877  0.00000E+00      0.000
     166.0000  0.23269E+00  0.35472E+00  0.13026E-01  0.22140E+00  0.20785E-05 -0.44791E+02  0.20792E+02 -0.47155E+02  0.19041E+02 -0.36267E+02 -0.10000E+07 -0.27996E+05 -0.19576E+01  0.00000E+00  0.00000E+00  0.37079E+02  0.58430E+02  0.11275E+02   1891  0.00000E+00      0.000
     167.0000  0.24759E+00  0.37743E+00  0.37730E-02  0.18535E+00 -0.53080E-06 -0.44543E+02  0.21169E+02 -0.47149E+02  0.19240E+02 -0.36267E+02 -0.10000E+07 -0.29016E+05 -0.25487E+01  0.00000E+00  0.00000E+00  0.36864E+02  0.58430E+02  0.11281E+02   1895  0.00000E+00      0.000
     168.0000  0.15846E+00  0.24156E+00  0.24568E-02  0.11795E+00 -0.57073E-06 -0.44385E+02  0.21411E+02 -0.47146E+02  0.19358E+02 -0.36267E+02 -0.10000E+07 -0.29311E+05 -0.31656E+01  0.00000E+00  0.00000E+00  0.36720E+02  0.58430E+02  0.11283E+02   1897  0.00000E+00      0.000
     169.0000  0.26080E+00  0.39756E+00  0.18632E-02  0.18403E+00  0.93941E-06 -0.44124E+02  0.21808E+02 -0.47144E+02  0.19544E+02 -0.36267E+02 -0.10000E+07 -0.29516E+05 -0.37968E+01  0.00000E+00  0.00000E+00  0.36565E+02  0.58430E+02  0.11285E+02   1899  0.00000E+00      0.000
     170.0000  0.19423E-01  0.42595E+00  0.15255E-02  0.18157E+00 -0.31958E-05 -0.44104E+02  0.22234E+02 -0.47143E+02  0.19730E+02 -0.36267E+02 -0.10000E+07 -0.29852E+05 -0.44387E+01  0.00000E+00  0.00000E+00  0.36377E+02  0.58690E+02  0.11547E+02   1901  0.00000E+00      0.000
     171.0000 -0.92156E+00  0.28116E-01 -0.92156E+00  0.28116E-01  0.37384E-05 -0.45026E+02  0.22262E+02 -0.48064E+02  0.19754E+02 -0.36267E+02 -0.13567E+03 -0.35489E+03 -0.50874E+01  0.00000E+00  0.00000E+00  0.37274E+02  0.59630E+02  0.11566E+02   1958  0.00000E+00      0.000
     172.0000  0.21504E+00  0.32781E+00  0.22588E+00  0.30520E+00  0.41949E-05 -0.44811E+02  0.22590E+02 -0.47848E+02  0.20077E+02 -0.36267E+02 -0.73327E+04 -0.68874E+03 -0.57427E+01  0.00000E+00  0.00000E+00  0.36752E+02  0.59630E+02  0.11782E+02   1967  0.00000E+00      0.000
     173.0000  0.33857E+00  0.51612E+00  0.13728E-01  0.36476E+00  0.99663E-06 -0.44472E+02  0.23106E+02 -0.47745E+02  0.20476E+02 -0.36267E+02 -0.10000E+07 -0.27473E+05 -0.64021E+01  0.00000E+00  0.00000E+00  0.36262E+02  0.59630E+02  0.11885E+02   1978  0.00000E+00      0.000
     174.0000 -0.43005E+00  0.42676E+00 -0.43005E+00  0.39336E+00  0.16633E-05 -0.44902E+02  0.23533E+02 -0.48175E+02  0.20846E+02 -0.36267E+02 -0.28954E+03 -0.78733E+03 -0.70627E+01  0.00000E+00  0.00000E+00  0.36324E+02  0.60340E+02  0.12165E+02   2017  0.00000E+00      0.000
     175.0000 -0.12688E+00  0.20293E+00 -0.12688E+00  0.19908E+00  0.95007E-06 -0.45029E+02  0.23736E+02 -0.48302E+02  0.21043E+02 -0.36267E+02 -0.42536E+03 -0.63374E+03 -0.77225E+01  0.00000E+00  0.00000E+00  0.36254E+02  0.60600E+02  0.12298E+02   2039  0.00000E+00      0.000
     176.0000 -0.16034E+00  0.28911E+00 -0.16034E+00  0.28093E+00 -0.77591E-05 -0.45189E+02  0.24025E+02 -0.48463E+02  0.21324E+02 -0.36267E+02 -0.41031E+03 -0.62989E+03 -0.83812E+01  0.00000E+00  0.00000E+00  0.36134E+02  0.60950E+02  0.12488E+02   2061  0.00000E+00      0.000
     177.0000  0.30683E+00  0.46772E+00  0.16860E-01  0.31521E+00 -0.25504E-05 -0.44883E+02  0.24493E+02 -0.48299E+02  0.21689E+02 -0.36267E+02 -0.10000E+07 -0.27666E+05 -0.90386E+01  0.00000E+00  0.00000E+00  0.35633E+02  0.60950E+02  0.12651E+02   2073  0.00000E+00      0.000
     178.0000  0.20946E+00  0.41076E+00  0.39633E-02  0.19222E+00 -0.59894E-05 -0.44673E+02  0.24904E+02 -0.48293E+02  0.21911E+02 -0.36267E+02 -0.10000E+07 -0.29116E+05 -0.96956E+01  0.00000E+00  0.00000E+00  0.35375E+02  0.61010E+02  0.12717E+02   2077  0.00000E+00      0.000
     179.0000 -0.54428E+00  0.37458E+00 -0.54428E+00  0.33030E+00 -0.34787E-05 -0.45217E+02  0.25278E+02 -0.48837E+02  0.22187E+02 -0.36267E+02 -0.23998E+03 -0.11070E+04 -0.10353E+02  0.00000E+00  0.00000E+00  0.35648E+02  0.61800E+02  0.12963E+02   2119  0.00000E+00      0.000
     180.0000 -0.22889E+01  0.32107E-01 -0.22889E+01  0.32107E-01  0.91444E-07 -0.47506E+02  0.25310E+02 -0.51126E+02  0.22219E+02 -0.36267E+02 -0.56228E+02 -0.97766E+02 -0.11010E+02  0.00000E+00  0.00000E+00  0.37905E+02  0.64110E+02  0.12984E+02   2165  0.00000E+00      0.000
     181.0000 -0.96318E+00  0.11711E+00 -0.96318E+00  0.11711E+00  0.86566E-06 -0.48470E+02  0.25427E+02 -0.52089E+02  0.22336E+02 -0.36267E+02 -0.69009E+02 -0.80920E+02 -0.11668E+02  0.00000E+00  0.00000E+00  0.38751E+02  0.65150E+02  0.13061E+02   2187  0.00000E+00      0.000
     182.0000  0.13348E+00  0.40165E+00  0.13348E+00  0.40165E+00 -0.15460E-06 -0.48336E+02  0.25829E+02 -0.51959E+02  0.22738E+02 -0.36267E+02 -0.15310E+03 -0.12957E+03 -0.12298E+02  0.00000E+00  0.00000E+00  0.38287E+02  0.65280E+02  0.13321E+02   2191  0.00000E+00      0.000
     183.0000 -0.89029E+00  0.91021E-01 -0.89029E+00  0.91021E-01 -0.17624E-05 -0.49226E+02  0.25920E+02 -0.52850E+02  0.22829E+02 -0.36267E+02 -0.74352E+02 -0.87106E+02 -0.12800E+02  0.00000E+00  0.00000E+00  0.39086E+02  0.66230E+02  0.13381E+02   2213  0.00000E+00      0.000
     184.0000  0.26663E+00  0.40645E+00  0.26663E+00  0.40645E+00  0.35564E-05 -0.48960E+02  0.26327E+02 -0.52587E+02  0.23235E+02 -0.36267E+02 -0.19535E+03 -0.14341E+03 -0.13025E+02  0.00000E+00  0.00000E+00  0.38492E+02  0.66230E+02  0.13643E+02   2217  0.00000E+00      0.000
     185.0000  0.80208E-01  0.45763E+00  0.80268E-01  0.45752E+00  0.10639E-05 -0.48880E+02  0.26784E+02 -0.52507E+02  0.23693E+02 -0.36267E+02 -0.28389E+03 -0.19820E+03 -0.12959E+02  0.00000E+00  0.00000E+00  0.37971E+02  0.66450E+02  0.13943E+02   2220  0.00000E+00      0.000
     186.0000 -0.47050E-01  0.33986E+00 -0.47050E-01  0.33986E+00  0.31113E-05 -0.48927E+02  0.27124E+02 -0.52555E+02  0.24033E+02 -0.36267E+02 -0.27131E+03 -0.22218E+03 -0.12716E+02  0.00000E+00  0.00000E+00  0.37678E+02  0.66720E+02  0.14166E+02   2242  0.00000E+00      0.000
     187.0000  0.31081E+00  0.47379E+00  0.16884E+00  0.39344E+00  0.31679E-05 -0.48616E+02  0.27598E+02 -0.52248E+02  0.24476E+02 -0.36267E+02 -0.10000E+07 -0.26388E+05 -0.12425E+02  0.00000E+00  0.00000E+00  0.36954E+02  0.66720E+02  0.14472E+02   2253  0.00000E+00      0.000
     188.0000 -0.23465E+00  0.34352E+00 -0.23465E+00  0.34126E+00 -0.52972E-05 -0.48850E+02  0.27941E+02 -0.52483E+02  0.24809E+02 -0.36267E+02 -0.36599E+03 -0.37378E+03 -0.12206E+02  0.00000E+00  0.00000E+00  0.36858E+02  0.67180E+02  0.14697E+02   2283  0.00000E+00      0.000
     189.0000 -0.30201E+01  0.12186E+00 -0.30201E+01  0.12186E+00  0.42619E-06 -0.51871E+02  0.28063E+02 -0.55503E+02  0.24931E+02 -0.36267E+02 -0.42281E+02 -0.55703E+02 -0.12112E+02  0.00000E+00  0.00000E+00  0.39756E+02  0.70280E+02  0.14777E+02   2325  0.00000E+00      0.000
     190.0000 -0.36405E+00  0.10054E+00 -0.36405E+00  0.10054E+00  0.46724E-05 -0.52235E+02  0.28164E+02 -0.55867E+02  0.25031E+02 -0.36267E+02 -0.77243E+02 -0.77486E+02 -0.12139E+02  0.00000E+00  0.00000E+00  0.40019E+02  0.70710E+02  0.14843E+02   2347  0.00000E+00      0.000
     191.0000 -0.12303E+01  0.21300E+00 -0.12303E+01  0.21300E+00  0.31706E-06 -0.53465E+02  0.28377E+02 -0.57098E+02  0.25244E+02 -0.36267E+02 -0.57300E+02 -0.62298E+02 -0.12033E+02  0.00000E+00  0.00000E+00  0.41037E+02  0.72080E+02  0.14983E+02   2369  0.00000E+00      0.000
     192.0000 -0.37093E+00  0.19676E+00 -0.37092E+00  0.19676E+00 -0.39814E-07 -0.53836E+02  0.28573E+02 -0.57469E+02  0.25441E+02 -0.36267E+02 -0.77738E+02 -0.76597E+02 -0.11241E+02  0.00000E+00  0.00000E+00  0.41211E+02  0.72580E+02  0.15112E+02   2391  0.00000E+00      0.000
     193.0000 -0.51125E-01  0.25743E+00 -0.51125E-01  0.25743E+00  0.53803E-05 -0.53887E+02  0.28831E+02 -0.57520E+02  0.25698E+02 -0.36267E+02 -0.10646E+03 -0.97567E+02 -0.94262E+01  0.00000E+00  0.00000E+00  0.41004E+02  0.72800E+02  0.15281E+02   2413  0.00000E+00      0.000
     194.0000  0.30578E-01  0.38198E+00  0.30578E-01  0.38198E+00  0.97137E-06 -0.53856E+02  0.29213E+02 -0.57491E+02  0.26080E+02 -0.36267E+02 -0.14379E+03 -0.12378E+03 -0.71060E+01  0.00000E+00  0.00000E+00  0.40623E+02  0.73020E+02  0.15530E+02   2416  0.00000E+00      0.000
     195.0000 -0.57076E+00  0.28848E+00 -0.57076E+00  0.28848E+00 -0.15064E-06 -0.54427E+02  0.29501E+02 -0.58061E+02  0.26369E+02 -0.36267E+02 -0.93196E+02 -0.10233E+03 -0.50241E+01  0.00000E+00  0.00000E+00  0.40905E+02  0.73780E+02  0.15719E+02   2438  0.00000E+00      0.000
     196.0000  0.23995E+00  0.36577E+00  0.23995E+00  0.36577E+00  0.14789E-05 -0.54187E+02  0.29867E+02 -0.57822E+02  0.26734E+02 -0.36267E+02 -0.21806E+03 -0.15369E+03 -0.34799E+01  0.00000E+00  0.00000E+00  0.40319E+02  0.73780E+02  0.15958E+02   2442  0.00000E+00      0.000
     197.0000  0.29490E+00  0.44955E+00  0.29926E+00  0.44108E+00 -0.13876E-05 -0.53892E+02  0.30317E+02 -0.57527E+02  0.27180E+02 -0.36267E+02 -0.13536E+04 -0.27831E+03 -0.24044E+01  0.00000E+00  0.00000E+00  0.39616E+02  0.73780E+02  0.16253E+02   2444  0.00000E+00      0.000
     198.0000 -0.38037E+00  0.44151E+00 -0.38037E+00  0.44151E+00 -0.14572E-06 -0.54273E+02  0.30758E+02 -0.57908E+02  0.27620E+02 -0.36267E+02 -0.18472E+03 -0.20747E+03 -0.16268E+01  0.00000E+00  0.00000E+00  0.39556E+02  0.74450E+02  0.16543E+02   2468  0.00000E+00      0.000
     199.0000  0.35372E+00  0.53921E+00  0.14693E+00  0.44321E+00  0.19696E-05 -0.53919E+02  0.31297E+02 -0.57570E+02  0.28122E+02 -0.36267E+02 -0.10000E+07 -0.26408E+05 -0.11934E+01  0.00000E+00  0.00000E+00  0.38732E+02  0.74450E+02  0.16880E+02   2475  0.00000E+00      0.000
     200.0000  0.33797E+00  0.51521E+00  0.17185E-01  0.38289E+00  0.34016E-06 -0.53581E+02  0.31813E+02 -0.57521E+02  0.28524E+02 -0.36267E+02 -0.10000E+07 -0.27072E+05 -0.10374E+01  0.00000E+00  0.00000E+00  0.38271E+02  0.74450E+02  0.16929E+02   2484  0.00000E+00      0.000
     201.0000 -0.54259E+00  0.39239E+00 -0.54259E+00  0.38891E+00  0.19366E-06 -0.54123E+02  0.32205E+02 -0.58064E+02  0.28895E+02 -0.36267E+02 -0.21764E+03 -0.36540E+03 -0.10861E+01  0.00000E+00  0.00000E+00  0.38444E+02  0.75251E+02  0.17187E+02   2524  0.00000E+00      0.000
     202.0000 -0.14128E+01  0.41455E-01 -0.14128E+01  0.41455E-01 -0.26530E-06 -0.55536E+02  0.32246E+02 -0.59477E+02  0.28937E+02 -0.36267E+02 -0.72983E+02 -0.11206E+03 -0.13021E+01  0.00000E+00  0.00000E+00  0.39815E+02  0.76691E+02  0.17214E+02   2552  0.00000E+00      0.000
     203.0000 -0.77896E+00  0.16830E-01 -0.77896E+00  0.16830E-01 -0.28645E-05 -0.56315E+02  0.32263E+02 -0.60256E+02  0.28954E+02 -0.36267E+02 -0.74637E+02 -0.86254E+02 -0.16402E+01  0.00000E+00  0.00000E+00  0.40577E+02  0.77481E+02  0.17225E+02   2574  0.00000E+00      0.000
     204.0000 -0.51553E+00  0.35742E+00 -0.51553E+00  0.35742E+00 -0.63822E-06 -0.56831E+02  0.32621E+02 -0.60771E+02  0.29311E+02 -0.36267E+02 -0.89032E+02 -0.95345E+02 -0.20023E+01  0.00000E+00  0.00000E+00  0.40736E+02  0.78231E+02  0.17460E+02   2596  0.00000E+00      0.000
     205.0000  0.23470E+00  0.35777E+00  0.23470E+00  0.35777E+00  0.30140E-06 -0.56596E+02  0.32979E+02 -0.60536E+02  0.29669E+02 -0.36267E+02 -0.20352E+03 -0.14859E+03 -0.21549E+01  0.00000E+00  0.00000E+00  0.40143E+02  0.78231E+02  0.17694E+02   2600  0.00000E+00      0.000
     206.0000  0.28591E+00  0.43584E+00  0.28760E+00  0.43178E+00  0.15510E-05 -0.56310E+02  0.33414E+02 -0.60252E+02  0.30102E+02 -0.36267E+02 -0.92950E+03 -0.25515E+03 -0.20289E+01  0.00000E+00  0.00000E+00  0.39461E+02  0.78231E+02  0.17979E+02   2602  0.00000E+00      0.000
     207.0000  0.25793E+00  0.40843E+00  0.16661E+00  0.34248E+00  0.14178E-05 -0.56052E+02  0.33823E+02 -0.59994E+02  0.30478E+02 -0.36267E+02 -0.10000E+07 -0.26371E+05 -0.18241E+01  0.00000E+00  0.00000E+00  0.38813E+02  0.78241E+02  0.18247E+02   2610  0.00000E+00      0.000
     208.0000  0.59355E-01  0.27341E+00  0.59355E-01  0.23849E+00  0.43336E-06 -0.55993E+02  0.34096E+02 -0.59934E+02  0.30717E+02 -0.36267E+02 -0.10211E+06 -0.32795E+04 -0.16742E+01  0.00000E+00  0.00000E+00  0.38509E+02  0.78361E+02  0.18426E+02   2621  0.00000E+00      0.000
     209.0000  0.20169E+00  0.33795E+00  0.34474E-01  0.27149E+00 -0.18904E-05 -0.55791E+02  0.34434E+02 -0.59869E+02  0.30993E+02 -0.36267E+02 -0.10000E+07 -0.26823E+05 -0.16632E+01  0.00000E+00  0.00000E+00  0.38168E+02  0.78381E+02  0.18512E+02   2633  0.00000E+00      0.000
     210.0000 -0.36788E+01  0.23052E+00 -0.36788E+01  0.23052E+00  0.13424E-05 -0.59470E+02  0.34665E+02 -0.63548E+02  0.31223E+02 -0.36267E+02 -0.37434E+02 -0.49023E+02 -0.17974E+01  0.00000E+00  0.00000E+00  0.41618E+02  0.82211E+02  0.18663E+02   2705  0.00000E+00      0.000
     211.0000 -0.51873E+01  0.12607E+00 -0.51873E+01  0.12600E+00  0.11666E-06 -0.64657E+02  0.34791E+02 -0.68735E+02  0.31349E+02 -0.36267E+02 -0.24901E+02 -0.25723E+02 -0.19678E+01  0.00000E+00  0.00000E+00  0.46679E+02  0.87481E+02  0.18746E+02   2731  0.00000E+00      0.000
     212.0000 -0.19727E+01  0.26356E-01 -0.19727E+01  0.26356E-01 -0.16048E+01 -0.66630E+02  0.34817E+02 -0.70708E+02  0.31375E+02 -0.36872E+02 -0.38449E+02 -0.38090E+02  0.00000E+00  0.00000E+00  0.00000E+00  0.48020E+02  0.89471E+02  0.18763E+02   2753  0.00000E+00      0.000
     213.0000  0.28925E+00  0.44093E+00  0.28925E+00  0.44093E+00 -0.17231E+01 -0.66341E+02  0.35258E+02 -0.70423E+02  0.31816E+02 -0.38721E+02 -0.96274E+02 -0.78137E+02  0.00000E+00  0.00000E+00  0.00000E+00  0.45523E+02  0.89471E+02  0.19048E+02   2757  0.00000E+00      0.000
     214.0000 -0.79357E+00  0.37566E+00 -0.79357E+00  0.37566E+00 -0.10870E+01 -0.67134E+02  0.35634E+02 -0.71216E+02  0.32192E+02 -0.40077E+02 -0.67566E+02 -0.69278E+02  0.00000E+00  0.00000E+00  0.00000E+00  0.44585E+02  0.90511E+02  0.19294E+02   2779  0.00000E+00      0.000
     215.0000 -0.77879E+01  0.43008E+00 -0.77878E+01  0.26922E+00 -0.16981E+01 -0.74922E+02  0.36064E+02 -0.79004E+02  0.32531E+02 -0.41107E+02 -0.19223E+02 -0.19463E+02  0.00000E+00  0.00000E+00  0.00000E+00  0.50996E+02  0.98580E+02  0.19576E+02   2812  0.00000E+00      0.000
     216.0000 -0.46241E+00  0.43840E+00 -0.46241E+00  0.43840E+00 -0.31104E+01 -0.75385E+02  0.36502E+02 -0.79466E+02  0.32967E+02 -0.44705E+02 -0.61025E+02 -0.56262E+02  0.00000E+00  0.00000E+00  0.00000E+00  0.47426E+02  0.99330E+02  0.19864E+02   2834  0.00000E+00      0.000
     217.0000 -0.17003E+01  0.13678E+00 -0.17003E+01  0.13678E+00 -0.16829E+01 -0.77085E+02  0.36639E+02 -0.81166E+02  0.33104E+02 -0.46868E+02 -0.43723E+02 -0.44551E+02  0.00000E+00  0.00000E+00  0.00000E+00  0.46825E+02  0.10112E+03  0.19954E+02   2856  0.00000E+00      0.000
     218.0000  0.21711E+00  0.33095E+00  0.21711E+00  0.33095E+00 -0.12833E+01 -0.76868E+02  0.36970E+02 -0.80952E+02  0.33434E+02 -0.48292E+02 -0.95166E+02 -0.79556E+02  0.00000E+00  0.00000E+00  0.00000E+00  0.44902E+02  0.10112E+03  0.20168E+02   2860  0.00000E+00      0.000
     219.0000  0.12971E+00  0.21297E+00  0.12971E+00  0.21297E+00 -0.89657E+00 -0.76738E+02  0.37183E+02 -0.80819E+02  0.33647E+02 -0.49281E+02 -0.11920E+03 -0.10027E+03  0.00000E+00  0.00000E+00  0.00000E+00  0.43511E+02  0.10113E+03  0.20311E+02   2862  0.00000E+00      0.000
     220.0000  0.25546E+00  0.38943E+00  0.25546E+00  0.38943E+00 -0.60655E+00 -0.76483E+02  0.37572E+02 -0.80568E+02  0.34037E+02 -0.49953E+02 -0.19162E+03 -0.13570E+03  0.00000E+00  0.00000E+00  0.00000E+00  0.42282E+02  0.10113E+03  0.20562E+02   2864  0.00000E+00      0.000
     221.0000  0.13566E+00  0.28302E+00  0.13566E+00  0.28302E+00 -0.40887E+00 -0.76347E+02  0.37855E+02 -0.80430E+02  0.34320E+02 -0.50407E+02 -0.24116E+03 -0.16720E+03  0.00000E+00  0.00000E+00  0.00000E+00  0.41357E+02  0.10118E+03  0.20751E+02   2866  0.00000E+00      0.000
     222.0000  0.24060E+00  0.36677E+00  0.23877E+00  0.36422E+00 -0.27977E+00 -0.76106E+02  0.38222E+02 -0.80191E+02  0.34684E+02 -0.50687E+02 -0.60129E+03 -0.23100E+03  0.00000E+00  0.00000E+00  0.00000E+00  0.40553E+02  0.10118E+03  0.20989E+02   2867  0.00000E+00      0.000
     223.0000 -0.19095E+01  0.77030E-01 -0.19095E+01  0.77030E-01 -0.17701E+00 -0.78016E+02  0.38299E+02 -0.82100E+02  0.34761E+02 -0.50908E+02 -0.53263E+02 -0.67090E+02  0.00000E+00  0.00000E+00  0.00000E+00  0.42164E+02  0.10314E+03  0.21040E+02   2900  0.00000E+00      0.000
     224.0000 -0.60789E+00  0.10993E+00 -0.60789E+00  0.10993E+00 -0.12472E+00 -0.78624E+02  0.38409E+02 -0.82708E+02  0.34871E+02 -0.51050E+02 -0.70527E+02 -0.72841E+02  0.00000E+00  0.00000E+00  0.00000E+00  0.42520E+02  0.10382E+03  0.21112E+02   2922  0.00000E+00      0.000
     225.0000 -0.96000E+00  0.00000E+00 -0.96000E+00  0.00000E+00 -0.16248E+00 -0.79584E+02  0.38409E+02 -0.83668E+02  0.34871E+02 -0.51189E+02 -0.58630E+02 -0.61403E+02  0.00000E+00  0.00000E+00  0.00000E+00  0.43341E+02  0.10478E+03  0.21112E+02   2944  0.00000E+00      0.000
     226.0000  0.90602E-01  0.13811E+00  0.90601E-01  0.13811E+00 -0.26743E+00 -0.79493E+02  0.38547E+02 -0.83579E+02  0.35009E+02 -0.51415E+02 -0.97513E+02 -0.86533E+02  0.00000E+00  0.00000E+00  0.00000E+00  0.42921E+02  0.10478E+03  0.21201E+02   2948  0.00000E+00      0.000
     227.0000 -0.13978E+00  0.12229E+00 -0.13978E+00  0.12229E+00 -0.33227E+00 -0.79633E+02  0.38669E+02 -0.83719E+02  0.35131E+02 -0.51727E+02 -0.97232E+02 -0.92463E+02  0.00000E+00  0.00000E+00  0.00000E+00  0.42626E+02  0.10500E+03  0.21281E+02   2970  0.00000E+00      0.000
     228.0000 -0.24728E+00  0.14134E+00 -0.24728E+00  0.14134E+00 -0.31415E+00 -0.79880E+02  0.38811E+02 -0.83966E+02  0.35273E+02 -0.52053E+02 -0.94713E+02 -0.93412E+02  0.00000E+00  0.00000E+00  0.00000E+00  0.42406E+02  0.10534E+03  0.21374E+02   2992  0.00000E+00      0.000
     229.0000  0.23056E+00  0.35147E+00  0.23056E+00  0.35147E+00 -0.27084E+00 -0.79650E+02  0.39162E+02 -0.83739E+02  0.35624E+02 -0.52341E+02 -0.17906E+03 -0.13409E+03  0.00000E+00  0.00000E+00  0.00000E+00  0.41589E+02  0.10534E+03  0.21602E+02   2996  0.00000E+00      0.000
     230.0000  0.65577E-01  0.38960E+00  0.65577E-01  0.38960E+00 -0.21931E+00 -0.79584E+02  0.39552E+02 -0.83674E+02  0.36014E+02 -0.52573E+02 -0.21724E+03 -0.16552E+03  0.00000E+00  0.00000E+00  0.00000E+00  0.40920E+02  0.10553E+03  0.21856E+02   2998  0.00000E+00      0.000
     231.0000  0.85602E-02  0.22646E+00  0.85601E-02  0.22646E+00 -0.16405E+00 -0.79575E+02  0.39778E+02 -0.83661E+02  0.36240E+02 -0.52751E+02 -0.23322E+03 -0.18519E+03  0.00000E+00  0.00000E+00  0.00000E+00  0.40426E+02  0.10567E+03  0.22009E+02   3000  0.00000E+00      0.000
     232.0000 -0.58781E+00  0.15578E+00 -0.58781E+00  0.15578E+00 -0.11182E+00 -0.80163E+02  0.39934E+02 -0.84249E+02  0.36396E+02 -0.52886E+02 -0.10490E+03 -0.12519E+03  0.00000E+00  0.00000E+00  0.00000E+00  0.40724E+02  0.10636E+03  0.22111E+02   3022  0.00000E+00      0.000
     233.0000  0.79033E-01  0.24243E+00  0.79033E-01  0.24243E+00 -0.70955E-01 -0.80084E+02  0.40176E+02 -0.84171E+02  0.36639E+02 -0.52971E+02 -0.18149E+03 -0.15408E+03  0.00000E+00  0.00000E+00  0.00000E+00  0.40339E+02  0.10644E+03  0.22269E+02   3026  0.00000E+00      0.000
     234.0000  0.15752E-01  0.23743E+00  0.15752E-01  0.23743E+00 -0.44833E-01 -0.80068E+02  0.40414E+02 -0.84155E+02  0.36876E+02 -0.53021E+02 -0.20679E+03 -0.17492E+03  0.00000E+00  0.00000E+00  0.00000E+00  0.40032E+02  0.10658E+03  0.22425E+02   3028  0.00000E+00      0.000
     235.0000 -0.85511E+00  0.37936E-01 -0.85511E+00  0.37936E-01 -0.25169E-01 -0.80924E+02  0.40452E+02 -0.85010E+02  0.36914E+02 -0.53055E+02 -0.82115E+02 -0.10092E+03  0.00000E+00  0.00000E+00  0.00000E+00  0.40816E+02  0.10746E+03  0.22450E+02   3050  0.00000E+00      0.000
     236.0000 -0.20926E+00  0.15357E+00 -0.20926E+00  0.15357E+00 -0.12812E-01 -0.81133E+02  0.40605E+02 -0.85220E+02  0.37067E+02 -0.53072E+02 -0.10830E+03 -0.10968E+03  0.00000E+00  0.00000E+00  0.00000E+00  0.40854E+02  0.10777E+03  0.22551E+02   3072  0.00000E+00      0.000
     237.0000  0.11146E+00  0.35283E+00  0.11146E+00  0.35283E+00 -0.15717E-01 -0.81021E+02  0.40958E+02 -0.85111E+02  0.37420E+02 -0.53085E+02 -0.18340E+03 -0.14864E+03  0.00000E+00  0.00000E+00  0.00000E+00  0.40426E+02  0.10789E+03  0.22780E+02   3076  0.00000E+00      0.000
     238.0000 -0.35397E+00  0.39683E-01 -0.35397E+00  0.39682E-01 -0.24246E-01 -0.81375E+02  0.40998E+02 -0.85465E+02  0.37460E+02 -0.53106E+02 -0.10848E+03 -0.11766E+03  0.00000E+00  0.00000E+00  0.00000E+00  0.40720E+02  0.10827E+03  0.22806E+02   3098  0.00000E+00      0.000
     239.0000 -0.13804E+01  0.12128E+00 -0.13804E+01  0.12128E+00 -0.27646E-01 -0.82756E+02  0.41119E+02 -0.86845E+02  0.37581E+02 -0.53133E+02 -0.58912E+02 -0.68711E+02  0.00000E+00  0.00000E+00  0.00000E+00  0.41952E+02  0.10973E+03  0.22885E+02   3120  0.00000E+00      0.000
     240.0000  0.22577E+00  0.34416E+00  0.22577E+00  0.34416E+00 -0.48233E-01 -0.82530E+02  0.41463E+02 -0.86621E+02  0.37925E+02 -0.53171E+02 -0.13962E+03 -0.11350E+03  0.00000E+00  0.00000E+00  0.00000E+00  0.41389E+02  0.10973E+03  0.23109E+02   3124  0.00000E+00      0.000
     241.0000 -0.16959E+01  0.25022E+00 -0.16959E+01  0.25022E+00 -0.89747E-01 -0.84226E+02  0.41714E+02 -0.88317E+02  0.38176E+02 -0.53241E+02 -0.52627E+02 -0.60618E+02  0.00000E+00  0.00000E+00  0.00000E+00  0.42764E+02  0.11159E+03  0.23273E+02   3147  0.00000E+00      0.000
     242.0000 -0.14842E+01  0.87681E-02 -0.14842E+01  0.87681E-02 -0.16511E+00 -0.85710E+02  0.41722E+02 -0.89799E+02  0.38184E+02 -0.53371E+02 -0.48371E+02 -0.50976E+02  0.00000E+00  0.00000E+00  0.00000E+00  0.44050E+02  0.11308E+03  0.23279E+02   3151  0.00000E+00      0.000
     243.0000 -0.25207E+01  0.90438E-01 -0.25207E+01  0.90438E-01 -0.44049E+00 -0.88231E+02  0.41813E+02 -0.92319E+02  0.38275E+02 -0.53660E+02 -0.36611E+02 -0.37963E+02  0.00000E+00  0.00000E+00  0.00000E+00  0.46191E+02  0.11566E+03  0.23338E+02   3173  0.00000E+00      0.000
     244.0000 -0.21569E+01  0.35245E-01 -0.21569E+01  0.35245E-01 -0.12321E+01 -0.90388E+02  0.41848E+02 -0.94475E+02  0.38310E+02 -0.54570E+02 -0.37896E+02 -0.38229E+02  0.00000E+00  0.00000E+00  0.00000E+00  0.47388E+02  0.11784E+03  0.23361E+02   3177  0.00000E+00      0.000
     245.0000 -0.13751E+01  0.68474E-01 -0.13751E+01  0.68474E-01 -0.17112E+01 -0.91763E+02  0.41917E+02 -0.95851E+02  0.38379E+02 -0.56146E+02 -0.45312E+02 -0.44924E+02  0.00000E+00  0.00000E+00  0.00000E+00  0.47119E+02  0.11926E+03  0.23406E+02   3199  0.00000E+00      0.000
     246.0000  0.13078E+00  0.19935E+00  0.13078E+00  0.19935E+00 -0.14202E+01 -0.91632E+02  0.42116E+02 -0.95721E+02  0.38578E+02 -0.57710E+02 -0.84919E+02 -0.73378E+02  0.00000E+00  0.00000E+00  0.00000E+00  0.45257E+02  0.11926E+03  0.23535E+02   3203  0.00000E+00      0.000
     247.0000  0.22669E+00  0.34556E+00  0.22669E+00  0.34556E+00 -0.97596E+00 -0.91405E+02  0.42461E+02 -0.95498E+02  0.38924E+02 -0.58791E+02 -0.12533E+03 -0.10074E+03  0.00000E+00  0.00000E+00  0.00000E+00  0.43678E+02  0.11926E+03  0.23758E+02   3205  0.00000E+00      0.000
     248.0000  0.14818E+00  0.22588E+00  0.14818E+00  0.22588E+00 -0.65273E+00 -0.91257E+02  0.42687E+02 -0.95347E+02  0.39149E+02 -0.59517E+02 -0.15513E+03 -0.12354E+03  0.00000E+00  0.00000E+00  0.00000E+00  0.42518E+02  0.11926E+03  0.23909E+02   3207  0.00000E+00      0.000
     249.0000  0.16040E+00  0.27499E+00  0.15794E+00  0.27499E+00 -0.45046E+00 -0.91097E+02  0.42962E+02 -0.95189E+02  0.39424E+02 -0.59967E+02 -0.19510E+03 -0.14647E+03  0.00000E+00  0.00000E+00  0.00000E+00  0.41681E+02  0.11928E+03  0.24087E+02   3208  0.00000E+00      0.000
     250.0000  0.18760E+00  0.28598E+00  0.18705E+00  0.28598E+00 -0.30976E+00 -0.90909E+02  0.43248E+02 -0.95002E+02  0.39710E+02 -0.60277E+02 -0.29811E+03 -0.18477E+03  0.00000E+00  0.00000E+00  0.00000E+00  0.40909E+02  0.11928E+03  0.24274E+02   3209  0.00000E+00      0.000
     251.0000  0.23640E+00  0.37561E+00  0.23978E+00  0.36379E+00 -0.21062E+00 -0.90673E+02  0.43624E+02 -0.94762E+02  0.40074E+02 -0.60487E+02 -0.10422E+04 -0.27183E+03  0.00000E+00  0.00000E+00  0.00000E+00  0.40176E+02  0.11929E+03  0.24524E+02   3210  0.00000E+00      0.000
     252.0000 -0.22862E+01  0.20391E+00 -0.22862E+01  0.20391E+00 -0.13070E+00 -0.92959E+02  0.43828E+02 -0.97049E+02  0.40278E+02 -0.60653E+02 -0.49619E+02 -0.63588E+02  0.00000E+00  0.00000E+00  0.00000E+00  0.42092E+02  0.12171E+03  0.24658E+02   3248  0.00000E+00      0.000
     253.0000  0.38954E-01  0.13560E+00  0.38953E-01  0.13560E+00 -0.92562E-01 -0.92920E+02  0.43963E+02 -0.97009E+02  0.40414E+02 -0.60756E+02 -0.10314E+03 -0.94294E+02  0.00000E+00  0.00000E+00  0.00000E+00  0.41808E+02  0.12176E+03  0.24747E+02   3254  0.00000E+00      0.000
     254.0000 -0.98702E+00  0.50271E-01 -0.98702E+00  0.50271E-01 -0.11336E+00 -0.93907E+02  0.44014E+02 -0.97996E+02  0.40464E+02 -0.60857E+02 -0.62598E+02 -0.68284E+02  0.00000E+00  0.00000E+00  0.00000E+00  0.42644E+02  0.12278E+03  0.24780E+02   3276  0.00000E+00      0.000
     255.0000 -0.18910E+00  0.47097E-01 -0.18911E+00  0.47097E-01 -0.16903E+00 -0.94096E+02  0.44061E+02 -0.98185E+02  0.40511E+02 -0.60999E+02 -0.84290E+02 -0.81086E+02  0.00000E+00  0.00000E+00  0.00000E+00  0.42644E+02  0.12300E+03  0.24811E+02   3298  0.00000E+00      0.000
     256.0000 -0.36808E+01  0.29229E-01 -0.36808E+01  0.29229E-01 -0.26569E+00 -0.97777E+02  0.44090E+02 -0.10187E+03  0.40540E+02 -0.61212E+02 -0.30716E+02 -0.32353E+02  0.00000E+00  0.00000E+00  0.00000E+00  0.46083E+02  0.12670E+03  0.24830E+02   3323  0.00000E+00      0.000
     257.0000 -0.11476E+01  0.18908E-01 -0.11476E+01  0.18908E-01 -0.10331E+01 -0.98924E+02  0.44109E+02 -0.10301E+03  0.40559E+02 -0.61845E+02 -0.47454E+02 -0.46444E+02  0.00000E+00  0.00000E+00  0.00000E+00  0.46578E+02  0.12786E+03  0.24843E+02   3345  0.00000E+00      0.000
     258.0000  0.19776E+00  0.30147E+00  0.19776E+00  0.30147E+00 -0.12249E+01 -0.98727E+02  0.44410E+02 -0.10282E+03  0.40861E+02 -0.63080E+02 -0.93283E+02 -0.78578E+02  0.00000E+00  0.00000E+00  0.00000E+00  0.44914E+02  0.12786E+03  0.25037E+02   3349  0.00000E+00      0.000
     259.0000  0.97468E-01  0.14858E+00  0.97469E-01  0.14858E+00 -0.89308E+00 -0.98629E+02  0.44559E+02 -0.10272E+03  0.41009E+02 -0.64058E+02 -0.11132E+03 -0.95901E+02  0.00000E+00  0.00000E+00  0.00000E+00  0.43614E+02  0.12786E+03  0.25138E+02   3351  0.00000E+00      0.000
     260.0000  0.14014E+00  0.21363E+00  0.14014E+00  0.21363E+00 -0.61604E+00 -0.98489E+02  0.44773E+02 -0.10258E+03  0.41223E+02 -0.64737E+02 -0.13782E+03 -0.11428E+03  0.00000E+00  0.00000E+00  0.00000E+00  0.42614E+02  0.12786E+03  0.25277E+02   3353  0.00000E+00      0.000
     261.0000  0.10747E+00  0.16383E+00  0.10996E+00  0.16383E+00 -0.43659E+00 -0.98382E+02  0.44936E+02 -0.10247E+03  0.41387E+02 -0.65174E+02 -0.16168E+03 -0.13200E+03  0.00000E+00  0.00000E+00  0.00000E+00  0.41856E+02  0.12786E+03  0.25387E+02   3354  0.00000E+00      0.000
     262.0000  0.16378E+00  0.24967E+00  0.15949E+00  0.24967E+00 -0.30953E+00 -0.98218E+02  0.45186E+02 -0.10231E+03  0.41636E+02 -0.65483E+02 -0.20309E+03 -0.15301E+03  0.00000E+00  0.00000E+00  0.00000E+00  0.41219E+02  0.12786E+03  0.25546E+02   3355  0.00000E+00      0.000
     263.0000 -0.17618E+01  0.19546E+00 -0.17618E+01  0.19546E+00 -0.20897E+00 -0.99980E+02  0.45382E+02 -0.10407E+03  0.41832E+02 -0.65735E+02 -0.53974E+02 -0.64920E+02  0.00000E+00  0.00000E+00  0.00000E+00  0.42534E+02  0.12975E+03  0.25674E+02   3380  0.00000E+00      0.000
     264.0000 -0.13923E+01  0.87972E-01 -0.13923E+01  0.87972E-01 -0.17307E+00 -0.10137E+03  0.45470E+02 -0.10546E+03  0.41920E+02 -0.65915E+02 -0.51025E+02 -0.54368E+02  0.00000E+00  0.00000E+00  0.00000E+00  0.43658E+02  0.13120E+03  0.25732E+02   3402  0.00000E+00      0.000
     265.0000 -0.72982E+00  0.61255E-01 -0.72982E+00  0.61255E-01 -0.29911E+00 -0.10210E+03  0.45531E+02 -0.10619E+03  0.41981E+02 -0.66144E+02 -0.60440E+02 -0.60476E+02  0.00000E+00  0.00000E+00  0.00000E+00  0.44097E+02  0.13197E+03  0.25772E+02   3424  0.00000E+00      0.000
     266.0000  0.87782E-01  0.13381E+00  0.87783E-01  0.13381E+00 -0.46631E+00 -0.10201E+03  0.45665E+02 -0.10611E+03  0.42115E+02 -0.66557E+02 -0.94754E+02 -0.83744E+02  0.00000E+00  0.00000E+00  0.00000E+00  0.43481E+02  0.13197E+03  0.25859E+02   3428  0.00000E+00      0.000
     267.0000 -0.89177E+00  0.22596E+00 -0.89177E+00  0.22596E+00 -0.48389E+00 -0.10291E+03  0.45891E+02 -0.10700E+03  0.42341E+02 -0.67045E+02 -0.64814E+02 -0.68514E+02  0.00000E+00  0.00000E+00  0.00000E+00  0.43658E+02  0.13301E+03  0.26007E+02   3450  0.00000E+00      0.000
     268.0000 -0.14172E+00  0.43106E-01 -0.14172E+00  0.43106E-01 -0.44582E+00 -0.10305E+03  0.45934E+02 -0.10714E+03  0.42384E+02 -0.67506E+02 -0.84954E+02 -0.80308E+02  0.00000E+00  0.00000E+00  0.00000E+00  0.43296E+02  0.13318E+03  0.26036E+02   3472  0.00000E+00      0.000
     269.0000 -0.29290E-01  0.46815E-01 -0.29289E-01  0.46815E-01 -0.41431E+00 -0.10308E+03  0.45981E+02 -0.10717E+03  0.42431E+02 -0.67936E+02 -0.98259E+02 -0.90753E+02  0.00000E+00  0.00000E+00  0.00000E+00  0.42849E+02  0.13324E+03  0.26066E+02   3494  0.00000E+00      0.000
     270.0000  0.13949E+00  0.21264E+00  0.13949E+00  0.21264E+00 -0.35867E+00 -0.10294E+03  0.46193E+02 -0.10703E+03  0.42643E+02 -0.68314E+02 -0.13461E+03 -0.11321E+03  0.00000E+00  0.00000E+00  0.00000E+00  0.42160E+02  0.13324E+03  0.26204E+02   3497  0.00000E+00      0.000
     271.0000  0.16375E+00  0.24961E+00  0.16375E+00  0.24961E+00 -0.28955E+00 -0.10277E+03  0.46443E+02 -0.10687E+03  0.42893E+02 -0.68621E+02 -0.18094E+03 -0.14012E+03  0.00000E+00  0.00000E+00  0.00000E+00  0.41458E+02  0.13324E+03  0.26367E+02   3499  0.00000E+00      0.000
     272.0000  0.12434E+00  0.18954E+00  0.12434E+00  0.18954E+00 -0.22014E+00 -0.10265E+03  0.46632E+02 -0.10674E+03  0.43083E+02 -0.68858E+02 -0.21823E+03 -0.16355E+03  0.00000E+00  0.00000E+00  0.00000E+00  0.40877E+02  0.13324E+03  0.26492E+02   3501  0.00000E+00      0.000
     273.0000 -0.10593E+01  0.21441E+00 -0.10593E+01  0.21441E+00 -0.15689E+00 -0.10371E+03  0.46847E+02 -0.10780E+03  0.43297E+02 -0.69043E+02 -0.74988E+02 -0.91834E+02  0.00000E+00  0.00000E+00  0.00000E+00  0.41537E+02  0.13444E+03  0.26633E+02   3524  0.00000E+00      0.000
end
